[2025-07-29 11:07:14] [INFO] 开始克隆任务: 模板=macos10.12.vmx, 数量=3
[2025-07-29 11:07:14] [INFO] 目标目录: D:\macos_vm\NewVM\10.12
[2025-07-29 11:07:14] [INFO] 开始创建虚拟机快照...
[2025-07-29 11:07:14] [INFO] 执行快照命令: C:\Program Files (x86)\VMware\VMware Workstation\vmrun.exe -T ws snapshot D:\macos_vm\TemplateVM\macos10.12\macos10.12.vmx macos10.12_snapshot_20250729_110714
[2025-07-29 11:07:15] [INFO] 快照命令执行完成，返回码: 0, 耗时: 0.79秒
[2025-07-29 11:07:15] [SUCCESS] 虚拟机快照创建成功: macos10.12_snapshot_20250729_110714
[2025-07-29 11:07:15] [INFO] 找到 117 个plist文件，需要克隆 3 个虚拟机
[2025-07-29 11:07:15] [INFO] 开始克隆第 1/3 个虚拟机: VM_20250729_110715_1.vmx
[2025-07-29 11:07:15] [INFO] 虚拟机文件夹: D:\macos_vm\NewVM\10.12\VM_20250729_110715_1
[2025-07-29 11:07:15] [INFO] 使用配置文件: config_1.plist
[2025-07-29 11:07:15] [INFO] 从快照克隆: macos10.12_snapshot_20250729_110714
[2025-07-29 11:07:15] [INFO] 执行克隆命令: C:\Program Files (x86)\VMware\VMware Workstation\vmrun.exe clone D:\macos_vm\TemplateVM\macos10.12\macos10.12.vmx D:\macos_vm\NewVM\10.12\VM_20250729_110715_1\VM_20250729_110715_1.vmx linked -snapshot macos10.12_snapshot_20250729_110714
[2025-07-29 11:07:16] [INFO] 克隆命令执行完成，返回码: 0, 耗时: 1.00秒
[2025-07-29 11:07:16] [SUCCESS] 虚拟机 VM_20250729_110715_1.vmx 克隆成功
[2025-07-29 11:07:16] [INFO] 虚拟机 VM_20250729_110715_1.vmx 的displayName已更新为: VM_20250729_110715_1
[2025-07-29 11:07:17] [INFO] 开始克隆第 2/3 个虚拟机: VM_20250729_110717_2.vmx
[2025-07-29 11:07:17] [INFO] 虚拟机文件夹: D:\macos_vm\NewVM\10.12\VM_20250729_110717_2
[2025-07-29 11:07:17] [INFO] 使用配置文件: config_10.plist
[2025-07-29 11:07:17] [INFO] 从快照克隆: macos10.12_snapshot_20250729_110714
[2025-07-29 11:07:17] [INFO] 执行克隆命令: C:\Program Files (x86)\VMware\VMware Workstation\vmrun.exe clone D:\macos_vm\TemplateVM\macos10.12\macos10.12.vmx D:\macos_vm\NewVM\10.12\VM_20250729_110717_2\VM_20250729_110717_2.vmx linked -snapshot macos10.12_snapshot_20250729_110714
[2025-07-29 11:07:18] [INFO] 克隆命令执行完成，返回码: 0, 耗时: 0.97秒
[2025-07-29 11:07:18] [SUCCESS] 虚拟机 VM_20250729_110717_2.vmx 克隆成功
[2025-07-29 11:07:18] [INFO] 虚拟机 VM_20250729_110717_2.vmx 的displayName已更新为: VM_20250729_110717_2
[2025-07-29 11:07:19] [INFO] 开始克隆第 3/3 个虚拟机: VM_20250729_110719_3.vmx
[2025-07-29 11:07:19] [INFO] 虚拟机文件夹: D:\macos_vm\NewVM\10.12\VM_20250729_110719_3
[2025-07-29 11:07:19] [INFO] 使用配置文件: config_100.plist
[2025-07-29 11:07:19] [INFO] 从快照克隆: macos10.12_snapshot_20250729_110714
[2025-07-29 11:07:19] [INFO] 执行克隆命令: C:\Program Files (x86)\VMware\VMware Workstation\vmrun.exe clone D:\macos_vm\TemplateVM\macos10.12\macos10.12.vmx D:\macos_vm\NewVM\10.12\VM_20250729_110719_3\VM_20250729_110719_3.vmx linked -snapshot macos10.12_snapshot_20250729_110714
[2025-07-29 11:07:20] [INFO] 克隆命令执行完成，返回码: 0, 耗时: 1.00秒
[2025-07-29 11:07:20] [SUCCESS] 虚拟机 VM_20250729_110719_3.vmx 克隆成功
[2025-07-29 11:07:20] [INFO] 虚拟机 VM_20250729_110719_3.vmx 的displayName已更新为: VM_20250729_110719_3
[2025-07-29 11:07:21] [SUCCESS] 所有虚拟机克隆完成！成功: 3
