[2025-07-29 11:06:43] [INFO] 开始克隆任务: 模板=macos10.12.vmx, 数量=3
[2025-07-29 11:06:43] [INFO] 目标目录: D:\macos_vm\NewVM\10.12
[2025-07-29 11:06:43] [INFO] 开始创建虚拟机快照...
[2025-07-29 11:06:44] [SUCCESS] 虚拟机快照创建成功: macos10.12_snapshot_20250729_110643
[2025-07-29 11:06:44] [INFO] 找到 117 个plist文件，需要克隆 3 个虚拟机
[2025-07-29 11:06:44] [INFO] 开始克隆第 1/3 个虚拟机: VM_20250729_110644_1.vmx
[2025-07-29 11:06:44] [INFO] 虚拟机文件夹: D:\macos_vm\NewVM\10.12\VM_20250729_110644_1
[2025-07-29 11:06:44] [INFO] 使用配置文件: config_1.plist
[2025-07-29 11:06:44] [INFO] 从快照克隆: macos10.12_snapshot_20250729_110643
[2025-07-29 11:06:45] [SUCCESS] 虚拟机 VM_20250729_110644_1.vmx 克隆成功
[2025-07-29 11:06:45] [INFO] 虚拟机 VM_20250729_110644_1.vmx 的displayName已更新为: VM_20250729_110644_1
[2025-07-29 11:06:46] [INFO] 开始克隆第 2/3 个虚拟机: VM_20250729_110646_2.vmx
[2025-07-29 11:06:46] [INFO] 虚拟机文件夹: D:\macos_vm\NewVM\10.12\VM_20250729_110646_2
[2025-07-29 11:06:46] [INFO] 使用配置文件: config_10.plist
[2025-07-29 11:06:46] [INFO] 从快照克隆: macos10.12_snapshot_20250729_110643
[2025-07-29 11:06:47] [SUCCESS] 虚拟机 VM_20250729_110646_2.vmx 克隆成功
[2025-07-29 11:06:47] [INFO] 虚拟机 VM_20250729_110646_2.vmx 的displayName已更新为: VM_20250729_110646_2
[2025-07-29 11:06:48] [INFO] 开始克隆第 3/3 个虚拟机: VM_20250729_110648_3.vmx
[2025-07-29 11:06:48] [INFO] 虚拟机文件夹: D:\macos_vm\NewVM\10.12\VM_20250729_110648_3
[2025-07-29 11:06:48] [INFO] 使用配置文件: config_100.plist
[2025-07-29 11:06:48] [INFO] 从快照克隆: macos10.12_snapshot_20250729_110643
[2025-07-29 11:06:49] [SUCCESS] 虚拟机 VM_20250729_110648_3.vmx 克隆成功
[2025-07-29 11:06:49] [INFO] 虚拟机 VM_20250729_110648_3.vmx 的displayName已更新为: VM_20250729_110648_3
[2025-07-29 11:06:50] [SUCCESS] 所有虚拟机克隆完成！成功: 3
