[2025-07-29 10:53:22] [INFO] 开始克隆任务: 模板=macos10.12.vmx, 数量=3
[2025-07-29 10:53:22] [INFO] 目标目录: D:\macos_vm\NewVM\10.12
[2025-07-29 10:53:22] [INFO] 开始创建虚拟机快照...
[2025-07-29 10:53:23] [SUCCESS] 虚拟机快照创建成功: macos10.12_snapshot_20250729_105322
[2025-07-29 10:53:23] [INFO] 找到 117 个plist文件，需要克隆 3 个虚拟机
[2025-07-29 10:53:23] [INFO] 开始克隆第 1/3 个虚拟机: VM_20250729_105323_1.vmx
[2025-07-29 10:53:23] [INFO] 虚拟机文件夹: D:\macos_vm\NewVM\10.12\VM_20250729_105323_1
[2025-07-29 10:53:23] [INFO] 使用配置文件: config_1.plist
[2025-07-29 10:53:23] [INFO] 从快照克隆: macos10.12_snapshot_20250729_105322
[2025-07-29 10:53:24] [SUCCESS] 虚拟机 VM_20250729_105323_1.vmx 克隆成功
[2025-07-29 10:53:24] [INFO] 虚拟机 VM_20250729_105323_1.vmx 的displayName已更新为: VM_20250729_105323_1
[2025-07-29 10:53:25] [INFO] 开始克隆第 2/3 个虚拟机: VM_20250729_105325_2.vmx
[2025-07-29 10:53:25] [INFO] 虚拟机文件夹: D:\macos_vm\NewVM\10.12\VM_20250729_105325_2
[2025-07-29 10:53:25] [INFO] 使用配置文件: config_10.plist
[2025-07-29 10:53:25] [INFO] 从快照克隆: macos10.12_snapshot_20250729_105322
[2025-07-29 10:53:26] [SUCCESS] 虚拟机 VM_20250729_105325_2.vmx 克隆成功
[2025-07-29 10:53:26] [INFO] 虚拟机 VM_20250729_105325_2.vmx 的displayName已更新为: VM_20250729_105325_2
[2025-07-29 10:53:27] [INFO] 开始克隆第 3/3 个虚拟机: VM_20250729_105327_3.vmx
[2025-07-29 10:53:27] [INFO] 虚拟机文件夹: D:\macos_vm\NewVM\10.12\VM_20250729_105327_3
[2025-07-29 10:53:27] [INFO] 使用配置文件: config_100.plist
[2025-07-29 10:53:27] [INFO] 从快照克隆: macos10.12_snapshot_20250729_105322
[2025-07-29 10:53:28] [SUCCESS] 虚拟机 VM_20250729_105327_3.vmx 克隆成功
[2025-07-29 10:53:28] [INFO] 虚拟机 VM_20250729_105327_3.vmx 的displayName已更新为: VM_20250729_105327_3
[2025-07-29 10:53:29] [SUCCESS] 所有虚拟机克隆完成！成功: 3
