另一个程序正在使用此文件，进程无法访问。
已复制         0 个文件。
D:\macos_vm\bat\..\TemplateVM\macos10.15\macos10.15.nvram
D:\macos_vm\bat\..\TemplateVM\macos10.15\macos10.15.vmdk
D:\macos_vm\bat\..\TemplateVM\macos10.15\macos10.15.vmx
复制了 3 个文件
移动了         1 个文件。
移动了         1 个文件。
系统找不到指定的文件。
移动了         1 个文件。
D:\macos_vm\bat\..\TemplateVM\macos10.15\macos10.15.nvram
D:\macos_vm\bat\..\TemplateVM\macos10.15\macos10.15.vmdk
D:\macos_vm\bat\..\TemplateVM\macos10.15\macos10.15.vmx
复制了 3 个文件
移动了         1 个文件。
移动了         1 个文件。
系统找不到指定的文件。
移动了         1 个文件。
Password:Volume EFI on disk0s1 mounted
:/Volumes/EFI/CLOVER/config.plist: No such file or directory
Password:Volume EFI on disk0s1 mounted
:/Volumes/EFI/CLOVER/config.plist: No such file or directory
另一个程序正在使用此文件，进程无法访问。
已复制         0 个文件。
D:\macos_vm\bat\..\TemplateVM\macos10.15\macos10.15.nvram
D:\macos_vm\bat\..\TemplateVM\macos10.15\macos10.15.vmdk
D:\macos_vm\bat\..\TemplateVM\macos10.15\macos10.15.vmx
复制了 3 个文件
移动了         1 个文件。
移动了         1 个文件。
系统找不到指定的文件。
移动了         1 个文件。
D:\macos_vm\bat\..\TemplateVM\macos10.15\macos10.15.nvram
D:\macos_vm\bat\..\TemplateVM\macos10.15\macos10.15.vmdk
D:\macos_vm\bat\..\TemplateVM\macos10.15\macos10.15.vmx
复制了 3 个文件
移动了         1 个文件。
移动了         1 个文件。
系统找不到指定的文件。
移动了         1 个文件。
Password:Volume EFI on disk0s1 mounted
:/Volumes/EFI/CLOVER/config.plist: No such file or directory
Password:Volume EFI on disk0s1 mounted
:/Volumes/EFI/CLOVER/config.plist: No such file or directory
Password:Volume EFI on disk0s1 mounted
:/Volumes/EFI/CLOVER/config.plist: No such file or directory
Password:Volume EFI on disk0s1 mounted
:/Volumes/EFI/CLOVER/config.plist: No such file or directory
Password:Volume EFI on disk0s1 mounted
:/Volumes/EFI/CLOVER/config.plist: No such file or directory
Password:Volume EFI on disk0s1 mounted
:/Volumes/EFI/CLOVER/config.plist: No such file or directory
另一个程序正在使用此文件，进程无法访问。
已复制         0 个文件。
D:\macos_vm\bat\..\TemplateVM\macos10.15\macos10.15.nvram
D:\macos_vm\bat\..\TemplateVM\macos10.15\macos10.15.vmdk
系统找不到指定的文件。
系统找不到指定的文件。
另一个程序正在使用此文件，进程无法访问。
已复制         0 个文件。
D:\macos_vm\bat\..\TemplateVM\macos10.15\macos10.15.nvram
D:\macos_vm\bat\..\TemplateVM\macos10.15\macos10.15.vmdk
^C另一个程序正在使用此文件，进程无法访问。
已复制         0 个文件。
D:\macos_vm\bat\..\TemplateVM\macos10.15\macos10.15.nvram
D:\macos_vm\bat\..\TemplateVM\macos10.15\macos10.15.vmdk
^C另一个程序正在使用此文件，进程无法访问。
已复制         0 个文件。
D:\macos_vm\bat\..\TemplateVM\macos10.15\macos10.15.nvram
D:\macos_vm\bat\..\TemplateVM\macos10.15\macos10.15.vmdk
D:\macos_vm\bat\..\TemplateVM\macos10.15\macos10.15.vmx
复制了 3 个文件
移动了         1 个文件。
移动了         1 个文件。
系统找不到指定的文件。
移动了         1 个文件。
D:\macos_vm\bat\..\TemplateVM\macos10.15\macos10.15.nvram
D:\macos_vm\bat\..\TemplateVM\macos10.15\macos10.15.vmdk
D:\macos_vm\bat\..\TemplateVM\macos10.15\macos10.15.vmx
复制了 3 个文件
移动了         1 个文件。
移动了         1 个文件。
系统找不到指定的文件。
移动了         1 个文件。
Password:Volume EFI on disk0s1 mounted
:/Volumes/EFI/CLOVER/config.plist: No such file or directory
Password:Volume EFI on disk0s1 mounted
:/Volumes/EFI/CLOVER/config.plist: No such file or directory
另一个程序正在使用此文件，进程无法访问。
已复制         0 个文件。
D:\macos_vm\bat\..\TemplateVM\macos10.15\macos10.15.nvram
D:\macos_vm\bat\..\TemplateVM\macos10.15\macos10.15.vmdk
D:\macos_vm\bat\..\TemplateVM\macos10.15\macos10.15.vmx
复制了 3 个文件
移动了         1 个文件。
移动了         1 个文件。
系统找不到指定的文件。
移动了         1 个文件。
D:\macos_vm\bat\..\TemplateVM\macos10.15\macos10.15.nvram
D:\macos_vm\bat\..\TemplateVM\macos10.15\macos10.15.vmdk
D:\macos_vm\bat\..\TemplateVM\macos10.15\macos10.15.vmx
复制了 3 个文件
移动了         1 个文件。
移动了         1 个文件。
系统找不到指定的文件。
移动了         1 个文件。
另一个程序正在使用此文件，进程无法访问。
已复制         0 个文件。
D:\macos_vm\bat\..\TemplateVM\macos10.15\macos10.15.nvram
D:\macos_vm\bat\..\TemplateVM\macos10.15\macos10.15.vmdk
D:\macos_vm\bat\..\TemplateVM\macos10.15\macos10.15.vmx
复制了 3 个文件
移动了         1 个文件。
移动了         1 个文件。
系统找不到指定的文件。
移动了         1 个文件。
D:\macos_vm\bat\..\TemplateVM\macos10.15\macos10.15.nvram
D:\macos_vm\bat\..\TemplateVM\macos10.15\macos10.15.vmdk
D:\macos_vm\bat\..\TemplateVM\macos10.15\macos10.15.vmx
复制了 3 个文件
移动了         1 个文件。
移动了         1 个文件。
系统找不到指定的文件。
移动了         1 个文件。
Password:Volume EFI on disk0s1 mounted
:/Volumes/EFI/CLOVER/config.plist: No such file or directory
Password:Volume EFI on disk0s1 mounted
:/Volumes/EFI/CLOVER/config.plist: No such file or directory
另一个程序正在使用此文件，进程无法访问。
已复制         0 个文件。
D:\macos_vm\bat\..\TemplateVM\macos10.15\macos10.15.nvram
D:\macos_vm\bat\..\TemplateVM\macos10.15\macos10.15.vmdk
磁盘空间不足
复制了 1 个文件
移动了         1 个文件。
系统找不到指定的文件。
系统找不到指定的文件。
移动了         1 个文件。
D:\macos_vm\bat\..\TemplateVM\macos10.15\macos10.15.nvram
D:\macos_vm\bat\..\TemplateVM\macos10.15\macos10.15.vmdk
磁盘空间不足
复制了 1 个文件
移动了         1 个文件。
系统找不到指定的文件。
系统找不到指定的文件。
移动了         1 个文件。
另一个程序正在使用此文件，进程无法访问。
已复制         0 个文件。
D:\macos_vm\bat\..\TemplateVM\macos10.15\macos10.15.nvram
D:\macos_vm\bat\..\TemplateVM\macos10.15\macos10.15.vmdk
D:\macos_vm\bat\..\TemplateVM\macos10.15\macos10.15.vmx
复制了 3 个文件
移动了         1 个文件。
移动了         1 个文件。
系统找不到指定的文件。
移动了         1 个文件。
D:\macos_vm\bat\..\TemplateVM\macos10.15\macos10.15.nvram
D:\macos_vm\bat\..\TemplateVM\macos10.15\macos10.15.vmdk
D:\macos_vm\bat\..\TemplateVM\macos10.15\macos10.15.vmx
复制了 3 个文件
移动了         1 个文件。
移动了         1 个文件。
系统找不到指定的文件。
移动了         1 个文件。
Password:Volume EFI on disk0s1 mounted
:/Volumes/EFI/CLOVER/config.plist: No such file or directory
Password:Volume EFI on disk0s1 mounted
:/Volumes/EFI/CLOVER/config.plist: No such file or directory
另一个程序正在使用此文件，进程无法访问。
已复制         0 个文件。
D:\macos_vm\bat\..\TemplateVM\macos10.15\macos10.15.nvram
D:\macos_vm\bat\..\TemplateVM\macos10.15\macos10.15.vmdk
D:\macos_vm\bat\..\TemplateVM\macos10.15\macos10.15.vmx
复制了 3 个文件
移动了         1 个文件。
移动了         1 个文件。
系统找不到指定的文件。
移动了         1 个文件。
D:\macos_vm\bat\..\TemplateVM\macos10.15\macos10.15.nvram
D:\macos_vm\bat\..\TemplateVM\macos10.15\macos10.15.vmdk
D:\macos_vm\bat\..\TemplateVM\macos10.15\macos10.15.vmx
复制了 3 个文件
移动了         1 个文件。
移动了         1 个文件。
系统找不到指定的文件。
移动了         1 个文件。
Password:Volume EFI on disk0s1 mounted
:/Volumes/EFI/CLOVER/config.plist: No such file or directory
Password:Volume EFI on disk0s1 mounted
:/Volumes/EFI/CLOVER/config.plist: No such file or directory
另一个程序正在使用此文件，进程无法访问。
已复制         0 个文件。
D:\macos_vm\bat\..\TemplateVM\macos10.15\macos10.15.nvram
D:\macos_vm\bat\..\TemplateVM\macos10.15\macos10.15.vmdk
D:\macos_vm\bat\..\TemplateVM\macos10.15\macos10.15.vmx
复制了 3 个文件
移动了         1 个文件。
移动了         1 个文件。
系统找不到指定的文件。
移动了         1 个文件。
D:\macos_vm\bat\..\TemplateVM\macos10.15\macos10.15.nvram
D:\macos_vm\bat\..\TemplateVM\macos10.15\macos10.15.vmdk
D:\macos_vm\bat\..\TemplateVM\macos10.15\macos10.15.vmx
复制了 3 个文件
移动了         1 个文件。
移动了         1 个文件。
系统找不到指定的文件。
移动了         1 个文件。
Password:Volume EFI on disk0s1 mounted
:/Volumes/EFI/CLOVER/config.plist: No such file or directory
Password:Volume EFI on disk0s1 mounted
:/Volumes/EFI/CLOVER/config.plist: No such file or directory
另一个程序正在使用此文件，进程无法访问。
已复制         0 个文件。
D:\macos_vm\bat\..\TemplateVM\macos10.15\macos10.15.nvram
D:\macos_vm\bat\..\TemplateVM\macos10.15\macos10.15.vmdk
D:\macos_vm\bat\..\TemplateVM\macos10.15\macos10.15.vmx
复制了 3 个文件
移动了         1 个文件。
移动了         1 个文件。
系统找不到指定的文件。
移动了         1 个文件。
D:\macos_vm\bat\..\TemplateVM\macos10.15\macos10.15.nvram
D:\macos_vm\bat\..\TemplateVM\macos10.15\macos10.15.vmdk
D:\macos_vm\bat\..\TemplateVM\macos10.15\macos10.15.vmx
复制了 3 个文件
移动了         1 个文件。
移动了         1 个文件。
系统找不到指定的文件。
移动了         1 个文件。
Password:Volume EFI on disk0s1 mounted
:/Volumes/EFI/CLOVER/config.plist: No such file or directory
Password:Volume EFI on disk0s1 mounted
:/Volumes/EFI/CLOVER/config.plist: No such file or directory
The process cannot access the file because it is being used by another process.
        0 file(s) copied.
D:\macos_vm\bat\..\TemplateVM\macos10.15\macos10.15.nvram
D:\macos_vm\bat\..\TemplateVM\macos10.15\macos10.15.vmdk
D:\macos_vm\bat\..\TemplateVM\macos10.15\macos10.15.vmx
3 File(s) copied
        1 file(s) moved.
        1 file(s) moved.
The system cannot find the file specified.
        1 file(s) moved.
D:\macos_vm\bat\..\TemplateVM\macos10.15\macos10.15.nvram
D:\macos_vm\bat\..\TemplateVM\macos10.15\macos10.15.vmdk
D:\macos_vm\bat\..\TemplateVM\macos10.15\macos10.15.vmx
3 File(s) copied
        1 file(s) moved.
        1 file(s) moved.
The system cannot find the file specified.
        1 file(s) moved.
Password:Volume EFI on disk0s1 mounted
:/Volumes/EFI/CLOVER/config.plist: No such file or directory
Password:Volume EFI on disk0s1 mounted
:/Volumes/EFI/CLOVER/config.plist: No such file or directory
另一个程序正在使用此文件，进程无法访问。
已复制         0 个文件。
D:\macos_vm\bat\..\TemplateVM\macos10.15\macos10.15.nvram
D:\macos_vm\bat\..\TemplateVM\macos10.15\macos10.15.vmdk
D:\macos_vm\bat\..\TemplateVM\macos10.15\macos10.15.vmx
复制了 3 个文件
移动了         1 个文件。
移动了         1 个文件。
系统找不到指定的文件。
移动了         1 个文件。
D:\macos_vm\bat\..\TemplateVM\macos10.15\macos10.15.nvram
D:\macos_vm\bat\..\TemplateVM\macos10.15\macos10.15.vmdk
D:\macos_vm\bat\..\TemplateVM\macos10.15\macos10.15.vmx
复制了 3 个文件
移动了         1 个文件。
移动了         1 个文件。
系统找不到指定的文件。
移动了         1 个文件。
另一个程序正在使用此文件，进程无法访问。
已复制         0 个文件。
D:\macos_vm\bat\..\TemplateVM\macos10.15\macos10.15.nvram
D:\macos_vm\bat\..\TemplateVM\macos10.15\macos10.15.vmdk
D:\macos_vm\bat\..\TemplateVM\macos10.15\macos10.15.vmx
复制了 3 个文件
移动了         1 个文件。
移动了         1 个文件。
系统找不到指定的文件。
移动了         1 个文件。
D:\macos_vm\bat\..\TemplateVM\macos10.15\macos10.15.nvram
D:\macos_vm\bat\..\TemplateVM\macos10.15\macos10.15.vmdk
D:\macos_vm\bat\..\TemplateVM\macos10.15\macos10.15.vmx
复制了 3 个文件
移动了         1 个文件。
移动了         1 个文件。
系统找不到指定的文件。
移动了         1 个文件。
另一个程序正在使用此文件，进程无法访问。
已复制         0 个文件。
D:\macos_vm\bat\..\TemplateVM\macos10.15\macos10.15.nvram
D:\macos_vm\bat\..\TemplateVM\macos10.15\macos10.15.vmdk
^C另一个程序正在使用此文件，进程无法访问。
已复制         0 个文件。
D:\macos_vm\bat\..\TemplateVM\macos10.15\macos10.15.nvram
D:\macos_vm\bat\..\TemplateVM\macos10.15\macos10.15.vmdk
D:\macos_vm\bat\..\TemplateVM\macos10.15\macos10.15.vmx
复制了 3 个文件
移动了         1 个文件。
移动了         1 个文件。
系统找不到指定的文件。
移动了         1 个文件。
D:\macos_vm\bat\..\TemplateVM\macos10.15\macos10.15.nvram
D:\macos_vm\bat\..\TemplateVM\macos10.15\macos10.15.vmdk
D:\macos_vm\bat\..\TemplateVM\macos10.15\macos10.15.vmx
复制了 3 个文件
移动了         1 个文件。
移动了         1 个文件。
系统找不到指定的文件。
移动了         1 个文件。
D:\macos_vm\bat\..\TemplateVM\macos10.15\macos10.15.nvram
D:\macos_vm\bat\..\TemplateVM\macos10.15\macos10.15.vmdk
磁盘空间不足
复制了 1 个文件
移动了         1 个文件。
系统找不到指定的文件。
系统找不到指定的文件。
移动了         1 个文件。
另一个程序正在使用此文件，进程无法访问。
已复制         0 个文件。
D:\macos_vm\bat\..\TemplateVM\macos10.15\macos10.15.nvram
D:\macos_vm\bat\..\TemplateVM\macos10.15\macos10.15.vmdk
D:\macos_vm\bat\..\TemplateVM\macos10.15\macos10.15.vmx
复制了 3 个文件
移动了         1 个文件。
移动了         1 个文件。
系统找不到指定的文件。
移动了         1 个文件。
D:\macos_vm\bat\..\TemplateVM\macos10.15\macos10.15.nvram
D:\macos_vm\bat\..\TemplateVM\macos10.15\macos10.15.vmdk
D:\macos_vm\bat\..\TemplateVM\macos10.15\macos10.15.vmx
复制了 3 个文件
移动了         1 个文件。
移动了         1 个文件。
系统找不到指定的文件。
移动了         1 个文件。
D:\macos_vm\bat\..\TemplateVM\macos10.15\macos10.15.nvram
D:\macos_vm\bat\..\TemplateVM\macos10.15\macos10.15.vmdk
磁盘空间不足
复制了 1 个文件
移动了         1 个文件。
系统找不到指定的文件。
系统找不到指定的文件。
移动了         1 个文件。
另一个程序正在使用此文件，进程无法访问。
已复制         0 个文件。
D:\macos_vm\bat\..\TemplateVM\macos10.15\macos10.15.nvram
D:\macos_vm\bat\..\TemplateVM\macos10.15\macos10.15.vmdk
D:\macos_vm\bat\..\TemplateVM\macos10.15\macos10.15.vmx
复制了 3 个文件
移动了         1 个文件。
移动了         1 个文件。
系统找不到指定的文件。
移动了         1 个文件。
D:\macos_vm\bat\..\TemplateVM\macos10.15\macos10.15.nvram
D:\macos_vm\bat\..\TemplateVM\macos10.15\macos10.15.vmdk
D:\macos_vm\bat\..\TemplateVM\macos10.15\macos10.15.vmx
复制了 3 个文件
移动了         1 个文件。
移动了         1 个文件。
系统找不到指定的文件。
移动了         1 个文件。
另一个程序正在使用此文件，进程无法访问。
已复制         0 个文件。
D:\macos_vm\bat\..\TemplateVM\macos10.15\macos10.15.nvram
D:\macos_vm\bat\..\TemplateVM\macos10.15\macos10.15.vmdk
D:\macos_vm\bat\..\TemplateVM\macos10.15\macos10.15.vmx
复制了 3 个文件
移动了         1 个文件。
移动了         1 个文件。
系统找不到指定的文件。
移动了         1 个文件。
D:\macos_vm\bat\..\TemplateVM\macos10.15\macos10.15.nvram
D:\macos_vm\bat\..\TemplateVM\macos10.15\macos10.15.vmdk
D:\macos_vm\bat\..\TemplateVM\macos10.15\macos10.15.vmx
复制了 3 个文件
移动了         1 个文件。
移动了         1 个文件。
系统找不到指定的文件。
移动了         1 个文件。
另一个程序正在使用此文件，进程无法访问。
已复制         0 个文件。
D:\macos_vm\bat\..\TemplateVM\macos10.15\macos10.15.nvram
D:\macos_vm\bat\..\TemplateVM\macos10.15\macos10.15.vmdk
D:\macos_vm\bat\..\TemplateVM\macos10.15\macos10.15.vmx
复制了 3 个文件
移动了         1 个文件。
移动了         1 个文件。
系统找不到指定的文件。
移动了         1 个文件。
D:\macos_vm\bat\..\TemplateVM\macos10.15\macos10.15.nvram
D:\macos_vm\bat\..\TemplateVM\macos10.15\macos10.15.vmdk
D:\macos_vm\bat\..\TemplateVM\macos10.15\macos10.15.vmx
复制了 3 个文件
移动了         1 个文件。
移动了         1 个文件。
系统找不到指定的文件。
移动了         1 个文件。
另一个程序正在使用此文件，进程无法访问。
已复制         0 个文件。
D:\macos_vm\bat\..\TemplateVM\macos10.15\macos10.15.nvram
D:\macos_vm\bat\..\TemplateVM\macos10.15\macos10.15.vmdk
D:\macos_vm\bat\..\TemplateVM\macos10.15\macos10.15.vmx
复制了 3 个文件
移动了         1 个文件。
移动了         1 个文件。
系统找不到指定的文件。
移动了         1 个文件。
D:\macos_vm\bat\..\TemplateVM\macos10.15\macos10.15.nvram
D:\macos_vm\bat\..\TemplateVM\macos10.15\macos10.15.vmdk
D:\macos_vm\bat\..\TemplateVM\macos10.15\macos10.15.vmx
复制了 3 个文件
移动了         1 个文件。
移动了         1 个文件。
系统找不到指定的文件。
移动了         1 个文件。
另一个程序正在使用此文件，进程无法访问。
已复制         0 个文件。
D:\macos_vm\bat\..\TemplateVM\macos10.15\macos10.15.nvram
D:\macos_vm\bat\..\TemplateVM\macos10.15\macos10.15.vmdk
D:\macos_vm\bat\..\TemplateVM\macos10.15\macos10.15.vmx
复制了 3 个文件
移动了         1 个文件。
移动了         1 个文件。
系统找不到指定的文件。
移动了         1 个文件。
D:\macos_vm\bat\..\TemplateVM\macos10.15\macos10.15.nvram
D:\macos_vm\bat\..\TemplateVM\macos10.15\macos10.15.vmdk
D:\macos_vm\bat\..\TemplateVM\macos10.15\macos10.15.vmx
复制了 3 个文件
移动了         1 个文件。
移动了         1 个文件。
系统找不到指定的文件。
移动了         1 个文件。
另一个程序正在使用此文件，进程无法访问。
已复制         0 个文件。
D:\macos_vm\bat\..\TemplateVM\macos10.15\macOS 10.15.vmdk
D:\macos_vm\bat\..\TemplateVM\macos10.15\macos10.15.nvram
D:\macos_vm\bat\..\TemplateVM\macos10.15\macos10.15.vmx
复制了 3 个文件
移动了         1 个文件。
系统找不到指定的文件。
系统找不到指定的文件。
移动了         1 个文件。
D:\macos_vm\bat\..\TemplateVM\macos10.15\macOS 10.15.vmdk
D:\macos_vm\bat\..\TemplateVM\macos10.15\macos10.15.nvram
D:\macos_vm\bat\..\TemplateVM\macos10.15\macos10.15.vmx
复制了 3 个文件
移动了         1 个文件。
系统找不到指定的文件。
系统找不到指定的文件。
移动了         1 个文件。
另一个程序正在使用此文件，进程无法访问。
已复制         0 个文件。
D:\macos_vm\bat\..\TemplateVM\macos10.15\macos10.15.nvram
D:\macos_vm\bat\..\TemplateVM\macos10.15\macos10.15.vmdk
D:\macos_vm\bat\..\TemplateVM\macos10.15\macos10.15.vmx
复制了 3 个文件
移动了         1 个文件。
移动了         1 个文件。
系统找不到指定的文件。
移动了         1 个文件。
D:\macos_vm\bat\..\TemplateVM\macos10.15\macos10.15.nvram
D:\macos_vm\bat\..\TemplateVM\macos10.15\macos10.15.vmdk
D:\macos_vm\bat\..\TemplateVM\macos10.15\macos10.15.vmx
复制了 3 个文件
移动了         1 个文件。
移动了         1 个文件。
系统找不到指定的文件。
移动了         1 个文件。
另一个程序正在使用此文件，进程无法访问。
已复制         0 个文件。
D:\macos_vm\bat\..\TemplateVM\macos10.15\macos10.15.nvram
D:\macos_vm\bat\..\TemplateVM\macos10.15\macos10.15.vmdk
D:\macos_vm\bat\..\TemplateVM\macos10.15\macos10.15.vmx
复制了 3 个文件
移动了         1 个文件。
移动了         1 个文件。
系统找不到指定的文件。
移动了         1 个文件。
D:\macos_vm\bat\..\TemplateVM\macos10.15\macos10.15.nvram
D:\macos_vm\bat\..\TemplateVM\macos10.15\macos10.15.vmdk
D:\macos_vm\bat\..\TemplateVM\macos10.15\macos10.15.vmx
复制了 3 个文件
移动了         1 个文件。
移动了         1 个文件。
系统找不到指定的文件。
移动了         1 个文件。
另一个程序正在使用此文件，进程无法访问。
已复制         0 个文件。
D:\macos_vm\bat\..\TemplateVM\macos10.15\macos10.15.nvram
D:\macos_vm\bat\..\TemplateVM\macos10.15\macos10.15.vmdk
D:\macos_vm\bat\..\TemplateVM\macos10.15\macos10.15.vmx
复制了 3 个文件
移动了         1 个文件。
移动了         1 个文件。
系统找不到指定的文件。
移动了         1 个文件。
D:\macos_vm\bat\..\TemplateVM\macos10.15\macos10.15.nvram
D:\macos_vm\bat\..\TemplateVM\macos10.15\macos10.15.vmdk
^C另一个程序正在使用此文件，进程无法访问。
已复制         0 个文件。
D:\macos_vm\bat\..\TemplateVM\macos10.15\macos10.15.nvram
D:\macos_vm\bat\..\TemplateVM\macos10.15\macos10.15.vmdk
D:\macos_vm\bat\..\TemplateVM\macos10.15\macos10.15.vmsd
D:\macos_vm\bat\..\TemplateVM\macos10.15\macos10.15.vmx
D:\macos_vm\bat\..\TemplateVM\macos10.15\macos10.15.vmxf
D:\macos_vm\bat\..\TemplateVM\macos10.15\CLOVER\CLOVERX64.efi
D:\macos_vm\bat\..\TemplateVM\macos10.15\CLOVER\config.plist
D:\macos_vm\bat\..\TemplateVM\macos10.15\CLOVER\ACPI\origin\.empty
D:\macos_vm\bat\..\TemplateVM\macos10.15\CLOVER\ACPI\patched\.empty
D:\macos_vm\bat\..\TemplateVM\macos10.15\CLOVER\ACPI\WINDOWS\.empty
D:\macos_vm\bat\..\TemplateVM\macos10.15\CLOVER\doc\bcfg.txt
D:\macos_vm\bat\..\TemplateVM\macos10.15\CLOVER\doc\boot1f32-install.sh
D:\macos_vm\bat\..\TemplateVM\macos10.15\CLOVER\doc\HowToFixDsdt.txt
D:\macos_vm\bat\..\TemplateVM\macos10.15\CLOVER\doc\HowToInstallOSX.txt
D:\macos_vm\bat\..\TemplateVM\macos10.15\CLOVER\doc\UEFI boot with Clover.rtf
D:\macos_vm\bat\..\TemplateVM\macos10.15\CLOVER\drivers\BIOS\ApfsDriverLoader.efi
D:\macos_vm\bat\..\TemplateVM\macos10.15\CLOVER\drivers\BIOS\AudioDxe.efi
D:\macos_vm\bat\..\TemplateVM\macos10.15\CLOVER\drivers\BIOS\FSInject.efi
D:\macos_vm\bat\..\TemplateVM\macos10.15\CLOVER\drivers\BIOS\SMCHelper.efi
D:\macos_vm\bat\..\TemplateVM\macos10.15\CLOVER\drivers\BIOS\XhciDxe.efi
D:\macos_vm\bat\..\TemplateVM\macos10.15\CLOVER\drivers\UEFI\ApfsDriverLoader.efi
D:\macos_vm\bat\..\TemplateVM\macos10.15\CLOVER\drivers\UEFI\AudioDxe.efi
D:\macos_vm\bat\..\TemplateVM\macos10.15\CLOVER\drivers\UEFI\DataHubDxe.efi
D:\macos_vm\bat\..\TemplateVM\macos10.15\CLOVER\drivers\UEFI\FSInject.efi
D:\macos_vm\bat\..\TemplateVM\macos10.15\CLOVER\drivers\UEFI\OpenRuntime.efi
D:\macos_vm\bat\..\TemplateVM\macos10.15\CLOVER\drivers\UEFI\SMCHelper.efi
D:\macos_vm\bat\..\TemplateVM\macos10.15\CLOVER\kexts\10.11\.empty
D:\macos_vm\bat\..\TemplateVM\macos10.15\CLOVER\kexts\10.12\.empty
D:\macos_vm\bat\..\TemplateVM\macos10.15\CLOVER\kexts\10.13\.empty
D:\macos_vm\bat\..\TemplateVM\macos10.15\CLOVER\kexts\10.14\.empty
D:\macos_vm\bat\..\TemplateVM\macos10.15\CLOVER\kexts\10.15\.empty
D:\macos_vm\bat\..\TemplateVM\macos10.15\CLOVER\kexts\Off\.empty
D:\macos_vm\bat\..\TemplateVM\macos10.15\CLOVER\kexts\Other\.empty
D:\macos_vm\bat\..\TemplateVM\macos10.15\CLOVER\misc\.empty
D:\macos_vm\bat\..\TemplateVM\macos10.15\CLOVER\OEM\SystemProductName\config-sample.plist
D:\macos_vm\bat\..\TemplateVM\macos10.15\CLOVER\OEM\SystemProductName\UEFI\config-sample.plist
D:\macos_vm\bat\..\TemplateVM\macos10.15\CLOVER\ROM\.empty
D:\macos_vm\bat\..\TemplateVM\macos10.15\CLOVER\themes\logo_main.png
D:\macos_vm\bat\..\TemplateVM\macos10.15\CLOVER\themes\pointer-metal.png
D:\macos_vm\bat\..\TemplateVM\macos10.15\CLOVER\themes\embedded\screenshot.png
D:\macos_vm\bat\..\TemplateVM\macos10.15\CLOVER\themes\embedded\theme.plist
D:\macos_vm\bat\..\TemplateVM\macos10.15\CLOVER\themes\random\theme.plist
D:\macos_vm\bat\..\TemplateVM\macos10.15\CLOVER\tools\bdmesg.efi
D:\macos_vm\bat\..\TemplateVM\macos10.15\CLOVER\tools\Shell32.efi
D:\macos_vm\bat\..\TemplateVM\macos10.15\CLOVER\tools\Shell64.efi
D:\macos_vm\bat\..\TemplateVM\macos10.15\CLOVER\tools\Shell64U.efi
复制了 46 个文件
移动了         1 个文件。
移动了         1 个文件。
移动了         1 个文件。
移动了         1 个文件。
D:\macos_vm\bat\..\TemplateVM\macos10.15\macos10.15.nvram
D:\macos_vm\bat\..\TemplateVM\macos10.15\macos10.15.vmdk
系统找不到指定的文件。
系统找不到指定的文件。
另一个程序正在使用此文件，进程无法访问。
已复制         0 个文件。
D:\macos_vm\bat\..\TemplateVM\macos10.15\macos10.15.nvram
D:\macos_vm\bat\..\TemplateVM\macos10.15\macos10.15.vmdk
D:\macos_vm\bat\..\TemplateVM\macos10.15\macos10.15.vmsd
D:\macos_vm\bat\..\TemplateVM\macos10.15\macos10.15.vmx
D:\macos_vm\bat\..\TemplateVM\macos10.15\macos10.15.vmxf
复制了 5 个文件
移动了         1 个文件。
移动了         1 个文件。
移动了         1 个文件。
移动了         1 个文件。
另一个程序正在使用此文件，进程无法访问。
已复制         0 个文件。
D:\macos_vm\bat\..\TemplateVM\macos10.15\macos10.15.nvram
D:\macos_vm\bat\..\TemplateVM\macos10.15\macos10.15.vmdk
D:\macos_vm\bat\..\TemplateVM\macos10.15\macos10.15.vmsd
D:\macos_vm\bat\..\TemplateVM\macos10.15\macos10.15.vmx
D:\macos_vm\bat\..\TemplateVM\macos10.15\macos10.15.vmxf
复制了 5 个文件
移动了         1 个文件。
移动了         1 个文件。
移动了         1 个文件。
移动了         1 个文件。
D:\macos_vm\bat\..\TemplateVM\macos10.15\macos10.15.nvram
D:\macos_vm\bat\..\TemplateVM\macos10.15\macos10.15.vmdk
^C另一个程序正在使用此文件，进程无法访问。
已复制         0 个文件。
D:\macos_vm\bat\..\TemplateVM\macos10.15\macos10.15.nvram
D:\macos_vm\bat\..\TemplateVM\macos10.15\macos10.15.vmdk
D:\macos_vm\bat\..\TemplateVM\macos10.15\macos10.15.vmsd
D:\macos_vm\bat\..\TemplateVM\macos10.15\macos10.15.vmx
复制了 4 个文件
移动了         1 个文件。
移动了         1 个文件。
系统找不到指定的文件。
移动了         1 个文件。
D:\macos_vm\bat\..\TemplateVM\macos10.15\macos10.15.nvram
D:\macos_vm\bat\..\TemplateVM\macos10.15\macos10.15.vmdk
D:\macos_vm\bat\..\TemplateVM\macos10.15\macos10.15.vmsd
D:\macos_vm\bat\..\TemplateVM\macos10.15\macos10.15.vmx
复制了 4 个文件
移动了         1 个文件。
移动了         1 个文件。
系统找不到指定的文件。
移动了         1 个文件。
另一个程序正在使用此文件，进程无法访问。
已复制         0 个文件。
D:\macos_vm\bat\..\TemplateVM\macos10.15\macos10.15.nvram
D:\macos_vm\bat\..\TemplateVM\macos10.15\macos10.15.vmdk
D:\macos_vm\bat\..\TemplateVM\macos10.15\macos10.15.vmsd
D:\macos_vm\bat\..\TemplateVM\macos10.15\macos10.15.vmx
复制了 4 个文件
移动了         1 个文件。
移动了         1 个文件。
系统找不到指定的文件。
移动了         1 个文件。
D:\macos_vm\bat\..\TemplateVM\macos10.15\macos10.15.nvram
D:\macos_vm\bat\..\TemplateVM\macos10.15\macos10.15.vmdk
系统找不到指定的文件。
系统找不到指定的文件。
另一个程序正在使用此文件，进程无法访问。
已复制         0 个文件。
D:\macos_vm\bat\..\TemplateVM\macos10.15\macos10.15.nvram
D:\macos_vm\bat\..\TemplateVM\macos10.15\macos10.15.vmdk
系统找不到指定的文件。
系统找不到指定的文件。
另一个程序正在使用此文件，进程无法访问。
已复制         0 个文件。
D:\macos_vm\bat\..\TemplateVM\macos10.15\macos10.15.nvram
D:\macos_vm\bat\..\TemplateVM\macos10.15\macos10.15.vmdk
D:\macos_vm\bat\..\TemplateVM\macos10.15\macos10.15.vmsd
D:\macos_vm\bat\..\TemplateVM\macos10.15\macos10.15.vmx
复制了 4 个文件
移动了         1 个文件。
移动了         1 个文件。
系统找不到指定的文件。
移动了         1 个文件。
D:\macos_vm\bat\..\TemplateVM\macos10.15\macos10.15.nvram
D:\macos_vm\bat\..\TemplateVM\macos10.15\macos10.15.vmdk
D:\macos_vm\bat\..\TemplateVM\macos10.15\macos10.15.vmsd
D:\macos_vm\bat\..\TemplateVM\macos10.15\macos10.15.vmx
复制了 4 个文件
移动了         1 个文件。
移动了         1 个文件。
系统找不到指定的文件。
移动了         1 个文件。
另一个程序正在使用此文件，进程无法访问。
已复制         0 个文件。
D:\macos_vm\bat\..\TemplateVM\macos10.15\macos10.15.nvram
D:\macos_vm\bat\..\TemplateVM\macos10.15\macos10.15.vmdk
D:\macos_vm\bat\..\TemplateVM\macos10.15\macos10.15.vmsd
D:\macos_vm\bat\..\TemplateVM\macos10.15\macos10.15.vmx
复制了 4 个文件
移动了         1 个文件。
移动了         1 个文件。
系统找不到指定的文件。
移动了         1 个文件。
D:\macos_vm\bat\..\TemplateVM\macos10.15\macos10.15.nvram
D:\macos_vm\bat\..\TemplateVM\macos10.15\macos10.15.vmdk
D:\macos_vm\bat\..\TemplateVM\macos10.15\macos10.15.vmsd
D:\macos_vm\bat\..\TemplateVM\macos10.15\macos10.15.vmx
复制了 4 个文件
移动了         1 个文件。
移动了         1 个文件。
系统找不到指定的文件。
移动了         1 个文件。
另一个程序正在使用此文件，进程无法访问。
已复制         0 个文件。
D:\macos_vm\bat\..\TemplateVM\macos10.15\macos10.15.nvram
D:\macos_vm\bat\..\TemplateVM\macos10.15\macos10.15.vmdk
D:\macos_vm\bat\..\TemplateVM\macos10.15\macos10.15.vmsd
D:\macos_vm\bat\..\TemplateVM\macos10.15\macos10.15.vmx
复制了 4 个文件
移动了         1 个文件。
移动了         1 个文件。
系统找不到指定的文件。
移动了         1 个文件。
D:\macos_vm\bat\..\TemplateVM\macos10.15\macos10.15.nvram
D:\macos_vm\bat\..\TemplateVM\macos10.15\macos10.15.vmdk
D:\macos_vm\bat\..\TemplateVM\macos10.15\macos10.15.vmsd
D:\macos_vm\bat\..\TemplateVM\macos10.15\macos10.15.vmx
复制了 4 个文件
移动了         1 个文件。
移动了         1 个文件。
系统找不到指定的文件。
移动了         1 个文件。
另一个程序正在使用此文件，进程无法访问。
已复制         0 个文件。
D:\macos_vm\bat\..\TemplateVM\macos10.15\macos10.15.nvram
D:\macos_vm\bat\..\TemplateVM\macos10.15\macos10.15.vmdk
D:\macos_vm\bat\..\TemplateVM\macos10.15\macos10.15.vmsd
D:\macos_vm\bat\..\TemplateVM\macos10.15\macos10.15.vmx
复制了 4 个文件
移动了         1 个文件。
移动了         1 个文件。
系统找不到指定的文件。
移动了         1 个文件。
D:\macos_vm\bat\..\TemplateVM\macos10.15\macos10.15.nvram
D:\macos_vm\bat\..\TemplateVM\macos10.15\macos10.15.vmdk
D:\macos_vm\bat\..\TemplateVM\macos10.15\macos10.15.vmsd
D:\macos_vm\bat\..\TemplateVM\macos10.15\macos10.15.vmx
复制了 4 个文件
移动了         1 个文件。
移动了         1 个文件。
系统找不到指定的文件。
移动了         1 个文件。
另一个程序正在使用此文件，进程无法访问。
已复制         0 个文件。
D:\macos_vm\bat\..\TemplateVM\macos10.15\macos10.15.nvram
D:\macos_vm\bat\..\TemplateVM\macos10.15\macos10.15.vmdk
D:\macos_vm\bat\..\TemplateVM\macos10.15\macos10.15.vmsd
D:\macos_vm\bat\..\TemplateVM\macos10.15\macos10.15.vmx
复制了 4 个文件
移动了         1 个文件。
移动了         1 个文件。
系统找不到指定的文件。
移动了         1 个文件。
D:\macos_vm\bat\..\TemplateVM\macos10.15\macos10.15.nvram
D:\macos_vm\bat\..\TemplateVM\macos10.15\macos10.15.vmdk
D:\macos_vm\bat\..\TemplateVM\macos10.15\macos10.15.vmsd
D:\macos_vm\bat\..\TemplateVM\macos10.15\macos10.15.vmx
复制了 4 个文件
移动了         1 个文件。
移动了         1 个文件。
系统找不到指定的文件。
移动了         1 个文件。
另一个程序正在使用此文件，进程无法访问。
已复制         0 个文件。
D:\macos_vm\bat\..\TemplateVM\macos10.15\macos10.15.nvram
D:\macos_vm\bat\..\TemplateVM\macos10.15\macos10.15.vmdk
D:\macos_vm\bat\..\TemplateVM\macos10.15\macos10.15.vmsd
D:\macos_vm\bat\..\TemplateVM\macos10.15\macos10.15.vmx
复制了 4 个文件
移动了         1 个文件。
移动了         1 个文件。
系统找不到指定的文件。
移动了         1 个文件。
D:\macos_vm\bat\..\TemplateVM\macos10.15\macos10.15.nvram
D:\macos_vm\bat\..\TemplateVM\macos10.15\macos10.15.vmdk
D:\macos_vm\bat\..\TemplateVM\macos10.15\macos10.15.vmsd
D:\macos_vm\bat\..\TemplateVM\macos10.15\macos10.15.vmx
复制了 4 个文件
移动了         1 个文件。
移动了         1 个文件。
系统找不到指定的文件。
移动了         1 个文件。
另一个程序正在使用此文件，进程无法访问。
已复制         0 个文件。
D:\macos_vm\bat\..\TemplateVM\macos10.15\macos10.15.nvram
D:\macos_vm\bat\..\TemplateVM\macos10.15\macos10.15.vmdk
D:\macos_vm\bat\..\TemplateVM\macos10.15\macos10.15.vmsd
D:\macos_vm\bat\..\TemplateVM\macos10.15\macos10.15.vmx
复制了 4 个文件
移动了         1 个文件。
移动了         1 个文件。
系统找不到指定的文件。
移动了         1 个文件。
D:\macos_vm\bat\..\TemplateVM\macos10.15\macos10.15.nvram
D:\macos_vm\bat\..\TemplateVM\macos10.15\macos10.15.vmdk
磁盘空间不足
复制了 1 个文件
移动了         1 个文件。
系统找不到指定的文件。
系统找不到指定的文件。
移动了         1 个文件。
另一个程序正在使用此文件，进程无法访问。
已复制         0 个文件。
D:\macos_vm\bat\..\TemplateVM\macos10.15\macos10.15.nvram
D:\macos_vm\bat\..\TemplateVM\macos10.15\macos10.15.vmdk
D:\macos_vm\bat\..\TemplateVM\macos10.15\macos10.15.vmsd
D:\macos_vm\bat\..\TemplateVM\macos10.15\macos10.15.vmx
复制了 4 个文件
移动了         1 个文件。
移动了         1 个文件。
系统找不到指定的文件。
移动了         1 个文件。
D:\macos_vm\bat\..\TemplateVM\macos10.15\macos10.15.nvram
D:\macos_vm\bat\..\TemplateVM\macos10.15\macos10.15.vmdk
D:\macos_vm\bat\..\TemplateVM\macos10.15\macos10.15.vmsd
D:\macos_vm\bat\..\TemplateVM\macos10.15\macos10.15.vmx
复制了 4 个文件
移动了         1 个文件。
移动了         1 个文件。
系统找不到指定的文件。
移动了         1 个文件。
另一个程序正在使用此文件，进程无法访问。
已复制         0 个文件。
另一个程序正在使用此文件，进程无法访问。
已复制         0 个文件。
另一个程序正在使用此文件，进程无法访问。
已复制         0 个文件。
另一个程序正在使用此文件，进程无法访问。
已复制         0 个文件。
The process cannot access the file because it is being used by another process.
        0 file(s) copied.
The process cannot access the file because it is being used by another process.
        0 file(s) copied.
The process cannot access the file because it is being used by another process.
        0 file(s) copied.
The process cannot access the file because it is being used by another process.
        0 file(s) copied.
The process cannot access the file because it is being used by another process.
        0 file(s) copied.
另一个程序正在使用此文件，进程无法访问。
已复制         0 个文件。
另一个程序正在使用此文件，进程无法访问。
已复制         0 个文件。
另一个程序正在使用此文件，进程无法访问。
已复制         0 个文件。
另一个程序正在使用此文件，进程无法访问。
已复制         0 个文件。
另一个程序正在使用此文件，进程无法访问。
已复制         0 个文件。
另一个程序正在使用此文件，进程无法访问。
已复制         0 个文件。
另一个程序正在使用此文件，进程无法访问。
已复制         0 个文件。
另一个程序正在使用此文件，进程无法访问。
已复制         0 个文件。
另一个程序正在使用此文件，进程无法访问。
已复制         0 个文件。
另一个程序正在使用此文件，进程无法访问。
已复制         0 个文件。
