[2025-07-30 14:19:34] [INFO] 开始克隆任务: 模板=macos10.12.vmx, 数量=3
[2025-07-30 14:19:34] [INFO] 目标目录: D:\macos_vm\NewVM\10.12
[2025-07-30 14:19:34] [INFO] 开始创建虚拟机快照...
[2025-07-30 14:19:34] [INFO] 执行快照命令: C:\Program Files (x86)\VMware\VMware Workstation\vmrun.exe -T ws snapshot D:\macos_vm\TemplateVM\macos10.12\macos10.12.vmx macos10.12_snapshot_20250730_141934
[2025-07-30 14:19:35] [INFO] 快照命令执行完成，返回码: 0, 耗时: 0.96秒
[2025-07-30 14:19:35] [SUCCESS] 虚拟机快照创建成功: macos10.12_snapshot_20250730_141934
[2025-07-30 14:19:35] [INFO] 找到 117 个plist文件，需要克隆 3 个虚拟机
[2025-07-30 14:19:35] [INFO] 开始克隆第 1/3 个虚拟机: VM_20250730_141935_1.vmx
[2025-07-30 14:19:35] [INFO] 虚拟机文件夹: D:\macos_vm\NewVM\10.12\VM_20250730_141935_1
[2025-07-30 14:19:35] [INFO] 使用配置文件: config_1.plist
[2025-07-30 14:19:35] [INFO] 从快照克隆: macos10.12_snapshot_20250730_141934
[2025-07-30 14:19:35] [INFO] 执行克隆命令: C:\Program Files (x86)\VMware\VMware Workstation\vmrun.exe clone D:\macos_vm\TemplateVM\macos10.12\macos10.12.vmx D:\macos_vm\NewVM\10.12\VM_20250730_141935_1\VM_20250730_141935_1.vmx linked -snapshot macos10.12_snapshot_20250730_141934
[2025-07-30 14:19:36] [INFO] 克隆命令执行完成，返回码: 0, 耗时: 1.08秒
[2025-07-30 14:19:36] [SUCCESS] 虚拟机 VM_20250730_141935_1.vmx 克隆成功
[2025-07-30 14:19:36] [INFO] 虚拟机 VM_20250730_141935_1.vmx 的displayName已更新为: VM_20250730_141935_1
[2025-07-30 14:19:37] [INFO] 开始克隆第 2/3 个虚拟机: VM_20250730_141937_2.vmx
[2025-07-30 14:19:37] [INFO] 虚拟机文件夹: D:\macos_vm\NewVM\10.12\VM_20250730_141937_2
[2025-07-30 14:19:37] [INFO] 使用配置文件: config_10.plist
[2025-07-30 14:19:37] [INFO] 从快照克隆: macos10.12_snapshot_20250730_141934
[2025-07-30 14:19:37] [INFO] 执行克隆命令: C:\Program Files (x86)\VMware\VMware Workstation\vmrun.exe clone D:\macos_vm\TemplateVM\macos10.12\macos10.12.vmx D:\macos_vm\NewVM\10.12\VM_20250730_141937_2\VM_20250730_141937_2.vmx linked -snapshot macos10.12_snapshot_20250730_141934
[2025-07-30 14:19:38] [INFO] 克隆命令执行完成，返回码: 0, 耗时: 1.09秒
[2025-07-30 14:19:38] [SUCCESS] 虚拟机 VM_20250730_141937_2.vmx 克隆成功
[2025-07-30 14:19:38] [INFO] 虚拟机 VM_20250730_141937_2.vmx 的displayName已更新为: VM_20250730_141937_2
[2025-07-30 14:19:39] [INFO] 开始克隆第 3/3 个虚拟机: VM_20250730_141939_3.vmx
[2025-07-30 14:19:39] [INFO] 虚拟机文件夹: D:\macos_vm\NewVM\10.12\VM_20250730_141939_3
[2025-07-30 14:19:39] [INFO] 使用配置文件: config_100.plist
[2025-07-30 14:19:39] [INFO] 从快照克隆: macos10.12_snapshot_20250730_141934
[2025-07-30 14:19:39] [INFO] 执行克隆命令: C:\Program Files (x86)\VMware\VMware Workstation\vmrun.exe clone D:\macos_vm\TemplateVM\macos10.12\macos10.12.vmx D:\macos_vm\NewVM\10.12\VM_20250730_141939_3\VM_20250730_141939_3.vmx linked -snapshot macos10.12_snapshot_20250730_141934
[2025-07-30 14:19:40] [INFO] 克隆命令执行完成，返回码: 0, 耗时: 0.98秒
[2025-07-30 14:19:40] [SUCCESS] 虚拟机 VM_20250730_141939_3.vmx 克隆成功
[2025-07-30 14:19:40] [INFO] 虚拟机 VM_20250730_141939_3.vmx 的displayName已更新为: VM_20250730_141939_3
[2025-07-30 14:19:41] [SUCCESS] 所有虚拟机克隆完成！成功: 3
