[2025-07-30 13:50:15] [INFO] 开始克隆任务: 模板=macos10.12.vmx, 数量=50
[2025-07-30 13:50:15] [INFO] 目标目录: D:\macos_vm\NewVM\10.12
[2025-07-30 13:50:15] [INFO] 开始创建虚拟机快照...
[2025-07-30 13:50:15] [INFO] 执行快照命令: C:\Program Files (x86)\VMware\VMware Workstation\vmrun.exe -T ws snapshot D:\macos_vm\TemplateVM\macos10.12\macos10.12.vmx macos10.12_snapshot_20250730_135015
[2025-07-30 13:50:16] [INFO] 快照命令执行完成，返回码: 0, 耗时: 0.60秒
[2025-07-30 13:50:16] [SUCCESS] 虚拟机快照创建成功: macos10.12_snapshot_20250730_135015
[2025-07-30 13:50:16] [INFO] 找到 117 个plist文件，需要克隆 50 个虚拟机
[2025-07-30 13:50:16] [INFO] 开始克隆第 1/50 个虚拟机: VM_20250730_135016_1.vmx
[2025-07-30 13:50:16] [INFO] 虚拟机文件夹: D:\macos_vm\NewVM\10.12\VM_20250730_135016_1
[2025-07-30 13:50:16] [INFO] 使用配置文件: config_1.plist
[2025-07-30 13:50:16] [INFO] 从快照克隆: macos10.12_snapshot_20250730_135015
[2025-07-30 13:50:16] [INFO] 执行克隆命令: C:\Program Files (x86)\VMware\VMware Workstation\vmrun.exe clone D:\macos_vm\TemplateVM\macos10.12\macos10.12.vmx D:\macos_vm\NewVM\10.12\VM_20250730_135016_1\VM_20250730_135016_1.vmx linked -snapshot macos10.12_snapshot_20250730_135015
[2025-07-30 13:50:17] [INFO] 克隆命令执行完成，返回码: 0, 耗时: 0.84秒
[2025-07-30 13:50:17] [SUCCESS] 虚拟机 VM_20250730_135016_1.vmx 克隆成功
[2025-07-30 13:50:17] [INFO] 虚拟机 VM_20250730_135016_1.vmx 的displayName已更新为: VM_20250730_135016_1
[2025-07-30 13:50:18] [INFO] 开始克隆第 2/50 个虚拟机: VM_20250730_135018_2.vmx
[2025-07-30 13:50:18] [INFO] 虚拟机文件夹: D:\macos_vm\NewVM\10.12\VM_20250730_135018_2
[2025-07-30 13:50:18] [INFO] 使用配置文件: config_10.plist
[2025-07-30 13:50:18] [INFO] 从快照克隆: macos10.12_snapshot_20250730_135015
[2025-07-30 13:50:18] [INFO] 执行克隆命令: C:\Program Files (x86)\VMware\VMware Workstation\vmrun.exe clone D:\macos_vm\TemplateVM\macos10.12\macos10.12.vmx D:\macos_vm\NewVM\10.12\VM_20250730_135018_2\VM_20250730_135018_2.vmx linked -snapshot macos10.12_snapshot_20250730_135015
[2025-07-30 13:50:19] [INFO] 克隆命令执行完成，返回码: 0, 耗时: 0.83秒
[2025-07-30 13:50:19] [SUCCESS] 虚拟机 VM_20250730_135018_2.vmx 克隆成功
[2025-07-30 13:50:19] [INFO] 虚拟机 VM_20250730_135018_2.vmx 的displayName已更新为: VM_20250730_135018_2
[2025-07-30 13:50:20] [INFO] 开始克隆第 3/50 个虚拟机: VM_20250730_135020_3.vmx
[2025-07-30 13:50:20] [INFO] 虚拟机文件夹: D:\macos_vm\NewVM\10.12\VM_20250730_135020_3
[2025-07-30 13:50:20] [INFO] 使用配置文件: config_100.plist
[2025-07-30 13:50:20] [INFO] 从快照克隆: macos10.12_snapshot_20250730_135015
[2025-07-30 13:50:20] [INFO] 执行克隆命令: C:\Program Files (x86)\VMware\VMware Workstation\vmrun.exe clone D:\macos_vm\TemplateVM\macos10.12\macos10.12.vmx D:\macos_vm\NewVM\10.12\VM_20250730_135020_3\VM_20250730_135020_3.vmx linked -snapshot macos10.12_snapshot_20250730_135015
[2025-07-30 13:50:21] [INFO] 克隆命令执行完成，返回码: 0, 耗时: 0.82秒
[2025-07-30 13:50:21] [SUCCESS] 虚拟机 VM_20250730_135020_3.vmx 克隆成功
[2025-07-30 13:50:21] [INFO] 虚拟机 VM_20250730_135020_3.vmx 的displayName已更新为: VM_20250730_135020_3
[2025-07-30 13:50:22] [INFO] 开始克隆第 4/50 个虚拟机: VM_20250730_135022_4.vmx
[2025-07-30 13:50:22] [INFO] 虚拟机文件夹: D:\macos_vm\NewVM\10.12\VM_20250730_135022_4
[2025-07-30 13:50:22] [INFO] 使用配置文件: config_101.plist
[2025-07-30 13:50:22] [INFO] 从快照克隆: macos10.12_snapshot_20250730_135015
[2025-07-30 13:50:22] [INFO] 执行克隆命令: C:\Program Files (x86)\VMware\VMware Workstation\vmrun.exe clone D:\macos_vm\TemplateVM\macos10.12\macos10.12.vmx D:\macos_vm\NewVM\10.12\VM_20250730_135022_4\VM_20250730_135022_4.vmx linked -snapshot macos10.12_snapshot_20250730_135015
[2025-07-30 13:50:22] [INFO] 克隆命令执行完成，返回码: 0, 耗时: 0.77秒
[2025-07-30 13:50:22] [SUCCESS] 虚拟机 VM_20250730_135022_4.vmx 克隆成功
[2025-07-30 13:50:22] [INFO] 虚拟机 VM_20250730_135022_4.vmx 的displayName已更新为: VM_20250730_135022_4
[2025-07-30 13:50:23] [INFO] 开始克隆第 5/50 个虚拟机: VM_20250730_135023_5.vmx
[2025-07-30 13:50:23] [INFO] 虚拟机文件夹: D:\macos_vm\NewVM\10.12\VM_20250730_135023_5
[2025-07-30 13:50:23] [INFO] 使用配置文件: config_102.plist
[2025-07-30 13:50:23] [INFO] 从快照克隆: macos10.12_snapshot_20250730_135015
[2025-07-30 13:50:23] [INFO] 执行克隆命令: C:\Program Files (x86)\VMware\VMware Workstation\vmrun.exe clone D:\macos_vm\TemplateVM\macos10.12\macos10.12.vmx D:\macos_vm\NewVM\10.12\VM_20250730_135023_5\VM_20250730_135023_5.vmx linked -snapshot macos10.12_snapshot_20250730_135015
[2025-07-30 13:50:24] [INFO] 克隆命令执行完成，返回码: 0, 耗时: 0.78秒
[2025-07-30 13:50:24] [SUCCESS] 虚拟机 VM_20250730_135023_5.vmx 克隆成功
[2025-07-30 13:50:24] [INFO] 虚拟机 VM_20250730_135023_5.vmx 的displayName已更新为: VM_20250730_135023_5
[2025-07-30 13:50:25] [INFO] 开始克隆第 6/50 个虚拟机: VM_20250730_135025_6.vmx
[2025-07-30 13:50:25] [INFO] 虚拟机文件夹: D:\macos_vm\NewVM\10.12\VM_20250730_135025_6
[2025-07-30 13:50:25] [INFO] 使用配置文件: config_103.plist
[2025-07-30 13:50:25] [INFO] 从快照克隆: macos10.12_snapshot_20250730_135015
[2025-07-30 13:50:25] [INFO] 执行克隆命令: C:\Program Files (x86)\VMware\VMware Workstation\vmrun.exe clone D:\macos_vm\TemplateVM\macos10.12\macos10.12.vmx D:\macos_vm\NewVM\10.12\VM_20250730_135025_6\VM_20250730_135025_6.vmx linked -snapshot macos10.12_snapshot_20250730_135015
[2025-07-30 13:50:26] [INFO] 克隆命令执行完成，返回码: 0, 耗时: 0.87秒
[2025-07-30 13:50:26] [SUCCESS] 虚拟机 VM_20250730_135025_6.vmx 克隆成功
[2025-07-30 13:50:26] [INFO] 虚拟机 VM_20250730_135025_6.vmx 的displayName已更新为: VM_20250730_135025_6
[2025-07-30 13:50:27] [INFO] 开始克隆第 7/50 个虚拟机: VM_20250730_135027_7.vmx
[2025-07-30 13:50:27] [INFO] 虚拟机文件夹: D:\macos_vm\NewVM\10.12\VM_20250730_135027_7
[2025-07-30 13:50:27] [INFO] 使用配置文件: config_104.plist
[2025-07-30 13:50:27] [INFO] 从快照克隆: macos10.12_snapshot_20250730_135015
[2025-07-30 13:50:27] [INFO] 执行克隆命令: C:\Program Files (x86)\VMware\VMware Workstation\vmrun.exe clone D:\macos_vm\TemplateVM\macos10.12\macos10.12.vmx D:\macos_vm\NewVM\10.12\VM_20250730_135027_7\VM_20250730_135027_7.vmx linked -snapshot macos10.12_snapshot_20250730_135015
[2025-07-30 13:50:28] [INFO] 克隆命令执行完成，返回码: 0, 耗时: 0.83秒
[2025-07-30 13:50:28] [SUCCESS] 虚拟机 VM_20250730_135027_7.vmx 克隆成功
[2025-07-30 13:50:28] [INFO] 虚拟机 VM_20250730_135027_7.vmx 的displayName已更新为: VM_20250730_135027_7
[2025-07-30 13:50:29] [INFO] 开始克隆第 8/50 个虚拟机: VM_20250730_135029_8.vmx
[2025-07-30 13:50:29] [INFO] 虚拟机文件夹: D:\macos_vm\NewVM\10.12\VM_20250730_135029_8
[2025-07-30 13:50:29] [INFO] 使用配置文件: config_105.plist
[2025-07-30 13:50:29] [INFO] 从快照克隆: macos10.12_snapshot_20250730_135015
[2025-07-30 13:50:29] [INFO] 执行克隆命令: C:\Program Files (x86)\VMware\VMware Workstation\vmrun.exe clone D:\macos_vm\TemplateVM\macos10.12\macos10.12.vmx D:\macos_vm\NewVM\10.12\VM_20250730_135029_8\VM_20250730_135029_8.vmx linked -snapshot macos10.12_snapshot_20250730_135015
[2025-07-30 13:50:30] [INFO] 克隆命令执行完成，返回码: 0, 耗时: 0.86秒
[2025-07-30 13:50:30] [SUCCESS] 虚拟机 VM_20250730_135029_8.vmx 克隆成功
[2025-07-30 13:50:30] [INFO] 虚拟机 VM_20250730_135029_8.vmx 的displayName已更新为: VM_20250730_135029_8
[2025-07-30 13:50:31] [INFO] 开始克隆第 9/50 个虚拟机: VM_20250730_135031_9.vmx
[2025-07-30 13:50:31] [INFO] 虚拟机文件夹: D:\macos_vm\NewVM\10.12\VM_20250730_135031_9
[2025-07-30 13:50:31] [INFO] 使用配置文件: config_106.plist
[2025-07-30 13:50:31] [INFO] 从快照克隆: macos10.12_snapshot_20250730_135015
[2025-07-30 13:50:31] [INFO] 执行克隆命令: C:\Program Files (x86)\VMware\VMware Workstation\vmrun.exe clone D:\macos_vm\TemplateVM\macos10.12\macos10.12.vmx D:\macos_vm\NewVM\10.12\VM_20250730_135031_9\VM_20250730_135031_9.vmx linked -snapshot macos10.12_snapshot_20250730_135015
[2025-07-30 13:50:32] [INFO] 克隆命令执行完成，返回码: 0, 耗时: 1.18秒
[2025-07-30 13:50:32] [SUCCESS] 虚拟机 VM_20250730_135031_9.vmx 克隆成功
[2025-07-30 13:50:32] [INFO] 虚拟机 VM_20250730_135031_9.vmx 的displayName已更新为: VM_20250730_135031_9
[2025-07-30 13:50:33] [INFO] 开始克隆第 10/50 个虚拟机: VM_20250730_135033_10.vmx
[2025-07-30 13:50:33] [INFO] 虚拟机文件夹: D:\macos_vm\NewVM\10.12\VM_20250730_135033_10
[2025-07-30 13:50:33] [INFO] 使用配置文件: config_107.plist
[2025-07-30 13:50:33] [INFO] 从快照克隆: macos10.12_snapshot_20250730_135015
[2025-07-30 13:50:33] [INFO] 执行克隆命令: C:\Program Files (x86)\VMware\VMware Workstation\vmrun.exe clone D:\macos_vm\TemplateVM\macos10.12\macos10.12.vmx D:\macos_vm\NewVM\10.12\VM_20250730_135033_10\VM_20250730_135033_10.vmx linked -snapshot macos10.12_snapshot_20250730_135015
[2025-07-30 13:50:34] [INFO] 克隆命令执行完成，返回码: 0, 耗时: 1.25秒
[2025-07-30 13:50:34] [SUCCESS] 虚拟机 VM_20250730_135033_10.vmx 克隆成功
[2025-07-30 13:50:34] [INFO] 虚拟机 VM_20250730_135033_10.vmx 的displayName已更新为: VM_20250730_135033_10
[2025-07-30 13:50:35] [INFO] 开始克隆第 11/50 个虚拟机: VM_20250730_135035_11.vmx
[2025-07-30 13:50:35] [INFO] 虚拟机文件夹: D:\macos_vm\NewVM\10.12\VM_20250730_135035_11
[2025-07-30 13:50:35] [INFO] 使用配置文件: config_108.plist
[2025-07-30 13:50:35] [INFO] 从快照克隆: macos10.12_snapshot_20250730_135015
[2025-07-30 13:50:35] [INFO] 执行克隆命令: C:\Program Files (x86)\VMware\VMware Workstation\vmrun.exe clone D:\macos_vm\TemplateVM\macos10.12\macos10.12.vmx D:\macos_vm\NewVM\10.12\VM_20250730_135035_11\VM_20250730_135035_11.vmx linked -snapshot macos10.12_snapshot_20250730_135015
[2025-07-30 13:50:37] [INFO] 克隆命令执行完成，返回码: 0, 耗时: 1.33秒
[2025-07-30 13:50:37] [SUCCESS] 虚拟机 VM_20250730_135035_11.vmx 克隆成功
[2025-07-30 13:50:37] [INFO] 虚拟机 VM_20250730_135035_11.vmx 的displayName已更新为: VM_20250730_135035_11
[2025-07-30 13:50:38] [INFO] 开始克隆第 12/50 个虚拟机: VM_20250730_135038_12.vmx
[2025-07-30 13:50:38] [INFO] 虚拟机文件夹: D:\macos_vm\NewVM\10.12\VM_20250730_135038_12
[2025-07-30 13:50:38] [INFO] 使用配置文件: config_109.plist
[2025-07-30 13:50:38] [INFO] 从快照克隆: macos10.12_snapshot_20250730_135015
[2025-07-30 13:50:38] [INFO] 执行克隆命令: C:\Program Files (x86)\VMware\VMware Workstation\vmrun.exe clone D:\macos_vm\TemplateVM\macos10.12\macos10.12.vmx D:\macos_vm\NewVM\10.12\VM_20250730_135038_12\VM_20250730_135038_12.vmx linked -snapshot macos10.12_snapshot_20250730_135015
[2025-07-30 13:50:39] [INFO] 克隆命令执行完成，返回码: 0, 耗时: 0.84秒
[2025-07-30 13:50:39] [SUCCESS] 虚拟机 VM_20250730_135038_12.vmx 克隆成功
[2025-07-30 13:50:39] [INFO] 虚拟机 VM_20250730_135038_12.vmx 的displayName已更新为: VM_20250730_135038_12
[2025-07-30 13:50:40] [INFO] 开始克隆第 13/50 个虚拟机: VM_20250730_135040_13.vmx
[2025-07-30 13:50:40] [INFO] 虚拟机文件夹: D:\macos_vm\NewVM\10.12\VM_20250730_135040_13
[2025-07-30 13:50:40] [INFO] 使用配置文件: config_11.plist
[2025-07-30 13:50:40] [INFO] 从快照克隆: macos10.12_snapshot_20250730_135015
[2025-07-30 13:50:40] [INFO] 执行克隆命令: C:\Program Files (x86)\VMware\VMware Workstation\vmrun.exe clone D:\macos_vm\TemplateVM\macos10.12\macos10.12.vmx D:\macos_vm\NewVM\10.12\VM_20250730_135040_13\VM_20250730_135040_13.vmx linked -snapshot macos10.12_snapshot_20250730_135015
[2025-07-30 13:50:40] [INFO] 克隆命令执行完成，返回码: 0, 耗时: 0.79秒
[2025-07-30 13:50:40] [SUCCESS] 虚拟机 VM_20250730_135040_13.vmx 克隆成功
[2025-07-30 13:50:40] [INFO] 虚拟机 VM_20250730_135040_13.vmx 的displayName已更新为: VM_20250730_135040_13
[2025-07-30 13:50:41] [INFO] 开始克隆第 14/50 个虚拟机: VM_20250730_135041_14.vmx
[2025-07-30 13:50:41] [INFO] 虚拟机文件夹: D:\macos_vm\NewVM\10.12\VM_20250730_135041_14
[2025-07-30 13:50:41] [INFO] 使用配置文件: config_110.plist
[2025-07-30 13:50:41] [INFO] 从快照克隆: macos10.12_snapshot_20250730_135015
[2025-07-30 13:50:41] [INFO] 执行克隆命令: C:\Program Files (x86)\VMware\VMware Workstation\vmrun.exe clone D:\macos_vm\TemplateVM\macos10.12\macos10.12.vmx D:\macos_vm\NewVM\10.12\VM_20250730_135041_14\VM_20250730_135041_14.vmx linked -snapshot macos10.12_snapshot_20250730_135015
[2025-07-30 13:50:42] [INFO] 克隆命令执行完成，返回码: 0, 耗时: 0.96秒
[2025-07-30 13:50:42] [SUCCESS] 虚拟机 VM_20250730_135041_14.vmx 克隆成功
[2025-07-30 13:50:42] [INFO] 虚拟机 VM_20250730_135041_14.vmx 的displayName已更新为: VM_20250730_135041_14
[2025-07-30 13:50:43] [INFO] 开始克隆第 15/50 个虚拟机: VM_20250730_135043_15.vmx
[2025-07-30 13:50:43] [INFO] 虚拟机文件夹: D:\macos_vm\NewVM\10.12\VM_20250730_135043_15
[2025-07-30 13:50:43] [INFO] 使用配置文件: config_111.plist
[2025-07-30 13:50:43] [INFO] 从快照克隆: macos10.12_snapshot_20250730_135015
[2025-07-30 13:50:43] [INFO] 执行克隆命令: C:\Program Files (x86)\VMware\VMware Workstation\vmrun.exe clone D:\macos_vm\TemplateVM\macos10.12\macos10.12.vmx D:\macos_vm\NewVM\10.12\VM_20250730_135043_15\VM_20250730_135043_15.vmx linked -snapshot macos10.12_snapshot_20250730_135015
[2025-07-30 13:50:44] [INFO] 克隆命令执行完成，返回码: 0, 耗时: 0.82秒
[2025-07-30 13:50:44] [SUCCESS] 虚拟机 VM_20250730_135043_15.vmx 克隆成功
[2025-07-30 13:50:44] [INFO] 虚拟机 VM_20250730_135043_15.vmx 的displayName已更新为: VM_20250730_135043_15
[2025-07-30 13:50:45] [INFO] 开始克隆第 16/50 个虚拟机: VM_20250730_135045_16.vmx
[2025-07-30 13:50:45] [INFO] 虚拟机文件夹: D:\macos_vm\NewVM\10.12\VM_20250730_135045_16
[2025-07-30 13:50:45] [INFO] 使用配置文件: config_112.plist
[2025-07-30 13:50:45] [INFO] 从快照克隆: macos10.12_snapshot_20250730_135015
[2025-07-30 13:50:45] [INFO] 执行克隆命令: C:\Program Files (x86)\VMware\VMware Workstation\vmrun.exe clone D:\macos_vm\TemplateVM\macos10.12\macos10.12.vmx D:\macos_vm\NewVM\10.12\VM_20250730_135045_16\VM_20250730_135045_16.vmx linked -snapshot macos10.12_snapshot_20250730_135015
[2025-07-30 13:50:46] [INFO] 克隆命令执行完成，返回码: 0, 耗时: 0.72秒
[2025-07-30 13:50:46] [SUCCESS] 虚拟机 VM_20250730_135045_16.vmx 克隆成功
[2025-07-30 13:50:46] [INFO] 虚拟机 VM_20250730_135045_16.vmx 的displayName已更新为: VM_20250730_135045_16
[2025-07-30 13:50:47] [INFO] 开始克隆第 17/50 个虚拟机: VM_20250730_135047_17.vmx
[2025-07-30 13:50:47] [INFO] 虚拟机文件夹: D:\macos_vm\NewVM\10.12\VM_20250730_135047_17
[2025-07-30 13:50:47] [INFO] 使用配置文件: config_113.plist
[2025-07-30 13:50:47] [INFO] 从快照克隆: macos10.12_snapshot_20250730_135015
[2025-07-30 13:50:47] [INFO] 执行克隆命令: C:\Program Files (x86)\VMware\VMware Workstation\vmrun.exe clone D:\macos_vm\TemplateVM\macos10.12\macos10.12.vmx D:\macos_vm\NewVM\10.12\VM_20250730_135047_17\VM_20250730_135047_17.vmx linked -snapshot macos10.12_snapshot_20250730_135015
[2025-07-30 13:50:48] [INFO] 克隆命令执行完成，返回码: 0, 耗时: 0.77秒
[2025-07-30 13:50:48] [SUCCESS] 虚拟机 VM_20250730_135047_17.vmx 克隆成功
[2025-07-30 13:50:48] [INFO] 虚拟机 VM_20250730_135047_17.vmx 的displayName已更新为: VM_20250730_135047_17
[2025-07-30 13:50:49] [INFO] 开始克隆第 18/50 个虚拟机: VM_20250730_135049_18.vmx
[2025-07-30 13:50:49] [INFO] 虚拟机文件夹: D:\macos_vm\NewVM\10.12\VM_20250730_135049_18
[2025-07-30 13:50:49] [INFO] 使用配置文件: config_114.plist
[2025-07-30 13:50:49] [INFO] 从快照克隆: macos10.12_snapshot_20250730_135015
[2025-07-30 13:50:49] [INFO] 执行克隆命令: C:\Program Files (x86)\VMware\VMware Workstation\vmrun.exe clone D:\macos_vm\TemplateVM\macos10.12\macos10.12.vmx D:\macos_vm\NewVM\10.12\VM_20250730_135049_18\VM_20250730_135049_18.vmx linked -snapshot macos10.12_snapshot_20250730_135015
[2025-07-30 13:50:49] [INFO] 克隆命令执行完成，返回码: 0, 耗时: 0.72秒
[2025-07-30 13:50:49] [SUCCESS] 虚拟机 VM_20250730_135049_18.vmx 克隆成功
[2025-07-30 13:50:49] [INFO] 虚拟机 VM_20250730_135049_18.vmx 的displayName已更新为: VM_20250730_135049_18
[2025-07-30 13:50:50] [INFO] 开始克隆第 19/50 个虚拟机: VM_20250730_135050_19.vmx
[2025-07-30 13:50:50] [INFO] 虚拟机文件夹: D:\macos_vm\NewVM\10.12\VM_20250730_135050_19
[2025-07-30 13:50:50] [INFO] 使用配置文件: config_115.plist
[2025-07-30 13:50:50] [INFO] 从快照克隆: macos10.12_snapshot_20250730_135015
[2025-07-30 13:50:50] [INFO] 执行克隆命令: C:\Program Files (x86)\VMware\VMware Workstation\vmrun.exe clone D:\macos_vm\TemplateVM\macos10.12\macos10.12.vmx D:\macos_vm\NewVM\10.12\VM_20250730_135050_19\VM_20250730_135050_19.vmx linked -snapshot macos10.12_snapshot_20250730_135015
[2025-07-30 13:50:51] [INFO] 克隆命令执行完成，返回码: 0, 耗时: 0.73秒
[2025-07-30 13:50:51] [SUCCESS] 虚拟机 VM_20250730_135050_19.vmx 克隆成功
[2025-07-30 13:50:51] [INFO] 虚拟机 VM_20250730_135050_19.vmx 的displayName已更新为: VM_20250730_135050_19
[2025-07-30 13:50:52] [INFO] 开始克隆第 20/50 个虚拟机: VM_20250730_135052_20.vmx
[2025-07-30 13:50:52] [INFO] 虚拟机文件夹: D:\macos_vm\NewVM\10.12\VM_20250730_135052_20
[2025-07-30 13:50:52] [INFO] 使用配置文件: config_116.plist
[2025-07-30 13:50:52] [INFO] 从快照克隆: macos10.12_snapshot_20250730_135015
[2025-07-30 13:50:52] [INFO] 执行克隆命令: C:\Program Files (x86)\VMware\VMware Workstation\vmrun.exe clone D:\macos_vm\TemplateVM\macos10.12\macos10.12.vmx D:\macos_vm\NewVM\10.12\VM_20250730_135052_20\VM_20250730_135052_20.vmx linked -snapshot macos10.12_snapshot_20250730_135015
[2025-07-30 13:50:53] [INFO] 克隆命令执行完成，返回码: 0, 耗时: 0.70秒
[2025-07-30 13:50:53] [SUCCESS] 虚拟机 VM_20250730_135052_20.vmx 克隆成功
[2025-07-30 13:50:53] [INFO] 虚拟机 VM_20250730_135052_20.vmx 的displayName已更新为: VM_20250730_135052_20
[2025-07-30 13:50:54] [INFO] 开始克隆第 21/50 个虚拟机: VM_20250730_135054_21.vmx
[2025-07-30 13:50:54] [INFO] 虚拟机文件夹: D:\macos_vm\NewVM\10.12\VM_20250730_135054_21
[2025-07-30 13:50:54] [INFO] 使用配置文件: config_117.plist
[2025-07-30 13:50:54] [INFO] 从快照克隆: macos10.12_snapshot_20250730_135015
[2025-07-30 13:50:54] [INFO] 执行克隆命令: C:\Program Files (x86)\VMware\VMware Workstation\vmrun.exe clone D:\macos_vm\TemplateVM\macos10.12\macos10.12.vmx D:\macos_vm\NewVM\10.12\VM_20250730_135054_21\VM_20250730_135054_21.vmx linked -snapshot macos10.12_snapshot_20250730_135015
[2025-07-30 13:50:55] [INFO] 克隆命令执行完成，返回码: 0, 耗时: 0.79秒
[2025-07-30 13:50:55] [SUCCESS] 虚拟机 VM_20250730_135054_21.vmx 克隆成功
[2025-07-30 13:50:55] [INFO] 虚拟机 VM_20250730_135054_21.vmx 的displayName已更新为: VM_20250730_135054_21
[2025-07-30 13:50:56] [INFO] 开始克隆第 22/50 个虚拟机: VM_20250730_135056_22.vmx
[2025-07-30 13:50:56] [INFO] 虚拟机文件夹: D:\macos_vm\NewVM\10.12\VM_20250730_135056_22
[2025-07-30 13:50:56] [INFO] 使用配置文件: config_12.plist
[2025-07-30 13:50:56] [INFO] 从快照克隆: macos10.12_snapshot_20250730_135015
[2025-07-30 13:50:56] [INFO] 执行克隆命令: C:\Program Files (x86)\VMware\VMware Workstation\vmrun.exe clone D:\macos_vm\TemplateVM\macos10.12\macos10.12.vmx D:\macos_vm\NewVM\10.12\VM_20250730_135056_22\VM_20250730_135056_22.vmx linked -snapshot macos10.12_snapshot_20250730_135015
[2025-07-30 13:50:57] [INFO] 克隆命令执行完成，返回码: 0, 耗时: 1.19秒
[2025-07-30 13:50:57] [SUCCESS] 虚拟机 VM_20250730_135056_22.vmx 克隆成功
[2025-07-30 13:50:57] [INFO] 虚拟机 VM_20250730_135056_22.vmx 的displayName已更新为: VM_20250730_135056_22
[2025-07-30 13:50:58] [INFO] 开始克隆第 23/50 个虚拟机: VM_20250730_135058_23.vmx
[2025-07-30 13:50:58] [INFO] 虚拟机文件夹: D:\macos_vm\NewVM\10.12\VM_20250730_135058_23
[2025-07-30 13:50:58] [INFO] 使用配置文件: config_13.plist
[2025-07-30 13:50:58] [INFO] 从快照克隆: macos10.12_snapshot_20250730_135015
[2025-07-30 13:50:58] [INFO] 执行克隆命令: C:\Program Files (x86)\VMware\VMware Workstation\vmrun.exe clone D:\macos_vm\TemplateVM\macos10.12\macos10.12.vmx D:\macos_vm\NewVM\10.12\VM_20250730_135058_23\VM_20250730_135058_23.vmx linked -snapshot macos10.12_snapshot_20250730_135015
[2025-07-30 13:50:59] [INFO] 克隆命令执行完成，返回码: 0, 耗时: 0.75秒
[2025-07-30 13:50:59] [SUCCESS] 虚拟机 VM_20250730_135058_23.vmx 克隆成功
[2025-07-30 13:50:59] [INFO] 虚拟机 VM_20250730_135058_23.vmx 的displayName已更新为: VM_20250730_135058_23
[2025-07-30 13:51:00] [INFO] 开始克隆第 24/50 个虚拟机: VM_20250730_135100_24.vmx
[2025-07-30 13:51:00] [INFO] 虚拟机文件夹: D:\macos_vm\NewVM\10.12\VM_20250730_135100_24
[2025-07-30 13:51:00] [INFO] 使用配置文件: config_14.plist
[2025-07-30 13:51:00] [INFO] 从快照克隆: macos10.12_snapshot_20250730_135015
[2025-07-30 13:51:00] [INFO] 执行克隆命令: C:\Program Files (x86)\VMware\VMware Workstation\vmrun.exe clone D:\macos_vm\TemplateVM\macos10.12\macos10.12.vmx D:\macos_vm\NewVM\10.12\VM_20250730_135100_24\VM_20250730_135100_24.vmx linked -snapshot macos10.12_snapshot_20250730_135015
[2025-07-30 13:51:00] [INFO] 克隆命令执行完成，返回码: 0, 耗时: 0.78秒
[2025-07-30 13:51:00] [SUCCESS] 虚拟机 VM_20250730_135100_24.vmx 克隆成功
[2025-07-30 13:51:00] [INFO] 虚拟机 VM_20250730_135100_24.vmx 的displayName已更新为: VM_20250730_135100_24
[2025-07-30 13:51:01] [INFO] 开始克隆第 25/50 个虚拟机: VM_20250730_135101_25.vmx
[2025-07-30 13:51:01] [INFO] 虚拟机文件夹: D:\macos_vm\NewVM\10.12\VM_20250730_135101_25
[2025-07-30 13:51:01] [INFO] 使用配置文件: config_15.plist
[2025-07-30 13:51:01] [INFO] 从快照克隆: macos10.12_snapshot_20250730_135015
[2025-07-30 13:51:01] [INFO] 执行克隆命令: C:\Program Files (x86)\VMware\VMware Workstation\vmrun.exe clone D:\macos_vm\TemplateVM\macos10.12\macos10.12.vmx D:\macos_vm\NewVM\10.12\VM_20250730_135101_25\VM_20250730_135101_25.vmx linked -snapshot macos10.12_snapshot_20250730_135015
[2025-07-30 13:51:02] [INFO] 克隆命令执行完成，返回码: 0, 耗时: 0.76秒
[2025-07-30 13:51:02] [SUCCESS] 虚拟机 VM_20250730_135101_25.vmx 克隆成功
[2025-07-30 13:51:02] [INFO] 虚拟机 VM_20250730_135101_25.vmx 的displayName已更新为: VM_20250730_135101_25
[2025-07-30 13:51:03] [INFO] 开始克隆第 26/50 个虚拟机: VM_20250730_135103_26.vmx
[2025-07-30 13:51:03] [INFO] 虚拟机文件夹: D:\macos_vm\NewVM\10.12\VM_20250730_135103_26
[2025-07-30 13:51:03] [INFO] 使用配置文件: config_16.plist
[2025-07-30 13:51:03] [INFO] 从快照克隆: macos10.12_snapshot_20250730_135015
[2025-07-30 13:51:03] [INFO] 执行克隆命令: C:\Program Files (x86)\VMware\VMware Workstation\vmrun.exe clone D:\macos_vm\TemplateVM\macos10.12\macos10.12.vmx D:\macos_vm\NewVM\10.12\VM_20250730_135103_26\VM_20250730_135103_26.vmx linked -snapshot macos10.12_snapshot_20250730_135015
[2025-07-30 13:51:04] [INFO] 克隆命令执行完成，返回码: 0, 耗时: 0.99秒
[2025-07-30 13:51:04] [SUCCESS] 虚拟机 VM_20250730_135103_26.vmx 克隆成功
[2025-07-30 13:51:04] [INFO] 虚拟机 VM_20250730_135103_26.vmx 的displayName已更新为: VM_20250730_135103_26
[2025-07-30 13:51:05] [INFO] 开始克隆第 27/50 个虚拟机: VM_20250730_135105_27.vmx
[2025-07-30 13:51:05] [INFO] 虚拟机文件夹: D:\macos_vm\NewVM\10.12\VM_20250730_135105_27
[2025-07-30 13:51:05] [INFO] 使用配置文件: config_17.plist
[2025-07-30 13:51:05] [INFO] 从快照克隆: macos10.12_snapshot_20250730_135015
[2025-07-30 13:51:05] [INFO] 执行克隆命令: C:\Program Files (x86)\VMware\VMware Workstation\vmrun.exe clone D:\macos_vm\TemplateVM\macos10.12\macos10.12.vmx D:\macos_vm\NewVM\10.12\VM_20250730_135105_27\VM_20250730_135105_27.vmx linked -snapshot macos10.12_snapshot_20250730_135015
[2025-07-30 13:51:06] [INFO] 克隆命令执行完成，返回码: 0, 耗时: 0.75秒
[2025-07-30 13:51:06] [SUCCESS] 虚拟机 VM_20250730_135105_27.vmx 克隆成功
[2025-07-30 13:51:06] [INFO] 虚拟机 VM_20250730_135105_27.vmx 的displayName已更新为: VM_20250730_135105_27
[2025-07-30 13:51:07] [INFO] 开始克隆第 28/50 个虚拟机: VM_20250730_135107_28.vmx
[2025-07-30 13:51:07] [INFO] 虚拟机文件夹: D:\macos_vm\NewVM\10.12\VM_20250730_135107_28
[2025-07-30 13:51:07] [INFO] 使用配置文件: config_18.plist
[2025-07-30 13:51:07] [INFO] 从快照克隆: macos10.12_snapshot_20250730_135015
[2025-07-30 13:51:07] [INFO] 执行克隆命令: C:\Program Files (x86)\VMware\VMware Workstation\vmrun.exe clone D:\macos_vm\TemplateVM\macos10.12\macos10.12.vmx D:\macos_vm\NewVM\10.12\VM_20250730_135107_28\VM_20250730_135107_28.vmx linked -snapshot macos10.12_snapshot_20250730_135015
[2025-07-30 13:51:08] [INFO] 克隆命令执行完成，返回码: 0, 耗时: 0.99秒
[2025-07-30 13:51:08] [SUCCESS] 虚拟机 VM_20250730_135107_28.vmx 克隆成功
[2025-07-30 13:51:08] [INFO] 虚拟机 VM_20250730_135107_28.vmx 的displayName已更新为: VM_20250730_135107_28
[2025-07-30 13:51:09] [INFO] 开始克隆第 29/50 个虚拟机: VM_20250730_135109_29.vmx
[2025-07-30 13:51:09] [INFO] 虚拟机文件夹: D:\macos_vm\NewVM\10.12\VM_20250730_135109_29
[2025-07-30 13:51:09] [INFO] 使用配置文件: config_19.plist
[2025-07-30 13:51:09] [INFO] 从快照克隆: macos10.12_snapshot_20250730_135015
[2025-07-30 13:51:09] [INFO] 执行克隆命令: C:\Program Files (x86)\VMware\VMware Workstation\vmrun.exe clone D:\macos_vm\TemplateVM\macos10.12\macos10.12.vmx D:\macos_vm\NewVM\10.12\VM_20250730_135109_29\VM_20250730_135109_29.vmx linked -snapshot macos10.12_snapshot_20250730_135015
[2025-07-30 13:51:10] [INFO] 克隆命令执行完成，返回码: 0, 耗时: 0.85秒
[2025-07-30 13:51:10] [SUCCESS] 虚拟机 VM_20250730_135109_29.vmx 克隆成功
[2025-07-30 13:51:10] [INFO] 虚拟机 VM_20250730_135109_29.vmx 的displayName已更新为: VM_20250730_135109_29
[2025-07-30 13:51:11] [INFO] 开始克隆第 30/50 个虚拟机: VM_20250730_135111_30.vmx
[2025-07-30 13:51:11] [INFO] 虚拟机文件夹: D:\macos_vm\NewVM\10.12\VM_20250730_135111_30
[2025-07-30 13:51:11] [INFO] 使用配置文件: config_2.plist
[2025-07-30 13:51:11] [INFO] 从快照克隆: macos10.12_snapshot_20250730_135015
[2025-07-30 13:51:11] [INFO] 执行克隆命令: C:\Program Files (x86)\VMware\VMware Workstation\vmrun.exe clone D:\macos_vm\TemplateVM\macos10.12\macos10.12.vmx D:\macos_vm\NewVM\10.12\VM_20250730_135111_30\VM_20250730_135111_30.vmx linked -snapshot macos10.12_snapshot_20250730_135015
[2025-07-30 13:51:12] [INFO] 克隆命令执行完成，返回码: 0, 耗时: 0.80秒
[2025-07-30 13:51:12] [SUCCESS] 虚拟机 VM_20250730_135111_30.vmx 克隆成功
[2025-07-30 13:51:12] [INFO] 虚拟机 VM_20250730_135111_30.vmx 的displayName已更新为: VM_20250730_135111_30
[2025-07-30 13:51:13] [INFO] 开始克隆第 31/50 个虚拟机: VM_20250730_135113_31.vmx
[2025-07-30 13:51:13] [INFO] 虚拟机文件夹: D:\macos_vm\NewVM\10.12\VM_20250730_135113_31
[2025-07-30 13:51:13] [INFO] 使用配置文件: config_20.plist
[2025-07-30 13:51:13] [INFO] 从快照克隆: macos10.12_snapshot_20250730_135015
[2025-07-30 13:51:13] [INFO] 执行克隆命令: C:\Program Files (x86)\VMware\VMware Workstation\vmrun.exe clone D:\macos_vm\TemplateVM\macos10.12\macos10.12.vmx D:\macos_vm\NewVM\10.12\VM_20250730_135113_31\VM_20250730_135113_31.vmx linked -snapshot macos10.12_snapshot_20250730_135015
[2025-07-30 13:51:14] [INFO] 克隆命令执行完成，返回码: 0, 耗时: 0.75秒
[2025-07-30 13:51:14] [SUCCESS] 虚拟机 VM_20250730_135113_31.vmx 克隆成功
[2025-07-30 13:51:14] [INFO] 虚拟机 VM_20250730_135113_31.vmx 的displayName已更新为: VM_20250730_135113_31
[2025-07-30 13:51:15] [INFO] 开始克隆第 32/50 个虚拟机: VM_20250730_135115_32.vmx
[2025-07-30 13:51:15] [INFO] 虚拟机文件夹: D:\macos_vm\NewVM\10.12\VM_20250730_135115_32
[2025-07-30 13:51:15] [INFO] 使用配置文件: config_21.plist
[2025-07-30 13:51:15] [INFO] 从快照克隆: macos10.12_snapshot_20250730_135015
[2025-07-30 13:51:15] [INFO] 执行克隆命令: C:\Program Files (x86)\VMware\VMware Workstation\vmrun.exe clone D:\macos_vm\TemplateVM\macos10.12\macos10.12.vmx D:\macos_vm\NewVM\10.12\VM_20250730_135115_32\VM_20250730_135115_32.vmx linked -snapshot macos10.12_snapshot_20250730_135015
[2025-07-30 13:51:15] [INFO] 克隆命令执行完成，返回码: 0, 耗时: 0.87秒
[2025-07-30 13:51:15] [SUCCESS] 虚拟机 VM_20250730_135115_32.vmx 克隆成功
[2025-07-30 13:51:15] [INFO] 虚拟机 VM_20250730_135115_32.vmx 的displayName已更新为: VM_20250730_135115_32
[2025-07-30 13:51:16] [INFO] 开始克隆第 33/50 个虚拟机: VM_20250730_135116_33.vmx
[2025-07-30 13:51:16] [INFO] 虚拟机文件夹: D:\macos_vm\NewVM\10.12\VM_20250730_135116_33
[2025-07-30 13:51:16] [INFO] 使用配置文件: config_22.plist
[2025-07-30 13:51:16] [INFO] 从快照克隆: macos10.12_snapshot_20250730_135015
[2025-07-30 13:51:16] [INFO] 执行克隆命令: C:\Program Files (x86)\VMware\VMware Workstation\vmrun.exe clone D:\macos_vm\TemplateVM\macos10.12\macos10.12.vmx D:\macos_vm\NewVM\10.12\VM_20250730_135116_33\VM_20250730_135116_33.vmx linked -snapshot macos10.12_snapshot_20250730_135015
[2025-07-30 13:51:17] [INFO] 克隆命令执行完成，返回码: 0, 耗时: 0.89秒
[2025-07-30 13:51:17] [SUCCESS] 虚拟机 VM_20250730_135116_33.vmx 克隆成功
[2025-07-30 13:51:17] [INFO] 虚拟机 VM_20250730_135116_33.vmx 的displayName已更新为: VM_20250730_135116_33
[2025-07-30 13:51:18] [INFO] 开始克隆第 34/50 个虚拟机: VM_20250730_135118_34.vmx
[2025-07-30 13:51:18] [INFO] 虚拟机文件夹: D:\macos_vm\NewVM\10.12\VM_20250730_135118_34
[2025-07-30 13:51:18] [INFO] 使用配置文件: config_23.plist
[2025-07-30 13:51:18] [INFO] 从快照克隆: macos10.12_snapshot_20250730_135015
[2025-07-30 13:51:18] [INFO] 执行克隆命令: C:\Program Files (x86)\VMware\VMware Workstation\vmrun.exe clone D:\macos_vm\TemplateVM\macos10.12\macos10.12.vmx D:\macos_vm\NewVM\10.12\VM_20250730_135118_34\VM_20250730_135118_34.vmx linked -snapshot macos10.12_snapshot_20250730_135015
[2025-07-30 13:51:19] [INFO] 克隆命令执行完成，返回码: 0, 耗时: 0.84秒
[2025-07-30 13:51:19] [SUCCESS] 虚拟机 VM_20250730_135118_34.vmx 克隆成功
[2025-07-30 13:51:19] [INFO] 虚拟机 VM_20250730_135118_34.vmx 的displayName已更新为: VM_20250730_135118_34
[2025-07-30 13:51:20] [INFO] 开始克隆第 35/50 个虚拟机: VM_20250730_135120_35.vmx
[2025-07-30 13:51:20] [INFO] 虚拟机文件夹: D:\macos_vm\NewVM\10.12\VM_20250730_135120_35
[2025-07-30 13:51:20] [INFO] 使用配置文件: config_24.plist
[2025-07-30 13:51:20] [INFO] 从快照克隆: macos10.12_snapshot_20250730_135015
[2025-07-30 13:51:20] [INFO] 执行克隆命令: C:\Program Files (x86)\VMware\VMware Workstation\vmrun.exe clone D:\macos_vm\TemplateVM\macos10.12\macos10.12.vmx D:\macos_vm\NewVM\10.12\VM_20250730_135120_35\VM_20250730_135120_35.vmx linked -snapshot macos10.12_snapshot_20250730_135015
[2025-07-30 13:51:21] [INFO] 克隆命令执行完成，返回码: 0, 耗时: 0.93秒
[2025-07-30 13:51:21] [SUCCESS] 虚拟机 VM_20250730_135120_35.vmx 克隆成功
[2025-07-30 13:51:21] [INFO] 虚拟机 VM_20250730_135120_35.vmx 的displayName已更新为: VM_20250730_135120_35
[2025-07-30 13:51:22] [INFO] 开始克隆第 36/50 个虚拟机: VM_20250730_135122_36.vmx
[2025-07-30 13:51:22] [INFO] 虚拟机文件夹: D:\macos_vm\NewVM\10.12\VM_20250730_135122_36
[2025-07-30 13:51:22] [INFO] 使用配置文件: config_25.plist
[2025-07-30 13:51:22] [INFO] 从快照克隆: macos10.12_snapshot_20250730_135015
[2025-07-30 13:51:22] [INFO] 执行克隆命令: C:\Program Files (x86)\VMware\VMware Workstation\vmrun.exe clone D:\macos_vm\TemplateVM\macos10.12\macos10.12.vmx D:\macos_vm\NewVM\10.12\VM_20250730_135122_36\VM_20250730_135122_36.vmx linked -snapshot macos10.12_snapshot_20250730_135015
[2025-07-30 13:51:23] [INFO] 克隆命令执行完成，返回码: 0, 耗时: 0.70秒
[2025-07-30 13:51:23] [SUCCESS] 虚拟机 VM_20250730_135122_36.vmx 克隆成功
[2025-07-30 13:51:23] [INFO] 虚拟机 VM_20250730_135122_36.vmx 的displayName已更新为: VM_20250730_135122_36
[2025-07-30 13:51:24] [INFO] 开始克隆第 37/50 个虚拟机: VM_20250730_135124_37.vmx
[2025-07-30 13:51:24] [INFO] 虚拟机文件夹: D:\macos_vm\NewVM\10.12\VM_20250730_135124_37
[2025-07-30 13:51:24] [INFO] 使用配置文件: config_26.plist
[2025-07-30 13:51:24] [INFO] 从快照克隆: macos10.12_snapshot_20250730_135015
[2025-07-30 13:51:24] [INFO] 执行克隆命令: C:\Program Files (x86)\VMware\VMware Workstation\vmrun.exe clone D:\macos_vm\TemplateVM\macos10.12\macos10.12.vmx D:\macos_vm\NewVM\10.12\VM_20250730_135124_37\VM_20250730_135124_37.vmx linked -snapshot macos10.12_snapshot_20250730_135015
[2025-07-30 13:51:25] [INFO] 克隆命令执行完成，返回码: 0, 耗时: 0.72秒
[2025-07-30 13:51:25] [SUCCESS] 虚拟机 VM_20250730_135124_37.vmx 克隆成功
[2025-07-30 13:51:25] [INFO] 虚拟机 VM_20250730_135124_37.vmx 的displayName已更新为: VM_20250730_135124_37
[2025-07-30 13:51:26] [INFO] 开始克隆第 38/50 个虚拟机: VM_20250730_135126_38.vmx
[2025-07-30 13:51:26] [INFO] 虚拟机文件夹: D:\macos_vm\NewVM\10.12\VM_20250730_135126_38
[2025-07-30 13:51:26] [INFO] 使用配置文件: config_27.plist
[2025-07-30 13:51:26] [INFO] 从快照克隆: macos10.12_snapshot_20250730_135015
[2025-07-30 13:51:26] [INFO] 执行克隆命令: C:\Program Files (x86)\VMware\VMware Workstation\vmrun.exe clone D:\macos_vm\TemplateVM\macos10.12\macos10.12.vmx D:\macos_vm\NewVM\10.12\VM_20250730_135126_38\VM_20250730_135126_38.vmx linked -snapshot macos10.12_snapshot_20250730_135015
[2025-07-30 13:51:26] [INFO] 克隆命令执行完成，返回码: 0, 耗时: 0.72秒
[2025-07-30 13:51:26] [SUCCESS] 虚拟机 VM_20250730_135126_38.vmx 克隆成功
[2025-07-30 13:51:26] [INFO] 虚拟机 VM_20250730_135126_38.vmx 的displayName已更新为: VM_20250730_135126_38
[2025-07-30 13:51:27] [INFO] 开始克隆第 39/50 个虚拟机: VM_20250730_135127_39.vmx
[2025-07-30 13:51:27] [INFO] 虚拟机文件夹: D:\macos_vm\NewVM\10.12\VM_20250730_135127_39
[2025-07-30 13:51:27] [INFO] 使用配置文件: config_28.plist
[2025-07-30 13:51:27] [INFO] 从快照克隆: macos10.12_snapshot_20250730_135015
[2025-07-30 13:51:27] [INFO] 执行克隆命令: C:\Program Files (x86)\VMware\VMware Workstation\vmrun.exe clone D:\macos_vm\TemplateVM\macos10.12\macos10.12.vmx D:\macos_vm\NewVM\10.12\VM_20250730_135127_39\VM_20250730_135127_39.vmx linked -snapshot macos10.12_snapshot_20250730_135015
[2025-07-30 13:51:28] [INFO] 克隆命令执行完成，返回码: 0, 耗时: 0.72秒
[2025-07-30 13:51:28] [SUCCESS] 虚拟机 VM_20250730_135127_39.vmx 克隆成功
[2025-07-30 13:51:28] [INFO] 虚拟机 VM_20250730_135127_39.vmx 的displayName已更新为: VM_20250730_135127_39
[2025-07-30 13:51:29] [INFO] 开始克隆第 40/50 个虚拟机: VM_20250730_135129_40.vmx
[2025-07-30 13:51:29] [INFO] 虚拟机文件夹: D:\macos_vm\NewVM\10.12\VM_20250730_135129_40
[2025-07-30 13:51:29] [INFO] 使用配置文件: config_29.plist
[2025-07-30 13:51:29] [INFO] 从快照克隆: macos10.12_snapshot_20250730_135015
[2025-07-30 13:51:29] [INFO] 执行克隆命令: C:\Program Files (x86)\VMware\VMware Workstation\vmrun.exe clone D:\macos_vm\TemplateVM\macos10.12\macos10.12.vmx D:\macos_vm\NewVM\10.12\VM_20250730_135129_40\VM_20250730_135129_40.vmx linked -snapshot macos10.12_snapshot_20250730_135015
[2025-07-30 13:51:30] [INFO] 克隆命令执行完成，返回码: 0, 耗时: 0.72秒
[2025-07-30 13:51:30] [SUCCESS] 虚拟机 VM_20250730_135129_40.vmx 克隆成功
[2025-07-30 13:51:30] [INFO] 虚拟机 VM_20250730_135129_40.vmx 的displayName已更新为: VM_20250730_135129_40
[2025-07-30 13:51:31] [INFO] 开始克隆第 41/50 个虚拟机: VM_20250730_135131_41.vmx
[2025-07-30 13:51:31] [INFO] 虚拟机文件夹: D:\macos_vm\NewVM\10.12\VM_20250730_135131_41
[2025-07-30 13:51:31] [INFO] 使用配置文件: config_3.plist
[2025-07-30 13:51:31] [INFO] 从快照克隆: macos10.12_snapshot_20250730_135015
[2025-07-30 13:51:31] [INFO] 执行克隆命令: C:\Program Files (x86)\VMware\VMware Workstation\vmrun.exe clone D:\macos_vm\TemplateVM\macos10.12\macos10.12.vmx D:\macos_vm\NewVM\10.12\VM_20250730_135131_41\VM_20250730_135131_41.vmx linked -snapshot macos10.12_snapshot_20250730_135015
[2025-07-30 13:51:32] [INFO] 克隆命令执行完成，返回码: 0, 耗时: 0.95秒
[2025-07-30 13:51:32] [SUCCESS] 虚拟机 VM_20250730_135131_41.vmx 克隆成功
[2025-07-30 13:51:32] [INFO] 虚拟机 VM_20250730_135131_41.vmx 的displayName已更新为: VM_20250730_135131_41
[2025-07-30 13:51:33] [INFO] 开始克隆第 42/50 个虚拟机: VM_20250730_135133_42.vmx
[2025-07-30 13:51:33] [INFO] 虚拟机文件夹: D:\macos_vm\NewVM\10.12\VM_20250730_135133_42
[2025-07-30 13:51:33] [INFO] 使用配置文件: config_30.plist
[2025-07-30 13:51:33] [INFO] 从快照克隆: macos10.12_snapshot_20250730_135015
[2025-07-30 13:51:33] [INFO] 执行克隆命令: C:\Program Files (x86)\VMware\VMware Workstation\vmrun.exe clone D:\macos_vm\TemplateVM\macos10.12\macos10.12.vmx D:\macos_vm\NewVM\10.12\VM_20250730_135133_42\VM_20250730_135133_42.vmx linked -snapshot macos10.12_snapshot_20250730_135015
[2025-07-30 13:51:34] [INFO] 克隆命令执行完成，返回码: 0, 耗时: 0.83秒
[2025-07-30 13:51:34] [SUCCESS] 虚拟机 VM_20250730_135133_42.vmx 克隆成功
[2025-07-30 13:51:34] [INFO] 虚拟机 VM_20250730_135133_42.vmx 的displayName已更新为: VM_20250730_135133_42
[2025-07-30 13:51:35] [INFO] 开始克隆第 43/50 个虚拟机: VM_20250730_135135_43.vmx
[2025-07-30 13:51:35] [INFO] 虚拟机文件夹: D:\macos_vm\NewVM\10.12\VM_20250730_135135_43
[2025-07-30 13:51:35] [INFO] 使用配置文件: config_31.plist
[2025-07-30 13:51:35] [INFO] 从快照克隆: macos10.12_snapshot_20250730_135015
[2025-07-30 13:51:35] [INFO] 执行克隆命令: C:\Program Files (x86)\VMware\VMware Workstation\vmrun.exe clone D:\macos_vm\TemplateVM\macos10.12\macos10.12.vmx D:\macos_vm\NewVM\10.12\VM_20250730_135135_43\VM_20250730_135135_43.vmx linked -snapshot macos10.12_snapshot_20250730_135015
[2025-07-30 13:51:36] [INFO] 克隆命令执行完成，返回码: 0, 耗时: 1.05秒
[2025-07-30 13:51:36] [SUCCESS] 虚拟机 VM_20250730_135135_43.vmx 克隆成功
[2025-07-30 13:51:36] [INFO] 虚拟机 VM_20250730_135135_43.vmx 的displayName已更新为: VM_20250730_135135_43
[2025-07-30 13:51:37] [INFO] 开始克隆第 44/50 个虚拟机: VM_20250730_135137_44.vmx
[2025-07-30 13:51:37] [INFO] 虚拟机文件夹: D:\macos_vm\NewVM\10.12\VM_20250730_135137_44
[2025-07-30 13:51:37] [INFO] 使用配置文件: config_32.plist
[2025-07-30 13:51:37] [INFO] 从快照克隆: macos10.12_snapshot_20250730_135015
[2025-07-30 13:51:37] [INFO] 执行克隆命令: C:\Program Files (x86)\VMware\VMware Workstation\vmrun.exe clone D:\macos_vm\TemplateVM\macos10.12\macos10.12.vmx D:\macos_vm\NewVM\10.12\VM_20250730_135137_44\VM_20250730_135137_44.vmx linked -snapshot macos10.12_snapshot_20250730_135015
[2025-07-30 13:51:37] [INFO] 克隆命令执行完成，返回码: 0, 耗时: 0.69秒
[2025-07-30 13:51:37] [SUCCESS] 虚拟机 VM_20250730_135137_44.vmx 克隆成功
[2025-07-30 13:51:37] [INFO] 虚拟机 VM_20250730_135137_44.vmx 的displayName已更新为: VM_20250730_135137_44
[2025-07-30 13:51:38] [INFO] 开始克隆第 45/50 个虚拟机: VM_20250730_135138_45.vmx
[2025-07-30 13:51:38] [INFO] 虚拟机文件夹: D:\macos_vm\NewVM\10.12\VM_20250730_135138_45
[2025-07-30 13:51:38] [INFO] 使用配置文件: config_33.plist
[2025-07-30 13:51:39] [INFO] 从快照克隆: macos10.12_snapshot_20250730_135015
[2025-07-30 13:51:39] [INFO] 执行克隆命令: C:\Program Files (x86)\VMware\VMware Workstation\vmrun.exe clone D:\macos_vm\TemplateVM\macos10.12\macos10.12.vmx D:\macos_vm\NewVM\10.12\VM_20250730_135138_45\VM_20250730_135138_45.vmx linked -snapshot macos10.12_snapshot_20250730_135015
[2025-07-30 13:51:39] [INFO] 克隆命令执行完成，返回码: 0, 耗时: 0.73秒
[2025-07-30 13:51:39] [SUCCESS] 虚拟机 VM_20250730_135138_45.vmx 克隆成功
[2025-07-30 13:51:39] [INFO] 虚拟机 VM_20250730_135138_45.vmx 的displayName已更新为: VM_20250730_135138_45
[2025-07-30 13:51:40] [INFO] 开始克隆第 46/50 个虚拟机: VM_20250730_135140_46.vmx
[2025-07-30 13:51:40] [INFO] 虚拟机文件夹: D:\macos_vm\NewVM\10.12\VM_20250730_135140_46
[2025-07-30 13:51:40] [INFO] 使用配置文件: config_34.plist
[2025-07-30 13:51:40] [INFO] 从快照克隆: macos10.12_snapshot_20250730_135015
[2025-07-30 13:51:40] [INFO] 执行克隆命令: C:\Program Files (x86)\VMware\VMware Workstation\vmrun.exe clone D:\macos_vm\TemplateVM\macos10.12\macos10.12.vmx D:\macos_vm\NewVM\10.12\VM_20250730_135140_46\VM_20250730_135140_46.vmx linked -snapshot macos10.12_snapshot_20250730_135015
[2025-07-30 13:51:41] [INFO] 克隆命令执行完成，返回码: 0, 耗时: 0.73秒
[2025-07-30 13:51:41] [SUCCESS] 虚拟机 VM_20250730_135140_46.vmx 克隆成功
[2025-07-30 13:51:41] [INFO] 虚拟机 VM_20250730_135140_46.vmx 的displayName已更新为: VM_20250730_135140_46
[2025-07-30 13:51:42] [INFO] 开始克隆第 47/50 个虚拟机: VM_20250730_135142_47.vmx
[2025-07-30 13:51:42] [INFO] 虚拟机文件夹: D:\macos_vm\NewVM\10.12\VM_20250730_135142_47
[2025-07-30 13:51:42] [INFO] 使用配置文件: config_35.plist
[2025-07-30 13:51:42] [INFO] 从快照克隆: macos10.12_snapshot_20250730_135015
[2025-07-30 13:51:42] [INFO] 执行克隆命令: C:\Program Files (x86)\VMware\VMware Workstation\vmrun.exe clone D:\macos_vm\TemplateVM\macos10.12\macos10.12.vmx D:\macos_vm\NewVM\10.12\VM_20250730_135142_47\VM_20250730_135142_47.vmx linked -snapshot macos10.12_snapshot_20250730_135015
[2025-07-30 13:51:43] [INFO] 克隆命令执行完成，返回码: 0, 耗时: 0.70秒
[2025-07-30 13:51:43] [SUCCESS] 虚拟机 VM_20250730_135142_47.vmx 克隆成功
[2025-07-30 13:51:43] [INFO] 虚拟机 VM_20250730_135142_47.vmx 的displayName已更新为: VM_20250730_135142_47
[2025-07-30 13:51:44] [INFO] 开始克隆第 48/50 个虚拟机: VM_20250730_135144_48.vmx
[2025-07-30 13:51:44] [INFO] 虚拟机文件夹: D:\macos_vm\NewVM\10.12\VM_20250730_135144_48
[2025-07-30 13:51:44] [INFO] 使用配置文件: config_36.plist
[2025-07-30 13:51:44] [INFO] 从快照克隆: macos10.12_snapshot_20250730_135015
[2025-07-30 13:51:44] [INFO] 执行克隆命令: C:\Program Files (x86)\VMware\VMware Workstation\vmrun.exe clone D:\macos_vm\TemplateVM\macos10.12\macos10.12.vmx D:\macos_vm\NewVM\10.12\VM_20250730_135144_48\VM_20250730_135144_48.vmx linked -snapshot macos10.12_snapshot_20250730_135015
[2025-07-30 13:51:44] [INFO] 克隆命令执行完成，返回码: 0, 耗时: 0.73秒
[2025-07-30 13:51:44] [SUCCESS] 虚拟机 VM_20250730_135144_48.vmx 克隆成功
[2025-07-30 13:51:44] [INFO] 虚拟机 VM_20250730_135144_48.vmx 的displayName已更新为: VM_20250730_135144_48
[2025-07-30 13:51:45] [INFO] 开始克隆第 49/50 个虚拟机: VM_20250730_135145_49.vmx
[2025-07-30 13:51:45] [INFO] 虚拟机文件夹: D:\macos_vm\NewVM\10.12\VM_20250730_135145_49
[2025-07-30 13:51:45] [INFO] 使用配置文件: config_37.plist
[2025-07-30 13:51:45] [INFO] 从快照克隆: macos10.12_snapshot_20250730_135015
[2025-07-30 13:51:45] [INFO] 执行克隆命令: C:\Program Files (x86)\VMware\VMware Workstation\vmrun.exe clone D:\macos_vm\TemplateVM\macos10.12\macos10.12.vmx D:\macos_vm\NewVM\10.12\VM_20250730_135145_49\VM_20250730_135145_49.vmx linked -snapshot macos10.12_snapshot_20250730_135015
[2025-07-30 13:51:46] [INFO] 克隆命令执行完成，返回码: 0, 耗时: 0.72秒
[2025-07-30 13:51:46] [SUCCESS] 虚拟机 VM_20250730_135145_49.vmx 克隆成功
[2025-07-30 13:51:46] [INFO] 虚拟机 VM_20250730_135145_49.vmx 的displayName已更新为: VM_20250730_135145_49
[2025-07-30 13:51:47] [INFO] 开始克隆第 50/50 个虚拟机: VM_20250730_135147_50.vmx
[2025-07-30 13:51:47] [INFO] 虚拟机文件夹: D:\macos_vm\NewVM\10.12\VM_20250730_135147_50
[2025-07-30 13:51:47] [INFO] 使用配置文件: config_38.plist
[2025-07-30 13:51:47] [INFO] 从快照克隆: macos10.12_snapshot_20250730_135015
[2025-07-30 13:51:47] [INFO] 执行克隆命令: C:\Program Files (x86)\VMware\VMware Workstation\vmrun.exe clone D:\macos_vm\TemplateVM\macos10.12\macos10.12.vmx D:\macos_vm\NewVM\10.12\VM_20250730_135147_50\VM_20250730_135147_50.vmx linked -snapshot macos10.12_snapshot_20250730_135015
[2025-07-30 13:51:48] [INFO] 克隆命令执行完成，返回码: 0, 耗时: 0.83秒
[2025-07-30 13:51:48] [SUCCESS] 虚拟机 VM_20250730_135147_50.vmx 克隆成功
[2025-07-30 13:51:48] [INFO] 虚拟机 VM_20250730_135147_50.vmx 的displayName已更新为: VM_20250730_135147_50
[2025-07-30 13:51:49] [SUCCESS] 所有虚拟机克隆完成！成功: 50
