2025-07-28 20:51:37,821 [WARNING] _log:97 -  * Debugger is active!
2025-07-28 20:51:37,826 [INFO] _log:97 -  * Debugger PIN: 101-556-084
2025-07-28 20:51:48,055 [INFO] _log:97 -  * Detected change in 'D:\\macos_vm\\web\\app.py', reloading
2025-07-28 20:51:48,558 [WARNING] _log:97 -  * Debugger is active!
2025-07-28 20:51:48,563 [INFO] _log:97 -  * Debugger PIN: 101-556-084
2025-07-28 20:52:18,311 [INFO] _log:97 -  * Detected change in 'D:\\macos_vm\\web\\app.py', reloading
2025-07-28 20:52:18,895 [WARNING] _log:97 -  * Debugger is active!
2025-07-28 20:52:18,900 [INFO] _log:97 -  * Debugger PIN: 101-556-084
2025-07-28 20:52:19,486 [INFO] _log:97 - 127.0.0.1 - - [28/Jul/2025 20:52:19] "GET /api/vm_list?page=1&page_size=10 HTTP/1.1" 200 -
2025-07-28 20:52:20,091 [INFO] _log:97 - 127.0.0.1 - - [28/Jul/2025 20:52:20] "GET /api/vm_details/VM_20250728_184035_7 HTTP/1.1" 200 -
2025-07-28 20:52:58,548 [INFO] _log:97 -  * Detected change in 'D:\\macos_vm\\web\\app.py', reloading
2025-07-28 20:52:58,963 [WARNING] _log:97 -  * Debugger is active!
2025-07-28 20:52:58,968 [INFO] _log:97 -  * Debugger PIN: 101-556-084
2025-07-28 20:53:39,661 [INFO] _log:97 -  * Detected change in 'D:\\macos_vm\\web\\app.py', reloading
2025-07-28 20:53:40,197 [WARNING] _log:97 -  * Debugger is active!
2025-07-28 20:53:40,202 [INFO] _log:97 -  * Debugger PIN: 101-556-084
2025-07-28 20:54:01,588 [INFO] _log:97 -  * Detected change in 'D:\\macos_vm\\web\\app.py', reloading
2025-07-28 20:54:01,977 [WARNING] _log:97 -  * Debugger is active!
2025-07-28 20:54:01,982 [INFO] _log:97 -  * Debugger PIN: 101-556-084
2025-07-28 20:54:38,559 [INFO] _log:97 -  * Detected change in 'D:\\macos_vm\\web\\app.py', reloading
2025-07-28 20:54:39,165 [WARNING] _log:97 -  * Debugger is active!
2025-07-28 20:54:39,169 [INFO] _log:97 -  * Debugger PIN: 101-556-084
2025-07-28 20:54:53,434 [INFO] _log:97 -  * Detected change in 'D:\\macos_vm\\web\\webview_app.py', reloading
2025-07-28 20:54:53,804 [WARNING] _log:97 -  * Debugger is active!
2025-07-28 20:54:53,808 [INFO] _log:97 -  * Debugger PIN: 101-556-084
2025-07-28 20:55:07,030 [INFO] _log:97 -  * Detected change in 'D:\\macos_vm\\web\\webview_app.py', reloading
2025-07-28 20:55:07,422 [WARNING] _log:97 -  * Debugger is active!
2025-07-28 20:55:07,426 [INFO] _log:97 -  * Debugger PIN: 101-556-084
2025-07-28 20:55:14,580 [INFO] _log:97 -  * Detected change in 'D:\\macos_vm\\web\\webview_app.py', reloading
2025-07-28 20:55:14,966 [WARNING] _log:97 -  * Debugger is active!
2025-07-28 20:55:14,971 [INFO] _log:97 -  * Debugger PIN: 101-556-084
2025-07-28 20:55:23,129 [INFO] _log:97 -  * Detected change in 'D:\\macos_vm\\web\\webview_app.py', reloading
2025-07-28 20:55:23,825 [WARNING] _log:97 -  * Debugger is active!
2025-07-28 20:55:23,831 [INFO] _log:97 -  * Debugger PIN: 101-556-084
2025-07-28 20:55:29,944 [INFO] _log:97 -  * Detected change in 'D:\\macos_vm\\web\\webview_app.py', reloading
2025-07-28 20:55:30,378 [WARNING] _log:97 -  * Debugger is active!
2025-07-28 20:55:30,382 [INFO] _log:97 -  * Debugger PIN: 101-556-084
2025-07-28 20:55:42,644 [INFO] _log:97 -  * Detected change in 'D:\\macos_vm\\web\\generate_templates.py', reloading
2025-07-28 20:55:43,032 [WARNING] _log:97 -  * Debugger is active!
2025-07-28 20:55:43,035 [INFO] _log:97 -  * Debugger PIN: 101-556-084
2025-07-28 20:55:57,290 [INFO] _log:97 -  * Detected change in 'D:\\macos_vm\\web\\generate_templates.py', reloading
2025-07-28 20:55:57,971 [WARNING] _log:97 -  * Debugger is active!
2025-07-28 20:55:57,975 [INFO] _log:97 -  * Debugger PIN: 101-556-084
2025-07-28 20:56:08,177 [INFO] _log:97 -  * Detected change in 'D:\\macos_vm\\web\\create_templates.py', reloading
2025-07-28 20:56:08,583 [WARNING] _log:97 -  * Debugger is active!
2025-07-28 20:56:08,588 [INFO] _log:97 -  * Debugger PIN: 101-556-084
2025-07-28 20:56:26,870 [INFO] _log:97 -  * Detected change in 'D:\\macos_vm\\web\\create_templates.py', reloading
2025-07-28 20:56:27,501 [WARNING] _log:97 -  * Debugger is active!
2025-07-28 20:56:27,511 [INFO] _log:97 -  * Debugger PIN: 101-556-084
2025-07-28 20:56:50,273 [INFO] _log:97 - 127.0.0.1 - - [28/Jul/2025 20:56:50] "GET /vm_management HTTP/1.1" 200 -
2025-07-28 20:56:50,333 [INFO] api_vm_list:811 - 收到获取虚拟机列表API请求
2025-07-28 20:56:50,333 [DEBUG] api_vm_list:816 - 分页参数 - 页码: 1, 每页大小: 10
2025-07-28 20:56:50,334 [DEBUG] api_vm_list:823 - 开始扫描虚拟机目录: D:\macos_vm\NewVM
2025-07-28 20:56:50,334 [DEBUG] api_vm_list:833 - 执行vmrun命令: ['C:\\Program Files (x86)\\VMware\\VMware Workstation\\vmrun.exe', 'list']
2025-07-28 20:56:50,899 [DEBUG] api_vm_list:838 - 获取到运行中虚拟机: 1 个
2025-07-28 20:56:50,903 [DEBUG] api_vm_list:858 - 找到虚拟机: VM_20250728_184035_7, 状态: running
2025-07-28 20:56:50,904 [DEBUG] api_vm_list:858 - 找到虚拟机: VM_20250728_184037_8, 状态: stopped
2025-07-28 20:56:50,904 [DEBUG] api_vm_list:858 - 找到虚拟机: VM_20250728_184038_9, 状态: stopped
2025-07-28 20:56:50,905 [DEBUG] api_vm_list:858 - 找到虚拟机: VM_20250728_184040_10, 状态: stopped
2025-07-28 20:56:50,905 [DEBUG] api_vm_list:858 - 找到虚拟机: VM_20250728_185937_1, 状态: stopped
2025-07-28 20:56:50,905 [DEBUG] api_vm_list:858 - 找到虚拟机: VM_20250728_185939_2, 状态: stopped
2025-07-28 20:56:50,905 [DEBUG] api_vm_list:858 - 找到虚拟机: VM_20250728_185941_3, 状态: stopped
2025-07-28 20:56:50,905 [DEBUG] api_vm_list:858 - 找到虚拟机: VM_20250728_185942_4, 状态: stopped
2025-07-28 20:56:50,906 [DEBUG] api_vm_list:858 - 找到虚拟机: VM_20250728_185944_5, 状态: stopped
2025-07-28 20:56:50,906 [DEBUG] api_vm_list:858 - 找到虚拟机: VM_20250728_185946_6, 状态: stopped
2025-07-28 20:56:50,906 [DEBUG] api_vm_list:858 - 找到虚拟机: VM_20250728_185948_7, 状态: stopped
2025-07-28 20:56:50,906 [DEBUG] api_vm_list:858 - 找到虚拟机: VM_20250728_185950_8, 状态: stopped
2025-07-28 20:56:50,907 [DEBUG] api_vm_list:858 - 找到虚拟机: VM_20250728_185952_9, 状态: stopped
2025-07-28 20:56:50,907 [DEBUG] api_vm_list:858 - 找到虚拟机: VM_20250728_185953_10, 状态: stopped
2025-07-28 20:56:50,907 [DEBUG] api_vm_list:858 - 找到虚拟机: VM_20250728_185955_11, 状态: stopped
2025-07-28 20:56:50,907 [DEBUG] api_vm_list:858 - 找到虚拟机: VM_20250728_185957_12, 状态: stopped
2025-07-28 20:56:50,907 [DEBUG] api_vm_list:858 - 找到虚拟机: VM_20250728_190150_1, 状态: stopped
2025-07-28 20:56:50,907 [DEBUG] api_vm_list:858 - 找到虚拟机: VM_20250728_190152_2, 状态: stopped
2025-07-28 20:56:50,908 [DEBUG] api_vm_list:858 - 找到虚拟机: VM_20250728_190154_3, 状态: stopped
2025-07-28 20:56:50,908 [DEBUG] api_vm_list:858 - 找到虚拟机: VM_20250728_200845_1, 状态: stopped
2025-07-28 20:56:50,910 [DEBUG] api_vm_list:858 - 找到虚拟机: VM_20250728_200847_2, 状态: stopped
2025-07-28 20:56:50,911 [DEBUG] api_vm_list:858 - 找到虚拟机: VM_20250728_200849_3, 状态: stopped
2025-07-28 20:56:50,912 [DEBUG] api_vm_list:858 - 找到虚拟机: VM_20250728_200850_4, 状态: stopped
2025-07-28 20:56:50,913 [DEBUG] api_vm_list:858 - 找到虚拟机: VM_20250728_200852_5, 状态: stopped
2025-07-28 20:56:50,914 [DEBUG] api_vm_list:858 - 找到虚拟机: VM_20250728_200854_6, 状态: stopped
2025-07-28 20:56:50,914 [DEBUG] api_vm_list:858 - 找到虚拟机: VM_20250728_200856_7, 状态: stopped
2025-07-28 20:56:50,914 [DEBUG] api_vm_list:858 - 找到虚拟机: VM_20250728_200857_8, 状态: stopped
2025-07-28 20:56:50,914 [DEBUG] api_vm_list:858 - 找到虚拟机: VM_20250728_200859_9, 状态: stopped
2025-07-28 20:56:50,915 [DEBUG] api_vm_list:858 - 找到虚拟机: VM_20250728_200901_10, 状态: stopped
2025-07-28 20:56:50,915 [DEBUG] api_vm_list:858 - 找到虚拟机: VM_20250728_200903_11, 状态: stopped
2025-07-28 20:56:50,915 [DEBUG] api_vm_list:858 - 找到虚拟机: VM_20250728_200904_12, 状态: stopped
2025-07-28 20:56:50,915 [DEBUG] api_vm_list:858 - 找到虚拟机: VM_20250728_200906_13, 状态: stopped
2025-07-28 20:56:50,916 [DEBUG] api_vm_list:858 - 找到虚拟机: VM_20250728_200908_14, 状态: stopped
2025-07-28 20:56:50,916 [DEBUG] api_vm_list:858 - 找到虚拟机: VM_20250728_200910_15, 状态: stopped
2025-07-28 20:56:50,917 [DEBUG] api_vm_list:858 - 找到虚拟机: VM_20250728_200912_16, 状态: stopped
2025-07-28 20:56:50,917 [DEBUG] api_vm_list:858 - 找到虚拟机: VM_20250728_200914_17, 状态: stopped
2025-07-28 20:56:50,917 [DEBUG] api_vm_list:858 - 找到虚拟机: VM_20250728_200915_18, 状态: stopped
2025-07-28 20:56:50,918 [DEBUG] api_vm_list:858 - 找到虚拟机: VM_20250728_200917_19, 状态: stopped
2025-07-28 20:56:50,918 [DEBUG] api_vm_list:858 - 找到虚拟机: VM_20250728_200919_20, 状态: stopped
2025-07-28 20:56:50,918 [DEBUG] api_vm_list:858 - 找到虚拟机: VM_20250728_201229_1, 状态: stopped
2025-07-28 20:56:50,919 [DEBUG] api_vm_list:858 - 找到虚拟机: VM_20250728_201231_2, 状态: stopped
2025-07-28 20:56:50,919 [DEBUG] api_vm_list:858 - 找到虚拟机: VM_20250728_201233_3, 状态: stopped
2025-07-28 20:56:50,919 [DEBUG] api_vm_list:858 - 找到虚拟机: VM_20250728_201235_4, 状态: stopped
2025-07-28 20:56:50,920 [DEBUG] api_vm_list:858 - 找到虚拟机: VM_20250728_201236_5, 状态: stopped
2025-07-28 20:56:50,920 [DEBUG] api_vm_list:858 - 找到虚拟机: VM_20250728_201238_6, 状态: stopped
2025-07-28 20:56:50,921 [DEBUG] api_vm_list:858 - 找到虚拟机: VM_20250728_201240_7, 状态: stopped
2025-07-28 20:56:50,922 [DEBUG] api_vm_list:858 - 找到虚拟机: VM_20250728_201242_8, 状态: stopped
2025-07-28 20:56:50,922 [DEBUG] api_vm_list:858 - 找到虚拟机: VM_20250728_201243_9, 状态: stopped
2025-07-28 20:56:50,923 [DEBUG] api_vm_list:858 - 找到虚拟机: VM_20250728_201245_10, 状态: stopped
2025-07-28 20:56:50,923 [DEBUG] api_vm_list:858 - 找到虚拟机: VM_20250728_201247_11, 状态: stopped
2025-07-28 20:56:50,924 [DEBUG] api_vm_list:858 - 找到虚拟机: VM_20250728_201249_12, 状态: stopped
2025-07-28 20:56:50,924 [DEBUG] api_vm_list:858 - 找到虚拟机: VM_20250728_201416_1, 状态: stopped
2025-07-28 20:56:50,928 [DEBUG] api_vm_list:858 - 找到虚拟机: VM_20250728_201418_2, 状态: stopped
2025-07-28 20:56:50,929 [DEBUG] api_vm_list:858 - 找到虚拟机: VM_20250728_201420_3, 状态: stopped
2025-07-28 20:56:50,929 [DEBUG] api_vm_list:858 - 找到虚拟机: VM_20250728_201422_4, 状态: stopped
2025-07-28 20:56:50,929 [DEBUG] api_vm_list:858 - 找到虚拟机: VM_20250728_201424_5, 状态: stopped
2025-07-28 20:56:50,930 [DEBUG] api_vm_list:858 - 找到虚拟机: VM_20250728_201425_6, 状态: stopped
2025-07-28 20:56:50,931 [DEBUG] api_vm_list:858 - 找到虚拟机: VM_20250728_201427_7, 状态: stopped
2025-07-28 20:56:50,931 [DEBUG] api_vm_list:858 - 找到虚拟机: VM_20250728_201429_8, 状态: stopped
2025-07-28 20:56:50,931 [DEBUG] api_vm_list:858 - 找到虚拟机: VM_20250728_201431_9, 状态: stopped
2025-07-28 20:56:50,932 [DEBUG] api_vm_list:858 - 找到虚拟机: VM_20250728_201432_10, 状态: stopped
2025-07-28 20:56:50,932 [DEBUG] api_vm_list:858 - 找到虚拟机: VM_20250728_201434_11, 状态: stopped
2025-07-28 20:56:50,933 [DEBUG] api_vm_list:858 - 找到虚拟机: VM_20250728_201436_12, 状态: stopped
2025-07-28 20:56:50,933 [DEBUG] api_vm_list:858 - 找到虚拟机: VM_20250728_204825_1, 状态: stopped
2025-07-28 20:56:50,934 [DEBUG] api_vm_list:858 - 找到虚拟机: VM_20250728_204827_2, 状态: stopped
2025-07-28 20:56:50,934 [DEBUG] api_vm_list:858 - 找到虚拟机: VM_20250728_204829_3, 状态: stopped
2025-07-28 20:56:50,934 [DEBUG] api_vm_list:858 - 找到虚拟机: VM_20250728_204831_4, 状态: stopped
2025-07-28 20:56:50,934 [DEBUG] api_vm_list:858 - 找到虚拟机: VM_20250728_204833_5, 状态: stopped
2025-07-28 20:56:50,935 [DEBUG] api_vm_list:858 - 找到虚拟机: VM_20250728_204834_6, 状态: stopped
2025-07-28 20:56:50,935 [DEBUG] api_vm_list:858 - 找到虚拟机: VM_20250728_204836_7, 状态: stopped
2025-07-28 20:56:50,936 [DEBUG] api_vm_list:858 - 找到虚拟机: VM_20250728_204838_8, 状态: stopped
2025-07-28 20:56:50,936 [DEBUG] api_vm_list:858 - 找到虚拟机: VM_20250728_204840_9, 状态: stopped
2025-07-28 20:56:50,936 [DEBUG] api_vm_list:858 - 找到虚拟机: VM_20250728_204842_10, 状态: stopped
2025-07-28 20:56:50,936 [DEBUG] api_vm_list:858 - 找到虚拟机: VM_20250728_204844_11, 状态: stopped
2025-07-28 20:56:50,936 [DEBUG] api_vm_list:858 - 找到虚拟机: VM_20250728_204908_1, 状态: stopped
2025-07-28 20:56:50,937 [DEBUG] api_vm_list:858 - 找到虚拟机: VM_20250728_204910_2, 状态: stopped
2025-07-28 20:56:50,937 [DEBUG] api_vm_list:858 - 找到虚拟机: VM_20250728_204912_3, 状态: stopped
2025-07-28 20:56:50,937 [INFO] api_vm_list:889 - 虚拟机列表获取完成 - 总数: 77, 运行中: 1, 已停止: 76
2025-07-28 20:56:50,937 [INFO] _log:97 - 127.0.0.1 - - [28/Jul/2025 20:56:50] "GET /api/vm_list?page=1&page_size=10 HTTP/1.1" 200 -
2025-07-28 20:56:51,528 [INFO] _log:97 - 127.0.0.1 - - [28/Jul/2025 20:56:51] "GET /api/vm_details/VM_20250728_184035_7 HTTP/1.1" 200 -
2025-07-28 20:56:51,932 [INFO] _log:97 - 127.0.0.1 - - [28/Jul/2025 20:56:51] "GET /vm_info HTTP/1.1" 200 -
2025-07-28 20:56:52,385 [INFO] _log:97 - 127.0.0.1 - - [28/Jul/2025 20:56:52] "GET /api/vm_info_list HTTP/1.1" 200 -
2025-07-28 20:56:52,432 [INFO] _log:97 - 127.0.0.1 - - [28/Jul/2025 20:56:52] "GET /vm_management HTTP/1.1" 200 -
2025-07-28 20:56:52,470 [INFO] api_vm_list:811 - 收到获取虚拟机列表API请求
2025-07-28 20:56:52,471 [DEBUG] api_vm_list:816 - 分页参数 - 页码: 1, 每页大小: 10
2025-07-28 20:56:52,471 [DEBUG] api_vm_list:823 - 开始扫描虚拟机目录: D:\macos_vm\NewVM
2025-07-28 20:56:52,472 [DEBUG] api_vm_list:833 - 执行vmrun命令: ['C:\\Program Files (x86)\\VMware\\VMware Workstation\\vmrun.exe', 'list']
2025-07-28 20:56:52,885 [DEBUG] api_vm_list:838 - 获取到运行中虚拟机: 1 个
2025-07-28 20:56:52,889 [DEBUG] api_vm_list:858 - 找到虚拟机: VM_20250728_184035_7, 状态: running
2025-07-28 20:56:52,890 [DEBUG] api_vm_list:858 - 找到虚拟机: VM_20250728_184037_8, 状态: stopped
2025-07-28 20:56:52,890 [DEBUG] api_vm_list:858 - 找到虚拟机: VM_20250728_184038_9, 状态: stopped
2025-07-28 20:56:52,890 [DEBUG] api_vm_list:858 - 找到虚拟机: VM_20250728_184040_10, 状态: stopped
2025-07-28 20:56:52,891 [DEBUG] api_vm_list:858 - 找到虚拟机: VM_20250728_185937_1, 状态: stopped
2025-07-28 20:56:52,891 [DEBUG] api_vm_list:858 - 找到虚拟机: VM_20250728_185939_2, 状态: stopped
2025-07-28 20:56:52,891 [DEBUG] api_vm_list:858 - 找到虚拟机: VM_20250728_185941_3, 状态: stopped
2025-07-28 20:56:52,891 [DEBUG] api_vm_list:858 - 找到虚拟机: VM_20250728_185942_4, 状态: stopped
2025-07-28 20:56:52,892 [DEBUG] api_vm_list:858 - 找到虚拟机: VM_20250728_185944_5, 状态: stopped
2025-07-28 20:56:52,892 [DEBUG] api_vm_list:858 - 找到虚拟机: VM_20250728_185946_6, 状态: stopped
2025-07-28 20:56:52,894 [DEBUG] api_vm_list:858 - 找到虚拟机: VM_20250728_185948_7, 状态: stopped
2025-07-28 20:56:52,894 [DEBUG] api_vm_list:858 - 找到虚拟机: VM_20250728_185950_8, 状态: stopped
2025-07-28 20:56:52,894 [DEBUG] api_vm_list:858 - 找到虚拟机: VM_20250728_185952_9, 状态: stopped
2025-07-28 20:56:52,895 [DEBUG] api_vm_list:858 - 找到虚拟机: VM_20250728_185953_10, 状态: stopped
2025-07-28 20:56:52,895 [DEBUG] api_vm_list:858 - 找到虚拟机: VM_20250728_185955_11, 状态: stopped
2025-07-28 20:56:52,896 [DEBUG] api_vm_list:858 - 找到虚拟机: VM_20250728_185957_12, 状态: stopped
2025-07-28 20:56:52,897 [DEBUG] api_vm_list:858 - 找到虚拟机: VM_20250728_190150_1, 状态: stopped
2025-07-28 20:56:52,898 [DEBUG] api_vm_list:858 - 找到虚拟机: VM_20250728_190152_2, 状态: stopped
2025-07-28 20:56:52,898 [DEBUG] api_vm_list:858 - 找到虚拟机: VM_20250728_190154_3, 状态: stopped
2025-07-28 20:56:52,899 [DEBUG] api_vm_list:858 - 找到虚拟机: VM_20250728_200845_1, 状态: stopped
2025-07-28 20:56:52,899 [DEBUG] api_vm_list:858 - 找到虚拟机: VM_20250728_200847_2, 状态: stopped
2025-07-28 20:56:52,900 [DEBUG] api_vm_list:858 - 找到虚拟机: VM_20250728_200849_3, 状态: stopped
2025-07-28 20:56:52,900 [DEBUG] api_vm_list:858 - 找到虚拟机: VM_20250728_200850_4, 状态: stopped
2025-07-28 20:56:52,900 [DEBUG] api_vm_list:858 - 找到虚拟机: VM_20250728_200852_5, 状态: stopped
2025-07-28 20:56:52,901 [DEBUG] api_vm_list:858 - 找到虚拟机: VM_20250728_200854_6, 状态: stopped
2025-07-28 20:56:52,901 [DEBUG] api_vm_list:858 - 找到虚拟机: VM_20250728_200856_7, 状态: stopped
2025-07-28 20:56:52,902 [DEBUG] api_vm_list:858 - 找到虚拟机: VM_20250728_200857_8, 状态: stopped
2025-07-28 20:56:52,902 [DEBUG] api_vm_list:858 - 找到虚拟机: VM_20250728_200859_9, 状态: stopped
2025-07-28 20:56:52,902 [DEBUG] api_vm_list:858 - 找到虚拟机: VM_20250728_200901_10, 状态: stopped
2025-07-28 20:56:52,902 [DEBUG] api_vm_list:858 - 找到虚拟机: VM_20250728_200903_11, 状态: stopped
2025-07-28 20:56:52,903 [DEBUG] api_vm_list:858 - 找到虚拟机: VM_20250728_200904_12, 状态: stopped
2025-07-28 20:56:52,903 [DEBUG] api_vm_list:858 - 找到虚拟机: VM_20250728_200906_13, 状态: stopped
2025-07-28 20:56:52,903 [DEBUG] api_vm_list:858 - 找到虚拟机: VM_20250728_200908_14, 状态: stopped
2025-07-28 20:56:52,904 [DEBUG] api_vm_list:858 - 找到虚拟机: VM_20250728_200910_15, 状态: stopped
2025-07-28 20:56:52,904 [DEBUG] api_vm_list:858 - 找到虚拟机: VM_20250728_200912_16, 状态: stopped
2025-07-28 20:56:52,904 [DEBUG] api_vm_list:858 - 找到虚拟机: VM_20250728_200914_17, 状态: stopped
2025-07-28 20:56:52,904 [DEBUG] api_vm_list:858 - 找到虚拟机: VM_20250728_200915_18, 状态: stopped
2025-07-28 20:56:52,905 [DEBUG] api_vm_list:858 - 找到虚拟机: VM_20250728_200917_19, 状态: stopped
2025-07-28 20:56:52,905 [DEBUG] api_vm_list:858 - 找到虚拟机: VM_20250728_200919_20, 状态: stopped
2025-07-28 20:56:52,905 [DEBUG] api_vm_list:858 - 找到虚拟机: VM_20250728_201229_1, 状态: stopped
2025-07-28 20:56:52,906 [DEBUG] api_vm_list:858 - 找到虚拟机: VM_20250728_201231_2, 状态: stopped
2025-07-28 20:56:52,906 [DEBUG] api_vm_list:858 - 找到虚拟机: VM_20250728_201233_3, 状态: stopped
2025-07-28 20:56:52,906 [DEBUG] api_vm_list:858 - 找到虚拟机: VM_20250728_201235_4, 状态: stopped
2025-07-28 20:56:52,906 [DEBUG] api_vm_list:858 - 找到虚拟机: VM_20250728_201236_5, 状态: stopped
2025-07-28 20:56:52,907 [DEBUG] api_vm_list:858 - 找到虚拟机: VM_20250728_201238_6, 状态: stopped
2025-07-28 20:56:52,907 [DEBUG] api_vm_list:858 - 找到虚拟机: VM_20250728_201240_7, 状态: stopped
2025-07-28 20:56:52,907 [DEBUG] api_vm_list:858 - 找到虚拟机: VM_20250728_201242_8, 状态: stopped
2025-07-28 20:56:52,908 [DEBUG] api_vm_list:858 - 找到虚拟机: VM_20250728_201243_9, 状态: stopped
2025-07-28 20:56:52,908 [DEBUG] api_vm_list:858 - 找到虚拟机: VM_20250728_201245_10, 状态: stopped
2025-07-28 20:56:52,908 [DEBUG] api_vm_list:858 - 找到虚拟机: VM_20250728_201247_11, 状态: stopped
2025-07-28 20:56:52,909 [DEBUG] api_vm_list:858 - 找到虚拟机: VM_20250728_201249_12, 状态: stopped
2025-07-28 20:56:52,911 [DEBUG] api_vm_list:858 - 找到虚拟机: VM_20250728_201416_1, 状态: stopped
2025-07-28 20:56:52,911 [DEBUG] api_vm_list:858 - 找到虚拟机: VM_20250728_201418_2, 状态: stopped
2025-07-28 20:56:52,911 [DEBUG] api_vm_list:858 - 找到虚拟机: VM_20250728_201420_3, 状态: stopped
2025-07-28 20:56:52,912 [DEBUG] api_vm_list:858 - 找到虚拟机: VM_20250728_201422_4, 状态: stopped
2025-07-28 20:56:52,913 [DEBUG] api_vm_list:858 - 找到虚拟机: VM_20250728_201424_5, 状态: stopped
2025-07-28 20:56:52,914 [DEBUG] api_vm_list:858 - 找到虚拟机: VM_20250728_201425_6, 状态: stopped
2025-07-28 20:56:52,916 [DEBUG] api_vm_list:858 - 找到虚拟机: VM_20250728_201427_7, 状态: stopped
2025-07-28 20:56:52,916 [DEBUG] api_vm_list:858 - 找到虚拟机: VM_20250728_201429_8, 状态: stopped
2025-07-28 20:56:52,917 [DEBUG] api_vm_list:858 - 找到虚拟机: VM_20250728_201431_9, 状态: stopped
2025-07-28 20:56:52,918 [DEBUG] api_vm_list:858 - 找到虚拟机: VM_20250728_201432_10, 状态: stopped
2025-07-28 20:56:52,919 [DEBUG] api_vm_list:858 - 找到虚拟机: VM_20250728_201434_11, 状态: stopped
2025-07-28 20:56:52,919 [DEBUG] api_vm_list:858 - 找到虚拟机: VM_20250728_201436_12, 状态: stopped
2025-07-28 20:56:52,920 [DEBUG] api_vm_list:858 - 找到虚拟机: VM_20250728_204825_1, 状态: stopped
2025-07-28 20:56:52,920 [DEBUG] api_vm_list:858 - 找到虚拟机: VM_20250728_204827_2, 状态: stopped
2025-07-28 20:56:52,920 [DEBUG] api_vm_list:858 - 找到虚拟机: VM_20250728_204829_3, 状态: stopped
2025-07-28 20:56:52,920 [DEBUG] api_vm_list:858 - 找到虚拟机: VM_20250728_204831_4, 状态: stopped
2025-07-28 20:56:52,921 [DEBUG] api_vm_list:858 - 找到虚拟机: VM_20250728_204833_5, 状态: stopped
2025-07-28 20:56:52,921 [DEBUG] api_vm_list:858 - 找到虚拟机: VM_20250728_204834_6, 状态: stopped
2025-07-28 20:56:52,921 [DEBUG] api_vm_list:858 - 找到虚拟机: VM_20250728_204836_7, 状态: stopped
2025-07-28 20:56:52,922 [DEBUG] api_vm_list:858 - 找到虚拟机: VM_20250728_204838_8, 状态: stopped
2025-07-28 20:56:52,922 [DEBUG] api_vm_list:858 - 找到虚拟机: VM_20250728_204840_9, 状态: stopped
2025-07-28 20:56:52,922 [DEBUG] api_vm_list:858 - 找到虚拟机: VM_20250728_204842_10, 状态: stopped
2025-07-28 20:56:52,922 [DEBUG] api_vm_list:858 - 找到虚拟机: VM_20250728_204844_11, 状态: stopped
2025-07-28 20:56:52,923 [DEBUG] api_vm_list:858 - 找到虚拟机: VM_20250728_204908_1, 状态: stopped
2025-07-28 20:56:52,923 [DEBUG] api_vm_list:858 - 找到虚拟机: VM_20250728_204910_2, 状态: stopped
2025-07-28 20:56:52,923 [DEBUG] api_vm_list:858 - 找到虚拟机: VM_20250728_204912_3, 状态: stopped
2025-07-28 20:56:52,923 [INFO] api_vm_list:889 - 虚拟机列表获取完成 - 总数: 77, 运行中: 1, 已停止: 76
2025-07-28 20:56:52,924 [INFO] _log:97 - 127.0.0.1 - - [28/Jul/2025 20:56:52] "GET /api/vm_list?page=1&page_size=10 HTTP/1.1" 200 -
2025-07-28 20:56:53,457 [INFO] _log:97 - 127.0.0.1 - - [28/Jul/2025 20:56:53] "GET /api/vm_details/VM_20250728_184035_7 HTTP/1.1" 200 -
2025-07-28 20:56:55,434 [INFO] api_ssh_trust:1450 - 收到SSH互信设置API请求
2025-07-28 20:56:55,434 [DEBUG] api_ssh_trust:1457 - SSH互信参数 - 虚拟机: VM_20250728_184035_7, 用户: wx
2025-07-28 20:56:55,435 [INFO] api_ssh_trust:1463 - 开始为虚拟机 VM_20250728_184035_7 设置SSH互信
2025-07-28 20:56:55,926 [DEBUG] api_ssh_trust:1471 - 虚拟机IP: 192.168.119.215
2025-07-28 20:56:55,942 [ERROR] api_ssh_trust:1492 - SSH互信设置异常: 'status'
2025-07-28 20:56:55,944 [INFO] _log:97 - 127.0.0.1 - - [28/Jul/2025 20:56:55] "POST /api/ssh_trust HTTP/1.1" 200 -
2025-07-28 20:57:43,586 [INFO] _log:97 -  * Detected change in 'D:\\macos_vm\\web\\app.py', reloading
2025-07-28 20:57:44,195 [WARNING] _log:97 -  * Debugger is active!
2025-07-28 20:57:44,201 [INFO] _log:97 -  * Debugger PIN: 101-556-084
2025-07-28 20:57:54,883 [INFO] _log:97 - 127.0.0.1 - - [28/Jul/2025 20:57:54] "GET /vm_info HTTP/1.1" 200 -
2025-07-28 20:57:55,652 [INFO] _log:97 - 127.0.0.1 - - [28/Jul/2025 20:57:55] "GET /api/vm_info_list HTTP/1.1" 200 -
2025-07-28 20:57:55,808 [INFO] _log:97 - 127.0.0.1 - - [28/Jul/2025 20:57:55] "GET /vm_management HTTP/1.1" 200 -
2025-07-28 20:57:55,847 [INFO] api_vm_list:811 - 收到获取虚拟机列表API请求
2025-07-28 20:57:55,848 [DEBUG] api_vm_list:816 - 分页参数 - 页码: 1, 每页大小: 10
2025-07-28 20:57:55,849 [DEBUG] api_vm_list:823 - 开始扫描虚拟机目录: D:\macos_vm\NewVM
2025-07-28 20:57:55,851 [DEBUG] api_vm_list:833 - 执行vmrun命令: ['C:\\Program Files (x86)\\VMware\\VMware Workstation\\vmrun.exe', 'list']
2025-07-28 20:57:56,396 [DEBUG] api_vm_list:838 - 获取到运行中虚拟机: 1 个
2025-07-28 20:57:56,405 [DEBUG] api_vm_list:858 - 找到虚拟机: VM_20250728_184035_7, 状态: running
2025-07-28 20:57:56,405 [DEBUG] api_vm_list:858 - 找到虚拟机: VM_20250728_184037_8, 状态: stopped
2025-07-28 20:57:56,406 [DEBUG] api_vm_list:858 - 找到虚拟机: VM_20250728_184038_9, 状态: stopped
2025-07-28 20:57:56,406 [DEBUG] api_vm_list:858 - 找到虚拟机: VM_20250728_184040_10, 状态: stopped
2025-07-28 20:57:56,406 [DEBUG] api_vm_list:858 - 找到虚拟机: VM_20250728_185937_1, 状态: stopped
2025-07-28 20:57:56,407 [DEBUG] api_vm_list:858 - 找到虚拟机: VM_20250728_185939_2, 状态: stopped
2025-07-28 20:57:56,407 [DEBUG] api_vm_list:858 - 找到虚拟机: VM_20250728_185941_3, 状态: stopped
2025-07-28 20:57:56,407 [DEBUG] api_vm_list:858 - 找到虚拟机: VM_20250728_185942_4, 状态: stopped
2025-07-28 20:57:56,407 [DEBUG] api_vm_list:858 - 找到虚拟机: VM_20250728_185944_5, 状态: stopped
2025-07-28 20:57:56,407 [DEBUG] api_vm_list:858 - 找到虚拟机: VM_20250728_185946_6, 状态: stopped
2025-07-28 20:57:56,407 [DEBUG] api_vm_list:858 - 找到虚拟机: VM_20250728_185948_7, 状态: stopped
2025-07-28 20:57:56,407 [DEBUG] api_vm_list:858 - 找到虚拟机: VM_20250728_185950_8, 状态: stopped
2025-07-28 20:57:56,407 [DEBUG] api_vm_list:858 - 找到虚拟机: VM_20250728_185952_9, 状态: stopped
2025-07-28 20:57:56,408 [DEBUG] api_vm_list:858 - 找到虚拟机: VM_20250728_185953_10, 状态: stopped
2025-07-28 20:57:56,408 [DEBUG] api_vm_list:858 - 找到虚拟机: VM_20250728_185955_11, 状态: stopped
2025-07-28 20:57:56,408 [DEBUG] api_vm_list:858 - 找到虚拟机: VM_20250728_185957_12, 状态: stopped
2025-07-28 20:57:56,408 [DEBUG] api_vm_list:858 - 找到虚拟机: VM_20250728_190150_1, 状态: stopped
2025-07-28 20:57:56,408 [DEBUG] api_vm_list:858 - 找到虚拟机: VM_20250728_190152_2, 状态: stopped
2025-07-28 20:57:56,408 [DEBUG] api_vm_list:858 - 找到虚拟机: VM_20250728_190154_3, 状态: stopped
2025-07-28 20:57:56,409 [DEBUG] api_vm_list:858 - 找到虚拟机: VM_20250728_200845_1, 状态: stopped
2025-07-28 20:57:56,409 [DEBUG] api_vm_list:858 - 找到虚拟机: VM_20250728_200847_2, 状态: stopped
2025-07-28 20:57:56,409 [DEBUG] api_vm_list:858 - 找到虚拟机: VM_20250728_200849_3, 状态: stopped
2025-07-28 20:57:56,410 [DEBUG] api_vm_list:858 - 找到虚拟机: VM_20250728_200850_4, 状态: stopped
2025-07-28 20:57:56,411 [DEBUG] api_vm_list:858 - 找到虚拟机: VM_20250728_200852_5, 状态: stopped
2025-07-28 20:57:56,412 [DEBUG] api_vm_list:858 - 找到虚拟机: VM_20250728_200854_6, 状态: stopped
2025-07-28 20:57:56,414 [DEBUG] api_vm_list:858 - 找到虚拟机: VM_20250728_200856_7, 状态: stopped
2025-07-28 20:57:56,414 [DEBUG] api_vm_list:858 - 找到虚拟机: VM_20250728_200857_8, 状态: stopped
2025-07-28 20:57:56,415 [DEBUG] api_vm_list:858 - 找到虚拟机: VM_20250728_200859_9, 状态: stopped
2025-07-28 20:57:56,415 [DEBUG] api_vm_list:858 - 找到虚拟机: VM_20250728_200901_10, 状态: stopped
2025-07-28 20:57:56,416 [DEBUG] api_vm_list:858 - 找到虚拟机: VM_20250728_200903_11, 状态: stopped
2025-07-28 20:57:56,416 [DEBUG] api_vm_list:858 - 找到虚拟机: VM_20250728_200904_12, 状态: stopped
2025-07-28 20:57:56,416 [DEBUG] api_vm_list:858 - 找到虚拟机: VM_20250728_200906_13, 状态: stopped
2025-07-28 20:57:56,417 [DEBUG] api_vm_list:858 - 找到虚拟机: VM_20250728_200908_14, 状态: stopped
2025-07-28 20:57:56,417 [DEBUG] api_vm_list:858 - 找到虚拟机: VM_20250728_200910_15, 状态: stopped
2025-07-28 20:57:56,418 [DEBUG] api_vm_list:858 - 找到虚拟机: VM_20250728_200912_16, 状态: stopped
2025-07-28 20:57:56,418 [DEBUG] api_vm_list:858 - 找到虚拟机: VM_20250728_200914_17, 状态: stopped
2025-07-28 20:57:56,418 [DEBUG] api_vm_list:858 - 找到虚拟机: VM_20250728_200915_18, 状态: stopped
2025-07-28 20:57:56,419 [DEBUG] api_vm_list:858 - 找到虚拟机: VM_20250728_200917_19, 状态: stopped
2025-07-28 20:57:56,419 [DEBUG] api_vm_list:858 - 找到虚拟机: VM_20250728_200919_20, 状态: stopped
2025-07-28 20:57:56,419 [DEBUG] api_vm_list:858 - 找到虚拟机: VM_20250728_201229_1, 状态: stopped
2025-07-28 20:57:56,420 [DEBUG] api_vm_list:858 - 找到虚拟机: VM_20250728_201231_2, 状态: stopped
2025-07-28 20:57:56,420 [DEBUG] api_vm_list:858 - 找到虚拟机: VM_20250728_201233_3, 状态: stopped
2025-07-28 20:57:56,420 [DEBUG] api_vm_list:858 - 找到虚拟机: VM_20250728_201235_4, 状态: stopped
2025-07-28 20:57:56,420 [DEBUG] api_vm_list:858 - 找到虚拟机: VM_20250728_201236_5, 状态: stopped
2025-07-28 20:57:56,421 [DEBUG] api_vm_list:858 - 找到虚拟机: VM_20250728_201238_6, 状态: stopped
2025-07-28 20:57:56,421 [DEBUG] api_vm_list:858 - 找到虚拟机: VM_20250728_201240_7, 状态: stopped
2025-07-28 20:57:56,421 [DEBUG] api_vm_list:858 - 找到虚拟机: VM_20250728_201242_8, 状态: stopped
2025-07-28 20:57:56,421 [DEBUG] api_vm_list:858 - 找到虚拟机: VM_20250728_201243_9, 状态: stopped
2025-07-28 20:57:56,422 [DEBUG] api_vm_list:858 - 找到虚拟机: VM_20250728_201245_10, 状态: stopped
2025-07-28 20:57:56,422 [DEBUG] api_vm_list:858 - 找到虚拟机: VM_20250728_201247_11, 状态: stopped
2025-07-28 20:57:56,422 [DEBUG] api_vm_list:858 - 找到虚拟机: VM_20250728_201249_12, 状态: stopped
2025-07-28 20:57:56,422 [DEBUG] api_vm_list:858 - 找到虚拟机: VM_20250728_201416_1, 状态: stopped
2025-07-28 20:57:56,422 [DEBUG] api_vm_list:858 - 找到虚拟机: VM_20250728_201418_2, 状态: stopped
2025-07-28 20:57:56,422 [DEBUG] api_vm_list:858 - 找到虚拟机: VM_20250728_201420_3, 状态: stopped
2025-07-28 20:57:56,422 [DEBUG] api_vm_list:858 - 找到虚拟机: VM_20250728_201422_4, 状态: stopped
2025-07-28 20:57:56,423 [DEBUG] api_vm_list:858 - 找到虚拟机: VM_20250728_201424_5, 状态: stopped
2025-07-28 20:57:56,423 [DEBUG] api_vm_list:858 - 找到虚拟机: VM_20250728_201425_6, 状态: stopped
2025-07-28 20:57:56,423 [DEBUG] api_vm_list:858 - 找到虚拟机: VM_20250728_201427_7, 状态: stopped
2025-07-28 20:57:56,423 [DEBUG] api_vm_list:858 - 找到虚拟机: VM_20250728_201429_8, 状态: stopped
2025-07-28 20:57:56,423 [DEBUG] api_vm_list:858 - 找到虚拟机: VM_20250728_201431_9, 状态: stopped
2025-07-28 20:57:56,424 [DEBUG] api_vm_list:858 - 找到虚拟机: VM_20250728_201432_10, 状态: stopped
2025-07-28 20:57:56,424 [DEBUG] api_vm_list:858 - 找到虚拟机: VM_20250728_201434_11, 状态: stopped
2025-07-28 20:57:56,424 [DEBUG] api_vm_list:858 - 找到虚拟机: VM_20250728_201436_12, 状态: stopped
2025-07-28 20:57:56,424 [DEBUG] api_vm_list:858 - 找到虚拟机: VM_20250728_204825_1, 状态: stopped
2025-07-28 20:57:56,425 [DEBUG] api_vm_list:858 - 找到虚拟机: VM_20250728_204827_2, 状态: stopped
2025-07-28 20:57:56,425 [DEBUG] api_vm_list:858 - 找到虚拟机: VM_20250728_204829_3, 状态: stopped
2025-07-28 20:57:56,425 [DEBUG] api_vm_list:858 - 找到虚拟机: VM_20250728_204831_4, 状态: stopped
2025-07-28 20:57:56,425 [DEBUG] api_vm_list:858 - 找到虚拟机: VM_20250728_204833_5, 状态: stopped
2025-07-28 20:57:56,425 [DEBUG] api_vm_list:858 - 找到虚拟机: VM_20250728_204834_6, 状态: stopped
2025-07-28 20:57:56,426 [DEBUG] api_vm_list:858 - 找到虚拟机: VM_20250728_204836_7, 状态: stopped
2025-07-28 20:57:56,431 [DEBUG] api_vm_list:858 - 找到虚拟机: VM_20250728_204838_8, 状态: stopped
2025-07-28 20:57:56,434 [DEBUG] api_vm_list:858 - 找到虚拟机: VM_20250728_204840_9, 状态: stopped
2025-07-28 20:57:56,435 [DEBUG] api_vm_list:858 - 找到虚拟机: VM_20250728_204842_10, 状态: stopped
2025-07-28 20:57:56,436 [DEBUG] api_vm_list:858 - 找到虚拟机: VM_20250728_204844_11, 状态: stopped
2025-07-28 20:57:56,437 [DEBUG] api_vm_list:858 - 找到虚拟机: VM_20250728_204908_1, 状态: stopped
2025-07-28 20:57:56,437 [DEBUG] api_vm_list:858 - 找到虚拟机: VM_20250728_204910_2, 状态: stopped
2025-07-28 20:57:56,437 [DEBUG] api_vm_list:858 - 找到虚拟机: VM_20250728_204912_3, 状态: stopped
2025-07-28 20:57:56,438 [INFO] api_vm_list:889 - 虚拟机列表获取完成 - 总数: 77, 运行中: 1, 已停止: 76
2025-07-28 20:57:56,438 [INFO] _log:97 - 127.0.0.1 - - [28/Jul/2025 20:57:56] "GET /api/vm_list?page=1&page_size=10 HTTP/1.1" 200 -
2025-07-28 20:57:56,737 [INFO] _log:97 - 127.0.0.1 - - [28/Jul/2025 20:57:56] "GET /clone_vm HTTP/1.1" 200 -
2025-07-28 20:57:57,193 [INFO] _log:97 - 127.0.0.1 - - [28/Jul/2025 20:57:57] "GET /api/vm_details/VM_20250728_184035_7 HTTP/1.1" 200 -
2025-07-28 20:57:58,851 [INFO] _log:97 - 127.0.0.1 - - [28/Jul/2025 20:57:58] "GET /vm_management HTTP/1.1" 200 -
2025-07-28 20:57:58,891 [INFO] api_vm_list:811 - 收到获取虚拟机列表API请求
2025-07-28 20:57:58,892 [DEBUG] api_vm_list:816 - 分页参数 - 页码: 1, 每页大小: 10
2025-07-28 20:57:58,892 [DEBUG] api_vm_list:823 - 开始扫描虚拟机目录: D:\macos_vm\NewVM
2025-07-28 20:57:58,893 [DEBUG] api_vm_list:833 - 执行vmrun命令: ['C:\\Program Files (x86)\\VMware\\VMware Workstation\\vmrun.exe', 'list']
2025-07-28 20:57:59,408 [DEBUG] api_vm_list:838 - 获取到运行中虚拟机: 1 个
2025-07-28 20:57:59,415 [DEBUG] api_vm_list:858 - 找到虚拟机: VM_20250728_184035_7, 状态: running
2025-07-28 20:57:59,416 [DEBUG] api_vm_list:858 - 找到虚拟机: VM_20250728_184037_8, 状态: stopped
2025-07-28 20:57:59,417 [DEBUG] api_vm_list:858 - 找到虚拟机: VM_20250728_184038_9, 状态: stopped
2025-07-28 20:57:59,417 [DEBUG] api_vm_list:858 - 找到虚拟机: VM_20250728_184040_10, 状态: stopped
2025-07-28 20:57:59,417 [DEBUG] api_vm_list:858 - 找到虚拟机: VM_20250728_185937_1, 状态: stopped
2025-07-28 20:57:59,418 [DEBUG] api_vm_list:858 - 找到虚拟机: VM_20250728_185939_2, 状态: stopped
2025-07-28 20:57:59,418 [DEBUG] api_vm_list:858 - 找到虚拟机: VM_20250728_185941_3, 状态: stopped
2025-07-28 20:57:59,419 [DEBUG] api_vm_list:858 - 找到虚拟机: VM_20250728_185942_4, 状态: stopped
2025-07-28 20:57:59,419 [DEBUG] api_vm_list:858 - 找到虚拟机: VM_20250728_185944_5, 状态: stopped
2025-07-28 20:57:59,419 [DEBUG] api_vm_list:858 - 找到虚拟机: VM_20250728_185946_6, 状态: stopped
2025-07-28 20:57:59,420 [DEBUG] api_vm_list:858 - 找到虚拟机: VM_20250728_185948_7, 状态: stopped
2025-07-28 20:57:59,420 [DEBUG] api_vm_list:858 - 找到虚拟机: VM_20250728_185950_8, 状态: stopped
2025-07-28 20:57:59,420 [DEBUG] api_vm_list:858 - 找到虚拟机: VM_20250728_185952_9, 状态: stopped
2025-07-28 20:57:59,420 [DEBUG] api_vm_list:858 - 找到虚拟机: VM_20250728_185953_10, 状态: stopped
2025-07-28 20:57:59,420 [DEBUG] api_vm_list:858 - 找到虚拟机: VM_20250728_185955_11, 状态: stopped
2025-07-28 20:57:59,421 [DEBUG] api_vm_list:858 - 找到虚拟机: VM_20250728_185957_12, 状态: stopped
2025-07-28 20:57:59,421 [DEBUG] api_vm_list:858 - 找到虚拟机: VM_20250728_190150_1, 状态: stopped
2025-07-28 20:57:59,421 [DEBUG] api_vm_list:858 - 找到虚拟机: VM_20250728_190152_2, 状态: stopped
2025-07-28 20:57:59,422 [DEBUG] api_vm_list:858 - 找到虚拟机: VM_20250728_190154_3, 状态: stopped
2025-07-28 20:57:59,422 [DEBUG] api_vm_list:858 - 找到虚拟机: VM_20250728_200845_1, 状态: stopped
2025-07-28 20:57:59,422 [DEBUG] api_vm_list:858 - 找到虚拟机: VM_20250728_200847_2, 状态: stopped
2025-07-28 20:57:59,423 [DEBUG] api_vm_list:858 - 找到虚拟机: VM_20250728_200849_3, 状态: stopped
2025-07-28 20:57:59,423 [DEBUG] api_vm_list:858 - 找到虚拟机: VM_20250728_200850_4, 状态: stopped
2025-07-28 20:57:59,423 [DEBUG] api_vm_list:858 - 找到虚拟机: VM_20250728_200852_5, 状态: stopped
2025-07-28 20:57:59,423 [DEBUG] api_vm_list:858 - 找到虚拟机: VM_20250728_200854_6, 状态: stopped
2025-07-28 20:57:59,424 [DEBUG] api_vm_list:858 - 找到虚拟机: VM_20250728_200856_7, 状态: stopped
2025-07-28 20:57:59,424 [DEBUG] api_vm_list:858 - 找到虚拟机: VM_20250728_200857_8, 状态: stopped
2025-07-28 20:57:59,424 [DEBUG] api_vm_list:858 - 找到虚拟机: VM_20250728_200859_9, 状态: stopped
2025-07-28 20:57:59,424 [DEBUG] api_vm_list:858 - 找到虚拟机: VM_20250728_200901_10, 状态: stopped
2025-07-28 20:57:59,424 [DEBUG] api_vm_list:858 - 找到虚拟机: VM_20250728_200903_11, 状态: stopped
2025-07-28 20:57:59,425 [DEBUG] api_vm_list:858 - 找到虚拟机: VM_20250728_200904_12, 状态: stopped
2025-07-28 20:57:59,425 [DEBUG] api_vm_list:858 - 找到虚拟机: VM_20250728_200906_13, 状态: stopped
2025-07-28 20:57:59,425 [DEBUG] api_vm_list:858 - 找到虚拟机: VM_20250728_200908_14, 状态: stopped
2025-07-28 20:57:59,425 [DEBUG] api_vm_list:858 - 找到虚拟机: VM_20250728_200910_15, 状态: stopped
2025-07-28 20:57:59,426 [DEBUG] api_vm_list:858 - 找到虚拟机: VM_20250728_200912_16, 状态: stopped
2025-07-28 20:57:59,426 [DEBUG] api_vm_list:858 - 找到虚拟机: VM_20250728_200914_17, 状态: stopped
2025-07-28 20:57:59,426 [DEBUG] api_vm_list:858 - 找到虚拟机: VM_20250728_200915_18, 状态: stopped
2025-07-28 20:57:59,426 [DEBUG] api_vm_list:858 - 找到虚拟机: VM_20250728_200917_19, 状态: stopped
2025-07-28 20:57:59,427 [DEBUG] api_vm_list:858 - 找到虚拟机: VM_20250728_200919_20, 状态: stopped
2025-07-28 20:57:59,429 [DEBUG] api_vm_list:858 - 找到虚拟机: VM_20250728_201229_1, 状态: stopped
2025-07-28 20:57:59,429 [DEBUG] api_vm_list:858 - 找到虚拟机: VM_20250728_201231_2, 状态: stopped
2025-07-28 20:57:59,431 [DEBUG] api_vm_list:858 - 找到虚拟机: VM_20250728_201233_3, 状态: stopped
2025-07-28 20:57:59,433 [DEBUG] api_vm_list:858 - 找到虚拟机: VM_20250728_201235_4, 状态: stopped
2025-07-28 20:57:59,433 [DEBUG] api_vm_list:858 - 找到虚拟机: VM_20250728_201236_5, 状态: stopped
2025-07-28 20:57:59,433 [DEBUG] api_vm_list:858 - 找到虚拟机: VM_20250728_201238_6, 状态: stopped
2025-07-28 20:57:59,433 [DEBUG] api_vm_list:858 - 找到虚拟机: VM_20250728_201240_7, 状态: stopped
2025-07-28 20:57:59,434 [DEBUG] api_vm_list:858 - 找到虚拟机: VM_20250728_201242_8, 状态: stopped
2025-07-28 20:57:59,434 [DEBUG] api_vm_list:858 - 找到虚拟机: VM_20250728_201243_9, 状态: stopped
2025-07-28 20:57:59,435 [DEBUG] api_vm_list:858 - 找到虚拟机: VM_20250728_201245_10, 状态: stopped
2025-07-28 20:57:59,435 [DEBUG] api_vm_list:858 - 找到虚拟机: VM_20250728_201247_11, 状态: stopped
2025-07-28 20:57:59,435 [DEBUG] api_vm_list:858 - 找到虚拟机: VM_20250728_201249_12, 状态: stopped
2025-07-28 20:57:59,436 [DEBUG] api_vm_list:858 - 找到虚拟机: VM_20250728_201416_1, 状态: stopped
2025-07-28 20:57:59,436 [DEBUG] api_vm_list:858 - 找到虚拟机: VM_20250728_201418_2, 状态: stopped
2025-07-28 20:57:59,436 [DEBUG] api_vm_list:858 - 找到虚拟机: VM_20250728_201420_3, 状态: stopped
2025-07-28 20:57:59,437 [DEBUG] api_vm_list:858 - 找到虚拟机: VM_20250728_201422_4, 状态: stopped
2025-07-28 20:57:59,437 [DEBUG] api_vm_list:858 - 找到虚拟机: VM_20250728_201424_5, 状态: stopped
2025-07-28 20:57:59,438 [DEBUG] api_vm_list:858 - 找到虚拟机: VM_20250728_201425_6, 状态: stopped
2025-07-28 20:57:59,438 [DEBUG] api_vm_list:858 - 找到虚拟机: VM_20250728_201427_7, 状态: stopped
2025-07-28 20:57:59,438 [DEBUG] api_vm_list:858 - 找到虚拟机: VM_20250728_201429_8, 状态: stopped
2025-07-28 20:57:59,439 [DEBUG] api_vm_list:858 - 找到虚拟机: VM_20250728_201431_9, 状态: stopped
2025-07-28 20:57:59,439 [DEBUG] api_vm_list:858 - 找到虚拟机: VM_20250728_201432_10, 状态: stopped
2025-07-28 20:57:59,439 [DEBUG] api_vm_list:858 - 找到虚拟机: VM_20250728_201434_11, 状态: stopped
2025-07-28 20:57:59,439 [DEBUG] api_vm_list:858 - 找到虚拟机: VM_20250728_201436_12, 状态: stopped
2025-07-28 20:57:59,439 [DEBUG] api_vm_list:858 - 找到虚拟机: VM_20250728_204825_1, 状态: stopped
2025-07-28 20:57:59,439 [DEBUG] api_vm_list:858 - 找到虚拟机: VM_20250728_204827_2, 状态: stopped
2025-07-28 20:57:59,440 [DEBUG] api_vm_list:858 - 找到虚拟机: VM_20250728_204829_3, 状态: stopped
2025-07-28 20:57:59,440 [DEBUG] api_vm_list:858 - 找到虚拟机: VM_20250728_204831_4, 状态: stopped
2025-07-28 20:57:59,440 [DEBUG] api_vm_list:858 - 找到虚拟机: VM_20250728_204833_5, 状态: stopped
2025-07-28 20:57:59,440 [DEBUG] api_vm_list:858 - 找到虚拟机: VM_20250728_204834_6, 状态: stopped
2025-07-28 20:57:59,441 [DEBUG] api_vm_list:858 - 找到虚拟机: VM_20250728_204836_7, 状态: stopped
2025-07-28 20:57:59,441 [DEBUG] api_vm_list:858 - 找到虚拟机: VM_20250728_204838_8, 状态: stopped
2025-07-28 20:57:59,441 [DEBUG] api_vm_list:858 - 找到虚拟机: VM_20250728_204840_9, 状态: stopped
2025-07-28 20:57:59,442 [DEBUG] api_vm_list:858 - 找到虚拟机: VM_20250728_204842_10, 状态: stopped
2025-07-28 20:57:59,442 [DEBUG] api_vm_list:858 - 找到虚拟机: VM_20250728_204844_11, 状态: stopped
2025-07-28 20:57:59,442 [DEBUG] api_vm_list:858 - 找到虚拟机: VM_20250728_204908_1, 状态: stopped
2025-07-28 20:57:59,442 [DEBUG] api_vm_list:858 - 找到虚拟机: VM_20250728_204910_2, 状态: stopped
2025-07-28 20:57:59,442 [DEBUG] api_vm_list:858 - 找到虚拟机: VM_20250728_204912_3, 状态: stopped
2025-07-28 20:57:59,443 [INFO] api_vm_list:889 - 虚拟机列表获取完成 - 总数: 77, 运行中: 1, 已停止: 76
2025-07-28 20:57:59,443 [INFO] _log:97 - 127.0.0.1 - - [28/Jul/2025 20:57:59] "GET /api/vm_list?page=1&page_size=10 HTTP/1.1" 200 -
2025-07-28 20:58:00,007 [INFO] _log:97 - 127.0.0.1 - - [28/Jul/2025 20:58:00] "GET /api/vm_details/VM_20250728_184035_7 HTTP/1.1" 200 -
2025-07-28 20:58:00,048 [INFO] _log:97 - 127.0.0.1 - - [28/Jul/2025 20:58:00] "GET /vm_info HTTP/1.1" 200 -
2025-07-28 20:58:00,631 [INFO] _log:97 - 127.0.0.1 - - [28/Jul/2025 20:58:00] "GET /api/vm_info_list HTTP/1.1" 200 -
2025-07-28 20:58:02,623 [INFO] _log:97 -  * Detected change in 'D:\\macos_vm\\web\\app.py', reloading
2025-07-28 20:58:03,654 [WARNING] _log:97 -  * Debugger is active!
2025-07-28 20:58:03,658 [INFO] _log:97 -  * Debugger PIN: 101-556-084
2025-07-28 20:58:22,098 [INFO] _log:97 - 127.0.0.1 - - [28/Jul/2025 20:58:22] "GET /vm_info HTTP/1.1" 200 -
2025-07-28 20:58:22,829 [INFO] _log:97 - 127.0.0.1 - - [28/Jul/2025 20:58:22] "GET /api/vm_info_list HTTP/1.1" 200 -
2025-07-28 20:58:22,944 [INFO] _log:97 - 127.0.0.1 - - [28/Jul/2025 20:58:22] "GET /vm_info HTTP/1.1" 200 -
2025-07-28 20:58:23,727 [INFO] _log:97 - 127.0.0.1 - - [28/Jul/2025 20:58:23] "GET /api/vm_info_list HTTP/1.1" 200 -
2025-07-28 20:58:23,857 [INFO] _log:97 - 127.0.0.1 - - [28/Jul/2025 20:58:23] "GET /vm_management HTTP/1.1" 200 -
2025-07-28 20:58:23,893 [INFO] api_vm_list:811 - 收到获取虚拟机列表API请求
2025-07-28 20:58:23,893 [DEBUG] api_vm_list:816 - 分页参数 - 页码: 1, 每页大小: 10
2025-07-28 20:58:23,894 [DEBUG] api_vm_list:823 - 开始扫描虚拟机目录: D:\macos_vm\NewVM
2025-07-28 20:58:23,894 [DEBUG] api_vm_list:833 - 执行vmrun命令: ['C:\\Program Files (x86)\\VMware\\VMware Workstation\\vmrun.exe', 'list']
2025-07-28 20:58:24,410 [DEBUG] api_vm_list:838 - 获取到运行中虚拟机: 1 个
2025-07-28 20:58:24,414 [DEBUG] api_vm_list:858 - 找到虚拟机: VM_20250728_184035_7, 状态: running
2025-07-28 20:58:24,415 [DEBUG] api_vm_list:858 - 找到虚拟机: VM_20250728_184037_8, 状态: stopped
2025-07-28 20:58:24,415 [DEBUG] api_vm_list:858 - 找到虚拟机: VM_20250728_184038_9, 状态: stopped
2025-07-28 20:58:24,416 [DEBUG] api_vm_list:858 - 找到虚拟机: VM_20250728_184040_10, 状态: stopped
2025-07-28 20:58:24,416 [DEBUG] api_vm_list:858 - 找到虚拟机: VM_20250728_185937_1, 状态: stopped
2025-07-28 20:58:24,416 [DEBUG] api_vm_list:858 - 找到虚拟机: VM_20250728_185939_2, 状态: stopped
2025-07-28 20:58:24,416 [DEBUG] api_vm_list:858 - 找到虚拟机: VM_20250728_185941_3, 状态: stopped
2025-07-28 20:58:24,416 [DEBUG] api_vm_list:858 - 找到虚拟机: VM_20250728_185942_4, 状态: stopped
2025-07-28 20:58:24,417 [DEBUG] api_vm_list:858 - 找到虚拟机: VM_20250728_185944_5, 状态: stopped
2025-07-28 20:58:24,419 [DEBUG] api_vm_list:858 - 找到虚拟机: VM_20250728_185946_6, 状态: stopped
2025-07-28 20:58:24,419 [DEBUG] api_vm_list:858 - 找到虚拟机: VM_20250728_185948_7, 状态: stopped
2025-07-28 20:58:24,421 [DEBUG] api_vm_list:858 - 找到虚拟机: VM_20250728_185950_8, 状态: stopped
2025-07-28 20:58:24,422 [DEBUG] api_vm_list:858 - 找到虚拟机: VM_20250728_185952_9, 状态: stopped
2025-07-28 20:58:24,423 [DEBUG] api_vm_list:858 - 找到虚拟机: VM_20250728_185953_10, 状态: stopped
2025-07-28 20:58:24,423 [DEBUG] api_vm_list:858 - 找到虚拟机: VM_20250728_185955_11, 状态: stopped
2025-07-28 20:58:24,423 [DEBUG] api_vm_list:858 - 找到虚拟机: VM_20250728_185957_12, 状态: stopped
2025-07-28 20:58:24,424 [DEBUG] api_vm_list:858 - 找到虚拟机: VM_20250728_190150_1, 状态: stopped
2025-07-28 20:58:24,424 [DEBUG] api_vm_list:858 - 找到虚拟机: VM_20250728_190152_2, 状态: stopped
2025-07-28 20:58:24,425 [DEBUG] api_vm_list:858 - 找到虚拟机: VM_20250728_190154_3, 状态: stopped
2025-07-28 20:58:24,425 [DEBUG] api_vm_list:858 - 找到虚拟机: VM_20250728_200845_1, 状态: stopped
2025-07-28 20:58:24,425 [DEBUG] api_vm_list:858 - 找到虚拟机: VM_20250728_200847_2, 状态: stopped
2025-07-28 20:58:24,425 [DEBUG] api_vm_list:858 - 找到虚拟机: VM_20250728_200849_3, 状态: stopped
2025-07-28 20:58:24,426 [DEBUG] api_vm_list:858 - 找到虚拟机: VM_20250728_200850_4, 状态: stopped
2025-07-28 20:58:24,426 [DEBUG] api_vm_list:858 - 找到虚拟机: VM_20250728_200852_5, 状态: stopped
2025-07-28 20:58:24,426 [DEBUG] api_vm_list:858 - 找到虚拟机: VM_20250728_200854_6, 状态: stopped
2025-07-28 20:58:24,426 [DEBUG] api_vm_list:858 - 找到虚拟机: VM_20250728_200856_7, 状态: stopped
2025-07-28 20:58:24,426 [DEBUG] api_vm_list:858 - 找到虚拟机: VM_20250728_200857_8, 状态: stopped
2025-07-28 20:58:24,426 [DEBUG] api_vm_list:858 - 找到虚拟机: VM_20250728_200859_9, 状态: stopped
2025-07-28 20:58:24,427 [DEBUG] api_vm_list:858 - 找到虚拟机: VM_20250728_200901_10, 状态: stopped
2025-07-28 20:58:24,427 [DEBUG] api_vm_list:858 - 找到虚拟机: VM_20250728_200903_11, 状态: stopped
2025-07-28 20:58:24,427 [DEBUG] api_vm_list:858 - 找到虚拟机: VM_20250728_200904_12, 状态: stopped
2025-07-28 20:58:24,427 [DEBUG] api_vm_list:858 - 找到虚拟机: VM_20250728_200906_13, 状态: stopped
2025-07-28 20:58:24,428 [DEBUG] api_vm_list:858 - 找到虚拟机: VM_20250728_200908_14, 状态: stopped
2025-07-28 20:58:24,428 [DEBUG] api_vm_list:858 - 找到虚拟机: VM_20250728_200910_15, 状态: stopped
2025-07-28 20:58:24,428 [DEBUG] api_vm_list:858 - 找到虚拟机: VM_20250728_200912_16, 状态: stopped
2025-07-28 20:58:24,428 [DEBUG] api_vm_list:858 - 找到虚拟机: VM_20250728_200914_17, 状态: stopped
2025-07-28 20:58:24,428 [DEBUG] api_vm_list:858 - 找到虚拟机: VM_20250728_200915_18, 状态: stopped
2025-07-28 20:58:24,428 [DEBUG] api_vm_list:858 - 找到虚拟机: VM_20250728_200917_19, 状态: stopped
2025-07-28 20:58:24,428 [DEBUG] api_vm_list:858 - 找到虚拟机: VM_20250728_200919_20, 状态: stopped
2025-07-28 20:58:24,429 [DEBUG] api_vm_list:858 - 找到虚拟机: VM_20250728_201229_1, 状态: stopped
2025-07-28 20:58:24,429 [DEBUG] api_vm_list:858 - 找到虚拟机: VM_20250728_201231_2, 状态: stopped
2025-07-28 20:58:24,429 [DEBUG] api_vm_list:858 - 找到虚拟机: VM_20250728_201233_3, 状态: stopped
2025-07-28 20:58:24,429 [DEBUG] api_vm_list:858 - 找到虚拟机: VM_20250728_201235_4, 状态: stopped
2025-07-28 20:58:24,429 [DEBUG] api_vm_list:858 - 找到虚拟机: VM_20250728_201236_5, 状态: stopped
2025-07-28 20:58:24,429 [DEBUG] api_vm_list:858 - 找到虚拟机: VM_20250728_201238_6, 状态: stopped
2025-07-28 20:58:24,429 [DEBUG] api_vm_list:858 - 找到虚拟机: VM_20250728_201240_7, 状态: stopped
2025-07-28 20:58:24,430 [DEBUG] api_vm_list:858 - 找到虚拟机: VM_20250728_201242_8, 状态: stopped
2025-07-28 20:58:24,430 [DEBUG] api_vm_list:858 - 找到虚拟机: VM_20250728_201243_9, 状态: stopped
2025-07-28 20:58:24,430 [DEBUG] api_vm_list:858 - 找到虚拟机: VM_20250728_201245_10, 状态: stopped
2025-07-28 20:58:24,430 [DEBUG] api_vm_list:858 - 找到虚拟机: VM_20250728_201247_11, 状态: stopped
2025-07-28 20:58:24,430 [DEBUG] api_vm_list:858 - 找到虚拟机: VM_20250728_201249_12, 状态: stopped
2025-07-28 20:58:24,430 [DEBUG] api_vm_list:858 - 找到虚拟机: VM_20250728_201416_1, 状态: stopped
2025-07-28 20:58:24,430 [DEBUG] api_vm_list:858 - 找到虚拟机: VM_20250728_201418_2, 状态: stopped
2025-07-28 20:58:24,430 [DEBUG] api_vm_list:858 - 找到虚拟机: VM_20250728_201420_3, 状态: stopped
2025-07-28 20:58:24,431 [DEBUG] api_vm_list:858 - 找到虚拟机: VM_20250728_201422_4, 状态: stopped
2025-07-28 20:58:24,431 [DEBUG] api_vm_list:858 - 找到虚拟机: VM_20250728_201424_5, 状态: stopped
2025-07-28 20:58:24,431 [DEBUG] api_vm_list:858 - 找到虚拟机: VM_20250728_201425_6, 状态: stopped
2025-07-28 20:58:24,431 [DEBUG] api_vm_list:858 - 找到虚拟机: VM_20250728_201427_7, 状态: stopped
2025-07-28 20:58:24,431 [DEBUG] api_vm_list:858 - 找到虚拟机: VM_20250728_201429_8, 状态: stopped
2025-07-28 20:58:24,431 [DEBUG] api_vm_list:858 - 找到虚拟机: VM_20250728_201431_9, 状态: stopped
2025-07-28 20:58:24,431 [DEBUG] api_vm_list:858 - 找到虚拟机: VM_20250728_201432_10, 状态: stopped
2025-07-28 20:58:24,431 [DEBUG] api_vm_list:858 - 找到虚拟机: VM_20250728_201434_11, 状态: stopped
2025-07-28 20:58:24,432 [DEBUG] api_vm_list:858 - 找到虚拟机: VM_20250728_201436_12, 状态: stopped
2025-07-28 20:58:24,432 [DEBUG] api_vm_list:858 - 找到虚拟机: VM_20250728_204825_1, 状态: stopped
2025-07-28 20:58:24,432 [DEBUG] api_vm_list:858 - 找到虚拟机: VM_20250728_204827_2, 状态: stopped
2025-07-28 20:58:24,432 [DEBUG] api_vm_list:858 - 找到虚拟机: VM_20250728_204829_3, 状态: stopped
2025-07-28 20:58:24,432 [DEBUG] api_vm_list:858 - 找到虚拟机: VM_20250728_204831_4, 状态: stopped
2025-07-28 20:58:24,433 [DEBUG] api_vm_list:858 - 找到虚拟机: VM_20250728_204833_5, 状态: stopped
2025-07-28 20:58:24,433 [DEBUG] api_vm_list:858 - 找到虚拟机: VM_20250728_204834_6, 状态: stopped
2025-07-28 20:58:24,433 [DEBUG] api_vm_list:858 - 找到虚拟机: VM_20250728_204836_7, 状态: stopped
2025-07-28 20:58:24,433 [DEBUG] api_vm_list:858 - 找到虚拟机: VM_20250728_204838_8, 状态: stopped
2025-07-28 20:58:24,433 [DEBUG] api_vm_list:858 - 找到虚拟机: VM_20250728_204840_9, 状态: stopped
2025-07-28 20:58:24,435 [DEBUG] api_vm_list:858 - 找到虚拟机: VM_20250728_204842_10, 状态: stopped
2025-07-28 20:58:24,436 [DEBUG] api_vm_list:858 - 找到虚拟机: VM_20250728_204844_11, 状态: stopped
2025-07-28 20:58:24,438 [DEBUG] api_vm_list:858 - 找到虚拟机: VM_20250728_204908_1, 状态: stopped
2025-07-28 20:58:24,440 [DEBUG] api_vm_list:858 - 找到虚拟机: VM_20250728_204910_2, 状态: stopped
2025-07-28 20:58:24,440 [DEBUG] api_vm_list:858 - 找到虚拟机: VM_20250728_204912_3, 状态: stopped
2025-07-28 20:58:24,441 [INFO] api_vm_list:889 - 虚拟机列表获取完成 - 总数: 77, 运行中: 1, 已停止: 76
2025-07-28 20:58:24,442 [INFO] _log:97 - 127.0.0.1 - - [28/Jul/2025 20:58:24] "GET /api/vm_list?page=1&page_size=10 HTTP/1.1" 200 -
2025-07-28 20:58:25,061 [INFO] _log:97 - 127.0.0.1 - - [28/Jul/2025 20:58:25] "GET /api/vm_details/VM_20250728_184035_7 HTTP/1.1" 200 -
2025-07-28 20:58:37,282 [INFO] _log:97 -  * Detected change in 'D:\\macos_vm\\web\\app.py', reloading
2025-07-28 20:58:37,830 [WARNING] _log:97 -  * Debugger is active!
2025-07-28 20:58:37,834 [INFO] _log:97 -  * Debugger PIN: 101-556-084
2025-07-28 20:58:53,141 [INFO] _log:97 -  * Detected change in 'D:\\macos_vm\\web\\app.py', reloading
2025-07-28 20:58:53,938 [WARNING] _log:97 -  * Debugger is active!
2025-07-28 20:58:53,946 [INFO] _log:97 -  * Debugger PIN: 101-556-084
2025-07-28 20:59:17,390 [INFO] _log:97 - 127.0.0.1 - - [28/Jul/2025 20:59:17] "GET /vm_management HTTP/1.1" 200 -
2025-07-28 20:59:17,420 [INFO] api_vm_list:811 - 收到获取虚拟机列表API请求
2025-07-28 20:59:17,421 [DEBUG] api_vm_list:816 - 分页参数 - 页码: 1, 每页大小: 10
2025-07-28 20:59:17,421 [DEBUG] api_vm_list:823 - 开始扫描虚拟机目录: D:\macos_vm\NewVM
2025-07-28 20:59:17,421 [DEBUG] api_vm_list:833 - 执行vmrun命令: ['C:\\Program Files (x86)\\VMware\\VMware Workstation\\vmrun.exe', 'list']
2025-07-28 20:59:17,880 [DEBUG] api_vm_list:838 - 获取到运行中虚拟机: 1 个
2025-07-28 20:59:17,887 [DEBUG] api_vm_list:858 - 找到虚拟机: VM_20250728_184035_7, 状态: running
2025-07-28 20:59:17,887 [DEBUG] api_vm_list:858 - 找到虚拟机: VM_20250728_184037_8, 状态: stopped
2025-07-28 20:59:17,887 [DEBUG] api_vm_list:858 - 找到虚拟机: VM_20250728_184038_9, 状态: stopped
2025-07-28 20:59:17,888 [DEBUG] api_vm_list:858 - 找到虚拟机: VM_20250728_184040_10, 状态: stopped
2025-07-28 20:59:17,888 [DEBUG] api_vm_list:858 - 找到虚拟机: VM_20250728_185937_1, 状态: stopped
2025-07-28 20:59:17,888 [DEBUG] api_vm_list:858 - 找到虚拟机: VM_20250728_185939_2, 状态: stopped
2025-07-28 20:59:17,888 [DEBUG] api_vm_list:858 - 找到虚拟机: VM_20250728_185941_3, 状态: stopped
2025-07-28 20:59:17,888 [DEBUG] api_vm_list:858 - 找到虚拟机: VM_20250728_185942_4, 状态: stopped
2025-07-28 20:59:17,889 [DEBUG] api_vm_list:858 - 找到虚拟机: VM_20250728_185944_5, 状态: stopped
2025-07-28 20:59:17,889 [DEBUG] api_vm_list:858 - 找到虚拟机: VM_20250728_185946_6, 状态: stopped
2025-07-28 20:59:17,889 [DEBUG] api_vm_list:858 - 找到虚拟机: VM_20250728_185948_7, 状态: stopped
2025-07-28 20:59:17,889 [DEBUG] api_vm_list:858 - 找到虚拟机: VM_20250728_185950_8, 状态: stopped
2025-07-28 20:59:17,889 [DEBUG] api_vm_list:858 - 找到虚拟机: VM_20250728_185952_9, 状态: stopped
2025-07-28 20:59:17,889 [DEBUG] api_vm_list:858 - 找到虚拟机: VM_20250728_185953_10, 状态: stopped
2025-07-28 20:59:17,890 [DEBUG] api_vm_list:858 - 找到虚拟机: VM_20250728_185955_11, 状态: stopped
2025-07-28 20:59:17,890 [DEBUG] api_vm_list:858 - 找到虚拟机: VM_20250728_185957_12, 状态: stopped
2025-07-28 20:59:17,890 [DEBUG] api_vm_list:858 - 找到虚拟机: VM_20250728_190150_1, 状态: stopped
2025-07-28 20:59:17,890 [DEBUG] api_vm_list:858 - 找到虚拟机: VM_20250728_190152_2, 状态: stopped
2025-07-28 20:59:17,890 [DEBUG] api_vm_list:858 - 找到虚拟机: VM_20250728_190154_3, 状态: stopped
2025-07-28 20:59:17,890 [DEBUG] api_vm_list:858 - 找到虚拟机: VM_20250728_200845_1, 状态: stopped
2025-07-28 20:59:17,891 [DEBUG] api_vm_list:858 - 找到虚拟机: VM_20250728_200847_2, 状态: stopped
2025-07-28 20:59:17,891 [DEBUG] api_vm_list:858 - 找到虚拟机: VM_20250728_200849_3, 状态: stopped
2025-07-28 20:59:17,891 [DEBUG] api_vm_list:858 - 找到虚拟机: VM_20250728_200850_4, 状态: stopped
2025-07-28 20:59:17,892 [DEBUG] api_vm_list:858 - 找到虚拟机: VM_20250728_200852_5, 状态: stopped
2025-07-28 20:59:17,893 [DEBUG] api_vm_list:858 - 找到虚拟机: VM_20250728_200854_6, 状态: stopped
2025-07-28 20:59:17,893 [DEBUG] api_vm_list:858 - 找到虚拟机: VM_20250728_200856_7, 状态: stopped
2025-07-28 20:59:17,893 [DEBUG] api_vm_list:858 - 找到虚拟机: VM_20250728_200857_8, 状态: stopped
2025-07-28 20:59:17,894 [DEBUG] api_vm_list:858 - 找到虚拟机: VM_20250728_200859_9, 状态: stopped
2025-07-28 20:59:17,894 [DEBUG] api_vm_list:858 - 找到虚拟机: VM_20250728_200901_10, 状态: stopped
2025-07-28 20:59:17,895 [DEBUG] api_vm_list:858 - 找到虚拟机: VM_20250728_200903_11, 状态: stopped
2025-07-28 20:59:17,895 [DEBUG] api_vm_list:858 - 找到虚拟机: VM_20250728_200904_12, 状态: stopped
2025-07-28 20:59:17,895 [DEBUG] api_vm_list:858 - 找到虚拟机: VM_20250728_200906_13, 状态: stopped
2025-07-28 20:59:17,896 [DEBUG] api_vm_list:858 - 找到虚拟机: VM_20250728_200908_14, 状态: stopped
2025-07-28 20:59:17,896 [DEBUG] api_vm_list:858 - 找到虚拟机: VM_20250728_200910_15, 状态: stopped
2025-07-28 20:59:17,896 [DEBUG] api_vm_list:858 - 找到虚拟机: VM_20250728_200912_16, 状态: stopped
2025-07-28 20:59:17,897 [DEBUG] api_vm_list:858 - 找到虚拟机: VM_20250728_200914_17, 状态: stopped
2025-07-28 20:59:17,897 [DEBUG] api_vm_list:858 - 找到虚拟机: VM_20250728_200915_18, 状态: stopped
2025-07-28 20:59:17,897 [DEBUG] api_vm_list:858 - 找到虚拟机: VM_20250728_200917_19, 状态: stopped
2025-07-28 20:59:17,897 [DEBUG] api_vm_list:858 - 找到虚拟机: VM_20250728_200919_20, 状态: stopped
2025-07-28 20:59:17,898 [DEBUG] api_vm_list:858 - 找到虚拟机: VM_20250728_201229_1, 状态: stopped
2025-07-28 20:59:17,898 [DEBUG] api_vm_list:858 - 找到虚拟机: VM_20250728_201231_2, 状态: stopped
2025-07-28 20:59:17,900 [DEBUG] api_vm_list:858 - 找到虚拟机: VM_20250728_201233_3, 状态: stopped
2025-07-28 20:59:17,901 [DEBUG] api_vm_list:858 - 找到虚拟机: VM_20250728_201235_4, 状态: stopped
2025-07-28 20:59:17,901 [DEBUG] api_vm_list:858 - 找到虚拟机: VM_20250728_201236_5, 状态: stopped
2025-07-28 20:59:17,902 [DEBUG] api_vm_list:858 - 找到虚拟机: VM_20250728_201238_6, 状态: stopped
2025-07-28 20:59:17,903 [DEBUG] api_vm_list:858 - 找到虚拟机: VM_20250728_201240_7, 状态: stopped
2025-07-28 20:59:17,903 [DEBUG] api_vm_list:858 - 找到虚拟机: VM_20250728_201242_8, 状态: stopped
2025-07-28 20:59:17,903 [DEBUG] api_vm_list:858 - 找到虚拟机: VM_20250728_201243_9, 状态: stopped
2025-07-28 20:59:17,903 [DEBUG] api_vm_list:858 - 找到虚拟机: VM_20250728_201245_10, 状态: stopped
2025-07-28 20:59:17,904 [DEBUG] api_vm_list:858 - 找到虚拟机: VM_20250728_201247_11, 状态: stopped
2025-07-28 20:59:17,904 [DEBUG] api_vm_list:858 - 找到虚拟机: VM_20250728_201249_12, 状态: stopped
2025-07-28 20:59:17,904 [DEBUG] api_vm_list:858 - 找到虚拟机: VM_20250728_201416_1, 状态: stopped
2025-07-28 20:59:17,905 [DEBUG] api_vm_list:858 - 找到虚拟机: VM_20250728_201418_2, 状态: stopped
2025-07-28 20:59:17,906 [DEBUG] api_vm_list:858 - 找到虚拟机: VM_20250728_201420_3, 状态: stopped
2025-07-28 20:59:17,907 [DEBUG] api_vm_list:858 - 找到虚拟机: VM_20250728_201422_4, 状态: stopped
2025-07-28 20:59:17,907 [DEBUG] api_vm_list:858 - 找到虚拟机: VM_20250728_201424_5, 状态: stopped
2025-07-28 20:59:17,908 [DEBUG] api_vm_list:858 - 找到虚拟机: VM_20250728_201425_6, 状态: stopped
2025-07-28 20:59:17,909 [DEBUG] api_vm_list:858 - 找到虚拟机: VM_20250728_201427_7, 状态: stopped
2025-07-28 20:59:17,909 [DEBUG] api_vm_list:858 - 找到虚拟机: VM_20250728_201429_8, 状态: stopped
2025-07-28 20:59:17,909 [DEBUG] api_vm_list:858 - 找到虚拟机: VM_20250728_201431_9, 状态: stopped
2025-07-28 20:59:17,910 [DEBUG] api_vm_list:858 - 找到虚拟机: VM_20250728_201432_10, 状态: stopped
2025-07-28 20:59:17,910 [DEBUG] api_vm_list:858 - 找到虚拟机: VM_20250728_201434_11, 状态: stopped
2025-07-28 20:59:17,910 [DEBUG] api_vm_list:858 - 找到虚拟机: VM_20250728_201436_12, 状态: stopped
2025-07-28 20:59:17,911 [DEBUG] api_vm_list:858 - 找到虚拟机: VM_20250728_204825_1, 状态: stopped
2025-07-28 20:59:17,911 [DEBUG] api_vm_list:858 - 找到虚拟机: VM_20250728_204827_2, 状态: stopped
2025-07-28 20:59:17,911 [DEBUG] api_vm_list:858 - 找到虚拟机: VM_20250728_204829_3, 状态: stopped
2025-07-28 20:59:17,912 [DEBUG] api_vm_list:858 - 找到虚拟机: VM_20250728_204831_4, 状态: stopped
2025-07-28 20:59:17,912 [DEBUG] api_vm_list:858 - 找到虚拟机: VM_20250728_204833_5, 状态: stopped
2025-07-28 20:59:17,912 [DEBUG] api_vm_list:858 - 找到虚拟机: VM_20250728_204834_6, 状态: stopped
2025-07-28 20:59:17,912 [DEBUG] api_vm_list:858 - 找到虚拟机: VM_20250728_204836_7, 状态: stopped
2025-07-28 20:59:17,913 [DEBUG] api_vm_list:858 - 找到虚拟机: VM_20250728_204838_8, 状态: stopped
2025-07-28 20:59:17,913 [DEBUG] api_vm_list:858 - 找到虚拟机: VM_20250728_204840_9, 状态: stopped
2025-07-28 20:59:17,913 [DEBUG] api_vm_list:858 - 找到虚拟机: VM_20250728_204842_10, 状态: stopped
2025-07-28 20:59:17,913 [DEBUG] api_vm_list:858 - 找到虚拟机: VM_20250728_204844_11, 状态: stopped
2025-07-28 20:59:17,913 [DEBUG] api_vm_list:858 - 找到虚拟机: VM_20250728_204908_1, 状态: stopped
2025-07-28 20:59:17,914 [DEBUG] api_vm_list:858 - 找到虚拟机: VM_20250728_204910_2, 状态: stopped
2025-07-28 20:59:17,914 [DEBUG] api_vm_list:858 - 找到虚拟机: VM_20250728_204912_3, 状态: stopped
2025-07-28 20:59:17,915 [INFO] api_vm_list:889 - 虚拟机列表获取完成 - 总数: 77, 运行中: 1, 已停止: 76
2025-07-28 20:59:17,917 [INFO] _log:97 - 127.0.0.1 - - [28/Jul/2025 20:59:17] "GET /api/vm_list?page=1&page_size=10 HTTP/1.1" 200 -
2025-07-28 20:59:17,923 [DEBUG] get_vm_ip:1213 - 开始获取虚拟机 VM_20250728_184035_7 的IP地址
2025-07-28 20:59:17,928 [DEBUG] get_vm_ip:1218 - 找到虚拟机文件: D:\macos_vm\NewVM\10.12\VM_20250728_184035_7\VM_20250728_184035_7.vmx
2025-07-28 20:59:17,929 [DEBUG] get_vm_ip:1227 - 执行vmrun命令: ['C:\\Program Files (x86)\\VMware\\VMware Workstation\\vmrun.exe', 'getGuestIPAddress', 'D:\\macos_vm\\NewVM\\10.12\\VM_20250728_184035_7\\VM_20250728_184035_7.vmx', '-wait']
2025-07-28 20:59:18,406 [DEBUG] get_vm_ip:1231 - vmrun返回IP: 192.168.119.215
2025-07-28 20:59:18,406 [INFO] get_vm_ip:1233 - 通过vmrun成功获取IP: 192.168.119.215
2025-07-28 20:59:18,418 [INFO] _log:97 - 127.0.0.1 - - [28/Jul/2025 20:59:18] "GET /api/vm_details/VM_20250728_184035_7 HTTP/1.1" 200 -
2025-07-28 20:59:20,305 [INFO] api_ssh_trust:1501 - 收到SSH互信设置API请求
2025-07-28 20:59:20,305 [DEBUG] api_ssh_trust:1508 - SSH互信参数 - 虚拟机: VM_20250728_184035_7, 用户: wx
2025-07-28 20:59:20,305 [INFO] api_ssh_trust:1514 - 开始为虚拟机 VM_20250728_184035_7 设置SSH互信
2025-07-28 20:59:20,306 [DEBUG] get_vm_ip:1213 - 开始获取虚拟机 VM_20250728_184035_7 的IP地址
2025-07-28 20:59:20,310 [DEBUG] get_vm_ip:1218 - 找到虚拟机文件: D:\macos_vm\NewVM\10.12\VM_20250728_184035_7\VM_20250728_184035_7.vmx
2025-07-28 20:59:20,310 [DEBUG] get_vm_ip:1227 - 执行vmrun命令: ['C:\\Program Files (x86)\\VMware\\VMware Workstation\\vmrun.exe', 'getGuestIPAddress', 'D:\\macos_vm\\NewVM\\10.12\\VM_20250728_184035_7\\VM_20250728_184035_7.vmx', '-wait']
2025-07-28 20:59:20,855 [DEBUG] get_vm_ip:1231 - vmrun返回IP: 192.168.119.215
2025-07-28 20:59:20,856 [INFO] get_vm_ip:1233 - 通过vmrun成功获取IP: 192.168.119.215
2025-07-28 20:59:20,856 [DEBUG] api_ssh_trust:1522 - 虚拟机IP: 192.168.119.215
2025-07-28 20:59:20,856 [DEBUG] check_ip_connectivity:1358 - 开始检查IP连通性: 192.168.119.215
2025-07-28 20:59:20,857 [DEBUG] check_ip_connectivity:1362 - 执行ping命令: ['ping', '-n', '1', '-w', '3000', '192.168.119.215']
2025-07-28 20:59:20,872 [DEBUG] check_ip_connectivity:1379 - IP 192.168.119.215 连通性检查成功，响应时间: Nonems
2025-07-28 20:59:20,873 [DEBUG] api_ssh_trust:1530 - IP连通性检查通过
2025-07-28 20:59:20,873 [INFO] setup_ssh_trust:1548 - 开始设置SSH互信 - IP: 192.168.119.215, 用户: wx
2025-07-28 20:59:20,874 [DEBUG] setup_ssh_trust:1580 - 读取公钥成功
2025-07-28 20:59:20,874 [ERROR] setup_ssh_trust:1624 - paramiko库未安装
2025-07-28 20:59:20,875 [ERROR] api_ssh_trust:1539 - SSH互信设置失败: 需要安装paramiko库: pip install paramiko
2025-07-28 20:59:20,875 [INFO] _log:97 - 127.0.0.1 - - [28/Jul/2025 20:59:20] "POST /api/ssh_trust HTTP/1.1" 200 -
2025-07-28 20:59:56,836 [INFO] _log:97 -  * Detected change in 'D:\\macos_vm\\web\\app.py', reloading
